--------------------------------------------------
o")~   Snort++ 3.10.2.0
--------------------------------------------------
Loading /home/cloudstack/raphael/snort3/etc/snort/snort.lua:
Loading snort_defaults.lua:
Finished snort_defaults.lua:
	active
	alerts
	daq
	decode
	host_cache
	host_tracker
	hosts
	network
	process
	search_engine
	trace
	stream_ip
	js_norm
	appid
	output
	ips
	classifications
	references
	binder
	wizard
	http2_inspect
	http_inspect
	ftp_data
	ftp_client
	ftp_server
	smtp
	port_scan
	gtp_inspect
	dce_http_server
	dce_http_proxy
	dce_udp
	dce_tcp
	dce_smb
	s7commplus
	opcua
	modbus
	mms
	iec104
	dnp3
	cip
	telnet
	ssl
	ssh
	sip
	rpc_decode
	pop
	normalizer
	netflow
	imap
	dns
	back_orifice
	arp_spoof
	stream_file
	stream_user
	stream_udp
	stream_icmp
	stream
	so_proxy
	packets
Finished /home/cloudstack/raphael/snort3/etc/snort/snort.lua:
Loading rule args:
Loading /home/cloudstack/raphael/snort3/rules/oi.rules:
Finished /home/cloudstack/raphael/snort3/rules/oi.rules:
Finished rule args:
--------------------------------------------------
pcre counts
               pcre_rules: 2
              pcre_native: 2
--------------------------------------------------
ips policies rule stats
              id  loaded  shared enabled    file
               0     186       0     186    /home/cloudstack/raphael/snort3/etc/snort/snort.lua
--------------------------------------------------
rule counts
       total rules loaded: 186
               text rules: 186
            option chains: 186
            chain headers: 72
                 flowbits: 5
     flowbits not checked: 1
         flowbits not set: 2
--------------------------------------------------
port rule counts
             tcp     udp    icmp      ip
     any      19      12      12      12
     src       5       2       0       0
     dst      40      18       0       0
    both       0       3       0       0
   total      64      35      12      12
--------------------------------------------------
service rule counts          to-srv  to-cli
                   dcerpc:       70      12
                     dnp3:        0       6
                      dns:        4       2
                   gopher:        0       1
                     http:        1       0
                    http2:        1       0
                    http3:        1       0
                     imap:        1       0
                   modbus:       21       0
                    mysql:        0       1
              netbios-dgm:        2       2
              netbios-ssn:       40       5
                      sip:        2       0
                     snmp:        8       3
                      ssl:        2       0
                   syslog:        1       0
                     tftp:        1       0
                    total:      155      32
--------------------------------------------------
fast pattern groups
                      dst: 2
                to_server: 3
                to_client: 3
--------------------------------------------------
search engine (ac_bnfa)
                instances: 7
                 patterns: 167
            pattern chars: 1390
               num states: 919
         num match states: 62
             memory scale: KB
             total memory: 38.6475
           pattern memory: 7.87402
        match list memory: 12.3984
        transition memory: 17.5
        fast pattern only: 2
appid: MaxRss diff: 3328
appid: patterns loaded: 300
--------------------------------------------------
afpacket DAQ configured to passive.
Commencing packet processing
Retry queue interval is: 200 ms
Retry queue interval is: 200 ms
Retry queue interval is: 200 ms
Retry queue interval is: 200 ms
++ [0] enp3s0
++ [1] enp3s0
++ [2] enp3s0
++ [3] enp3s0
** caught int signal
== stopping
-- [2] enp3s0
-- [1] enp3s0
-- [0] enp3s0
-- [3] enp3s0
--------------------------------------------------
Packet Statistics
--------------------------------------------------
daq
                 received: 11655604
                 analyzed: 11655602
                  dropped: 2987780
                    allow: 11655602
                     idle: 248
                 rx_bytes: 15625541449
--------------------------------------------------
codec
                    total: 11655602    	(100.000%)
                      arp: 26          	(  0.000%)
                      eth: 11655602    	(100.000%)
                    icmp4: 44          	(  0.000%)
                 icmp4_ip: 44          	(  0.000%)
                     ipv4: 11655576    	(100.000%)
                      tcp: 11655426    	( 99.998%)
                      udp: 106         	(  0.001%)
--------------------------------------------------
Module Statistics
--------------------------------------------------
ac_bnfa
                 searches: 11655423
                  matches: 15540906
                    bytes: 14996133629
--------------------------------------------------
ac_full
                 searches: 55
                  matches: 152
                    bytes: 2217
--------------------------------------------------
appid
                  packets: 11655576
        processed_packets: 150
          ignored_packets: 11655426
           total_sessions: 59
       service_cache_adds: 12
             bytes_in_use: 2016
             items_in_use: 12
--------------------------------------------------
arp_spoof
                  packets: 26
--------------------------------------------------
back_orifice
                  packets: 106
--------------------------------------------------
binder
              raw_packets: 11655452
                new_flows: 59
                 inspects: 11655511
--------------------------------------------------
detection
                 analyzed: 11655602
               hard_evals: 23311848
             raw_searches: 11655423
             pkt_searches: 11655423
                   alerts: 15531162
             total_alerts: 15531162
                   logged: 15531162
--------------------------------------------------
dns
                  packets: 102
                 requests: 102
             dns_over_udp: 102
--------------------------------------------------
ips_actions
                    alert: 15531162
--------------------------------------------------
port_scan
                  packets: 11655576
                 trackers: 233
--------------------------------------------------
search_engine
               max_queued: 2
            total_flushed: 15540906
            total_inserts: 15540906
             total_unique: 15540906
     non_qualified_events: 23321592
         qualified_events: 15531162
--------------------------------------------------
stream
                    flows: 59
 no_flow_no_proto_handler: 11655426
--------------------------------------------------
stream_icmp
                 sessions: 8
                      max: 2
                  created: 8
                 released: 8
--------------------------------------------------
stream_udp
                 sessions: 51
                      max: 16
                  created: 51
                 released: 51
              total_bytes: 4170
--------------------------------------------------
wizard
                udp_scans: 4
               udp_misses: 4
--------------------------------------------------
Appid Statistics
--------------------------------------------------
detected apps and services
              Application: Services   Clients    Users      Payloads   Misc       Referred  
                  unknown: 8          47         0          0          0          0         
--------------------------------------------------
Summary Statistics
--------------------------------------------------
process
                  signals: 1
--------------------------------------------------
timing
                  runtime: 00:01:27
                  seconds: 87.093815
                 pkts/sec: 133828
                Mbits/sec: 1435
o")~   Snort exiting
