--------------------------------------------------
o")~   Snort++ 3.10.2.0
--------------------------------------------------
Loading /home/cloudstack/raphael/snort3/etc/snort/snort.lua:
Loading snort_defaults.lua:
Finished snort_defaults.lua:
	trace
	references
	classifications
	output
	binder
	wizard
	appid
	js_norm
	http2_inspect
	http_inspect
	ftp_data
	ftp_client
	ftp_server
	smtp
	port_scan
	gtp_inspect
	ips
	host_cache
	dnp3
	sip
	dns
	back_orifice
	arp_spoof
	stream_file
	stream_udp
	stream_ip
	so_proxy
	active
	alerts
	daq
	decode
	host_tracker
	hosts
	network
	packets
	process
	search_engine
	stream
	stream_icmp
	stream_user
	imap
	netflow
	normalizer
	pop
	rpc_decode
	ssh
	ssl
	telnet
	cip
	iec104
	mms
	modbus
	opcua
	s7commplus
	dce_smb
	dce_tcp
	dce_udp
	dce_http_proxy
	dce_http_server
Finished /home/cloudstack/raphael/snort3/etc/snort/snort.lua:
Loading rule args:
Loading /home/cloudstack/raphael/snort3/rules/oi.rules:
Finished /home/cloudstack/raphael/snort3/rules/oi.rules:
Finished rule args:
--------------------------------------------------
pcre counts
               pcre_rules: 2
              pcre_native: 2
--------------------------------------------------
ips policies rule stats
              id  loaded  shared enabled    file
               0     186       0     186    /home/cloudstack/raphael/snort3/etc/snort/snort.lua
--------------------------------------------------
rule counts
       total rules loaded: 186
               text rules: 186
            option chains: 186
            chain headers: 72
                 flowbits: 5
     flowbits not checked: 1
         flowbits not set: 2
--------------------------------------------------
port rule counts
             tcp     udp    icmp      ip
     any      19      12      12      12
     src       5       2       0       0
     dst      40      18       0       0
    both       0       3       0       0
   total      64      35      12      12
--------------------------------------------------
service rule counts          to-srv  to-cli
                   dcerpc:       70      12
                     dnp3:        0       6
                      dns:        4       2
                   gopher:        0       1
                     http:        1       0
                    http2:        1       0
                    http3:        1       0
                     imap:        1       0
                   modbus:       21       0
                    mysql:        0       1
              netbios-dgm:        2       2
              netbios-ssn:       40       5
                      sip:        2       0
                     snmp:        8       3
                      ssl:        2       0
                   syslog:        1       0
                     tftp:        1       0
                    total:      155      32
--------------------------------------------------
fast pattern groups
                      dst: 2
                to_server: 3
                to_client: 3
--------------------------------------------------
search engine (ac_bnfa)
                instances: 7
                 patterns: 167
            pattern chars: 1390
               num states: 919
         num match states: 62
             memory scale: KB
             total memory: 38.6475
           pattern memory: 7.87402
        match list memory: 12.3984
        transition memory: 17.5
        fast pattern only: 2
appid: MaxRss diff: 3584
appid: patterns loaded: 300
--------------------------------------------------
afpacket DAQ configured to passive.
Commencing packet processing
Retry queue interval is: 200 ms
Retry queue interval is: 200 ms
Retry queue interval is: 200 ms
Retry queue interval is: 200 ms
Retry queue interval is: 200 ms
Retry queue interval is: 200 ms
Retry queue interval is: 200 ms
++ [0] enp3s0
++ [1] enp3s0
++ [2] enp3s0
++ [3] enp3s0
++ [4] enp3s0
++ [5] enp3s0
++ [6] enp3s0
** caught int signal
== stopping
-- [3] enp3s0
-- [0] enp3s0
-- [5] enp3s0
-- [2] enp3s0
-- [4] enp3s0
-- [1] enp3s0
-- [6] enp3s0
--------------------------------------------------
Packet Statistics
--------------------------------------------------
daq
                 received: 14602442
                 analyzed: 14602438
                  dropped: 40940
                    allow: 14602438
                     idle: 459
                 rx_bytes: 19576289122
--------------------------------------------------
codec
                    total: 14602438    	(100.000%)
                      arp: 30          	(  0.000%)
                      eth: 14602438    	(100.000%)
                    icmp4: 42          	(  0.000%)
                 icmp4_ip: 40          	(  0.000%)
                     ipv4: 14602408    	(100.000%)
                      tcp: 14602264    	( 99.999%)
                      udp: 102         	(  0.001%)
--------------------------------------------------
Module Statistics
--------------------------------------------------
ac_bnfa
                 searches: 14602261
                  matches: 19469650
                    bytes: 18787752446
--------------------------------------------------
ac_full
                 searches: 46
                    bytes: 1794
--------------------------------------------------
appid
                  packets: 14602408
        processed_packets: 144
          ignored_packets: 14602264
           total_sessions: 57
       service_cache_adds: 14
             bytes_in_use: 2352
             items_in_use: 14
--------------------------------------------------
arp_spoof
                  packets: 30
--------------------------------------------------
back_orifice
                  packets: 102
--------------------------------------------------
binder
              raw_packets: 14602294
                new_flows: 57
                 inspects: 14602351
--------------------------------------------------
detection
                 analyzed: 14602438
               hard_evals: 29205774
             raw_searches: 14602261
             pkt_searches: 14602261
                   alerts: 19459906
             total_alerts: 19459906
                   logged: 19459906
--------------------------------------------------
dns
                  packets: 102
                 requests: 102
             dns_over_udp: 102
--------------------------------------------------
ips_actions
                    alert: 19459906
--------------------------------------------------
port_scan
                  packets: 14602408
                 trackers: 389
--------------------------------------------------
search_engine
               max_queued: 2
            total_flushed: 19469650
            total_inserts: 19469650
             total_unique: 19469650
     non_qualified_events: 29215518
         qualified_events: 19459906
--------------------------------------------------
stream
                    flows: 57
 no_flow_no_proto_handler: 14602264
--------------------------------------------------
stream_icmp
                 sessions: 11
                      max: 2
                  created: 11
                 released: 11
--------------------------------------------------
stream_udp
                 sessions: 46
                      max: 9
                  created: 46
                 released: 46
              total_bytes: 3978
--------------------------------------------------
Appid Statistics
--------------------------------------------------
detected apps and services
              Application: Services   Clients    Users      Payloads   Misc       Referred  
                  unknown: 11         46         0          0          0          0         
--------------------------------------------------
Summary Statistics
--------------------------------------------------
process
                  signals: 1
--------------------------------------------------
timing
                  runtime: 00:01:26
                  seconds: 86.950780
                 pkts/sec: 167939
                Mbits/sec: 1801
o")~   Snort exiting
