--------------------------------------------------
o")~   Snort++ 3.10.2.0
--------------------------------------------------
Loading /home/cloudstack/raphael/snort3/etc/snort/snort.lua:
Loading snort_defaults.lua:
Finished snort_defaults.lua:
	back_orifice
	dns
	imap
	netflow
	normalizer
	pop
	rpc_decode
	sip
	ssh
	telnet
	dnp3
	mms
	opcua
	output
	dce_tcp
	dce_udp
	dce_http_server
	gtp_inspect
	port_scan
	smtp
	ftp_server
	ftp_client
	ftp_data
	http_inspect
	http2_inspect
	js_norm
	appid
	wizard
	binder
	trace
	dce_http_proxy
	references
	dce_smb
	s7commplus
	modbus
	iec104
	cip
	ssl
	ips
	classifications
	active
	alerts
	daq
	decode
	host_cache
	host_tracker
	hosts
	network
	packets
	search_engine
	so_proxy
	process
	stream
	stream_ip
	stream_icmp
	stream_udp
	stream_user
	stream_file
	arp_spoof
Finished /home/cloudstack/raphael/snort3/etc/snort/snort.lua:
Loading rule args:
Loading /home/cloudstack/raphael/snort3/rules/oi.rules:
Finished /home/cloudstack/raphael/snort3/rules/oi.rules:
Finished rule args:
--------------------------------------------------
pcre counts
               pcre_rules: 2
              pcre_native: 2
--------------------------------------------------
ips policies rule stats
              id  loaded  shared enabled    file
               0     186       0     186    /home/cloudstack/raphael/snort3/etc/snort/snort.lua
--------------------------------------------------
rule counts
       total rules loaded: 186
               text rules: 186
            option chains: 186
            chain headers: 72
                 flowbits: 5
     flowbits not checked: 1
         flowbits not set: 2
--------------------------------------------------
port rule counts
             tcp     udp    icmp      ip
     any      19      12      12      12
     src       5       2       0       0
     dst      40      18       0       0
    both       0       3       0       0
   total      64      35      12      12
--------------------------------------------------
service rule counts          to-srv  to-cli
                   dcerpc:       70      12
                     dnp3:        0       6
                      dns:        4       2
                   gopher:        0       1
                     http:        1       0
                    http2:        1       0
                    http3:        1       0
                     imap:        1       0
                   modbus:       21       0
                    mysql:        0       1
              netbios-dgm:        2       2
              netbios-ssn:       40       5
                      sip:        2       0
                     snmp:        8       3
                      ssl:        2       0
                   syslog:        1       0
                     tftp:        1       0
                    total:      155      32
--------------------------------------------------
fast pattern groups
                      dst: 2
                to_server: 3
                to_client: 3
--------------------------------------------------
search engine (ac_bnfa)
                instances: 7
                 patterns: 167
            pattern chars: 1390
               num states: 919
         num match states: 62
             memory scale: KB
             total memory: 38.6475
           pattern memory: 7.87402
        match list memory: 12.3984
        transition memory: 17.5
        fast pattern only: 2
appid: MaxRss diff: 2816
appid: patterns loaded: 300
--------------------------------------------------
afpacket DAQ configured to passive.
Commencing packet processing
Retry queue interval is: 200 ms
++ [0] enp3s0
** caught int signal
== stopping
-- [0] enp3s0
--------------------------------------------------
Packet Statistics
--------------------------------------------------
daq
                 received: 3284299
                 analyzed: 3284299
                  dropped: 11359117
                    allow: 3284299
                     idle: 45
                 rx_bytes: 4403582392
--------------------------------------------------
codec
                    total: 3284299     	(100.000%)
                      arp: 28          	(  0.001%)
                      eth: 3284299     	(100.000%)
                    icmp4: 46          	(  0.001%)
                 icmp4_ip: 36          	(  0.001%)
                     ipv4: 3284271     	( 99.999%)
                      tcp: 3284118     	( 99.994%)
                      udp: 107         	(  0.003%)
--------------------------------------------------
Module Statistics
--------------------------------------------------
ac_bnfa
                 searches: 3284115
                  matches: 4380434
                    bytes: 4226224823
--------------------------------------------------
ac_full
                 searches: 74
                  matches: 610
                    bytes: 3174
--------------------------------------------------
appid
                  packets: 3284271
        processed_packets: 153
          ignored_packets: 3284118
           total_sessions: 61
       service_cache_adds: 14
             bytes_in_use: 2352
             items_in_use: 14
--------------------------------------------------
arp_spoof
                  packets: 28
--------------------------------------------------
back_orifice
                  packets: 107
--------------------------------------------------
binder
              raw_packets: 3284146
                new_flows: 61
                 inspects: 3284207
--------------------------------------------------
detection
                 analyzed: 3284299
               hard_evals: 6568693
             raw_searches: 3284115
             pkt_searches: 3284115
                   alerts: 4370690
             total_alerts: 4370690
                   logged: 4370690
--------------------------------------------------
dns
                  packets: 91
                 requests: 91
             dns_over_udp: 91
--------------------------------------------------
ips_actions
                    alert: 4370690
--------------------------------------------------
port_scan
                  packets: 3284271
                 trackers: 74
--------------------------------------------------
search_engine
               max_queued: 2
            total_flushed: 4380434
            total_inserts: 4380434
             total_unique: 4380434
     non_qualified_events: 6578437
         qualified_events: 4370690
--------------------------------------------------
stream
                    flows: 61
 no_flow_no_proto_handler: 3284118
--------------------------------------------------
stream_icmp
                 sessions: 3
                      max: 3
                  created: 3
                 released: 3
--------------------------------------------------
stream_udp
                 sessions: 58
                      max: 58
                  created: 58
                 released: 58
              total_bytes: 4317
--------------------------------------------------
wizard
                udp_scans: 16
               udp_misses: 16
--------------------------------------------------
Appid Statistics
--------------------------------------------------
detected apps and services
              Application: Services   Clients    Users      Payloads   Misc       Referred  
                  unknown: 3          42         0          0          0          0         
--------------------------------------------------
Summary Statistics
--------------------------------------------------
process
                  signals: 1
--------------------------------------------------
timing
                  runtime: 00:01:27
                  seconds: 87.010839
                 pkts/sec: 37746
                Mbits/sec: 405
o")~   Snort exiting
