--------------------------------------------------
o")~   Snort++ 3.10.2.0
--------------------------------------------------
Loading /home/cloudstack/raphael/snort3/etc/snort/snort.lua:
Loading snort_defaults.lua:
Finished snort_defaults.lua:
	active
	alerts
	daq
	decode
	host_cache
	host_tracker
	hosts
	network
	packets
	process
	search_engine
	so_proxy
	stream
	trace
	back_orifice
	imap
	appid
	ips
	wizard
	binder
	references
	classifications
	output
	js_norm
	http2_inspect
	http_inspect
	ftp_data
	ftp_client
	ftp_server
	smtp
	port_scan
	gtp_inspect
	dce_http_server
	dce_http_proxy
	dce_udp
	dce_tcp
	dce_smb
	s7commplus
	opcua
	modbus
	mms
	iec104
	dnp3
	cip
	telnet
	ssl
	ssh
	sip
	rpc_decode
	pop
	normalizer
	netflow
	dns
	arp_spoof
	stream_file
	stream_user
	stream_udp
	stream_icmp
	stream_ip
Finished /home/cloudstack/raphael/snort3/etc/snort/snort.lua:
Loading rule args:
Loading /home/cloudstack/raphael/snort3/rules/oi.rules:
Finished /home/cloudstack/raphael/snort3/rules/oi.rules:
Finished rule args:
--------------------------------------------------
pcre counts
               pcre_rules: 2
              pcre_native: 2
--------------------------------------------------
ips policies rule stats
              id  loaded  shared enabled    file
               0     186       0     186    /home/cloudstack/raphael/snort3/etc/snort/snort.lua
--------------------------------------------------
rule counts
       total rules loaded: 186
               text rules: 186
            option chains: 186
            chain headers: 72
                 flowbits: 5
     flowbits not checked: 1
         flowbits not set: 2
--------------------------------------------------
port rule counts
             tcp     udp    icmp      ip
     any      19      12      12      12
     src       5       2       0       0
     dst      40      18       0       0
    both       0       3       0       0
   total      64      35      12      12
--------------------------------------------------
service rule counts          to-srv  to-cli
                   dcerpc:       70      12
                     dnp3:        0       6
                      dns:        4       2
                   gopher:        0       1
                     http:        1       0
                    http2:        1       0
                    http3:        1       0
                     imap:        1       0
                   modbus:       21       0
                    mysql:        0       1
              netbios-dgm:        2       2
              netbios-ssn:       40       5
                      sip:        2       0
                     snmp:        8       3
                      ssl:        2       0
                   syslog:        1       0
                     tftp:        1       0
                    total:      155      32
--------------------------------------------------
fast pattern groups
                      dst: 2
                to_server: 3
                to_client: 3
--------------------------------------------------
search engine (ac_bnfa)
                instances: 7
                 patterns: 167
            pattern chars: 1390
               num states: 919
         num match states: 62
             memory scale: KB
             total memory: 38.6475
           pattern memory: 7.87402
        match list memory: 12.3984
        transition memory: 17.5
        fast pattern only: 2
appid: MaxRss diff: 3328
appid: patterns loaded: 300
--------------------------------------------------
afpacket DAQ configured to passive.
Commencing packet processing
Retry queue interval is: 200 ms
Retry queue interval is: 200 ms
Retry queue interval is: 200 ms
++ [0] enp3s0
++ [1] enp3s0
++ [2] enp3s0
** caught int signal
== stopping
-- [0] enp3s0
-- [1] enp3s0
-- [2] enp3s0
--------------------------------------------------
Packet Statistics
--------------------------------------------------
daq
                 received: 8803766
                 analyzed: 8803766
                  dropped: 5839646
                    allow: 8803766
                     idle: 184
                 rx_bytes: 11802306519
--------------------------------------------------
codec
                    total: 8803766     	(100.000%)
                      arp: 36          	(  0.000%)
                      eth: 8803766     	(100.000%)
                    icmp4: 48          	(  0.001%)
                 icmp4_ip: 42          	(  0.000%)
                     ipv4: 8803730     	(100.000%)
                      tcp: 8803575     	( 99.998%)
                      udp: 107         	(  0.001%)
--------------------------------------------------
Module Statistics
--------------------------------------------------
ac_bnfa
                 searches: 8803572
                  matches: 11738149
                    bytes: 11326897710
--------------------------------------------------
ac_full
                 searches: 49
                    bytes: 1911
--------------------------------------------------
appid
                  packets: 8803730
        processed_packets: 155
          ignored_packets: 8803575
           total_sessions: 56
       service_cache_adds: 6
             bytes_in_use: 1008
             items_in_use: 6
--------------------------------------------------
arp_spoof
                  packets: 36
--------------------------------------------------
back_orifice
                  packets: 107
--------------------------------------------------
binder
              raw_packets: 8803611
                new_flows: 56
                 inspects: 8803667
--------------------------------------------------
detection
                 analyzed: 8803766
               hard_evals: 17607994
             raw_searches: 8803572
             pkt_searches: 8803572
                   alerts: 11728405
             total_alerts: 11728405
                   logged: 11728405
--------------------------------------------------
dns
                  packets: 107
                 requests: 107
             dns_over_udp: 107
--------------------------------------------------
ips_actions
                    alert: 11728405
--------------------------------------------------
port_scan
                  packets: 8803730
                 trackers: 172
--------------------------------------------------
search_engine
               max_queued: 2
            total_flushed: 11738149
            total_inserts: 11738149
             total_unique: 11738149
     non_qualified_events: 17617738
         qualified_events: 11728405
--------------------------------------------------
stream
                    flows: 56
 no_flow_no_proto_handler: 8803575
--------------------------------------------------
stream_icmp
                 sessions: 7
                      max: 3
                  created: 7
                 released: 7
--------------------------------------------------
stream_udp
                 sessions: 49
                      max: 21
                  created: 49
                 released: 49
              total_bytes: 4173
--------------------------------------------------
Appid Statistics
--------------------------------------------------
detected apps and services
              Application: Services   Clients    Users      Payloads   Misc       Referred  
                  unknown: 7          49         0          0          0          0         
--------------------------------------------------
Summary Statistics
--------------------------------------------------
process
                  signals: 1
--------------------------------------------------
timing
                  runtime: 00:01:26
                  seconds: 86.940267
                 pkts/sec: 101262
                Mbits/sec: 1086
o")~   Snort exiting
