--------------------------------------------------
o")~   Snort++ 3.10.2.0
--------------------------------------------------
Loading /home/cloudstack/raphael/snort3/etc/snort/snort.lua:
Loading snort_defaults.lua:
Finished snort_defaults.lua:
	hosts
	network
	packets
	process
	search_engine
	so_proxy
	dns
	imap
	normalizer
	pop
	sip
	ssl
	mms
	modbus
	opcua
	s7commplus
	dce_smb
	dce_http_proxy
	dce_http_server
	gtp_inspect
	port_scan
	smtp
	ips
	classifications
	references
	binder
	wizard
	appid
	js_norm
	http2_inspect
	http_inspect
	ftp_data
	ftp_client
	ftp_server
	dce_udp
	dce_tcp
	iec104
	dnp3
	cip
	telnet
	ssh
	rpc_decode
	netflow
	back_orifice
	arp_spoof
	stream_file
	stream_user
	stream_udp
	stream_icmp
	stream_ip
	stream
	output
	trace
	active
	alerts
	daq
	decode
	host_cache
	host_tracker
Finished /home/cloudstack/raphael/snort3/etc/snort/snort.lua:
Loading rule args:
Loading /home/cloudstack/raphael/snort3/rules/oi.rules:
Finished /home/cloudstack/raphael/snort3/rules/oi.rules:
Finished rule args:
--------------------------------------------------
pcre counts
               pcre_rules: 2
              pcre_native: 2
--------------------------------------------------
ips policies rule stats
              id  loaded  shared enabled    file
               0     186       0     186    /home/cloudstack/raphael/snort3/etc/snort/snort.lua
--------------------------------------------------
rule counts
       total rules loaded: 186
               text rules: 186
            option chains: 186
            chain headers: 72
                 flowbits: 5
     flowbits not checked: 1
         flowbits not set: 2
--------------------------------------------------
port rule counts
             tcp     udp    icmp      ip
     any      19      12      12      12
     src       5       2       0       0
     dst      40      18       0       0
    both       0       3       0       0
   total      64      35      12      12
--------------------------------------------------
service rule counts          to-srv  to-cli
                   dcerpc:       70      12
                     dnp3:        0       6
                      dns:        4       2
                   gopher:        0       1
                     http:        1       0
                    http2:        1       0
                    http3:        1       0
                     imap:        1       0
                   modbus:       21       0
                    mysql:        0       1
              netbios-dgm:        2       2
              netbios-ssn:       40       5
                      sip:        2       0
                     snmp:        8       3
                      ssl:        2       0
                   syslog:        1       0
                     tftp:        1       0
                    total:      155      32
--------------------------------------------------
fast pattern groups
                      dst: 2
                to_server: 3
                to_client: 3
--------------------------------------------------
search engine (ac_bnfa)
                instances: 7
                 patterns: 167
            pattern chars: 1390
               num states: 919
         num match states: 62
             memory scale: KB
             total memory: 38.6475
           pattern memory: 7.87402
        match list memory: 12.3984
        transition memory: 17.5
        fast pattern only: 2
appid: MaxRss diff: 3584
appid: patterns loaded: 300
--------------------------------------------------
afpacket DAQ configured to passive.
Commencing packet processing
Retry queue interval is: 200 ms
Retry queue interval is: 200 ms
Retry queue interval is: 200 ms
Retry queue interval is: 200 ms
Retry queue interval is: 200 ms
++ [0] enp3s0
++ [1] enp3s0
++ [2] enp3s0
++ [3] enp3s0
++ [4] enp3s0
** caught int signal
== stopping
-- [3] enp3s0
-- [4] enp3s0
-- [2] enp3s0
-- [0] enp3s0
-- [1] enp3s0
--------------------------------------------------
Packet Statistics
--------------------------------------------------
daq
                 received: 13848604
                 analyzed: 13848604
                  dropped: 794794
                    allow: 13848604
                     idle: 316
                 rx_bytes: 18565786921
--------------------------------------------------
codec
                    total: 13848604    	(100.000%)
                      arp: 30          	(  0.000%)
                      eth: 13848604    	(100.000%)
                    icmp4: 48          	(  0.000%)
                 icmp4_ip: 48          	(  0.000%)
                     ipv4: 13848574    	(100.000%)
                      tcp: 13848412    	( 99.999%)
                      udp: 114         	(  0.001%)
--------------------------------------------------
Module Statistics
--------------------------------------------------
ac_bnfa
                 searches: 13848409
                  matches: 18464527
                    bytes: 17817956623
--------------------------------------------------
ac_full
                 searches: 52
                    bytes: 2028
--------------------------------------------------
appid
                  packets: 13848574
        processed_packets: 162
          ignored_packets: 13848412
           total_sessions: 62
       service_cache_adds: 10
             bytes_in_use: 1680
             items_in_use: 10
--------------------------------------------------
arp_spoof
                  packets: 30
--------------------------------------------------
back_orifice
                  packets: 114
--------------------------------------------------
binder
              raw_packets: 13848442
                new_flows: 62
                 inspects: 13848504
--------------------------------------------------
detection
                 analyzed: 13848604
               hard_evals: 27698112
             raw_searches: 13848409
             pkt_searches: 13848409
                   alerts: 18454783
             total_alerts: 18454783
                   logged: 18454783
--------------------------------------------------
dns
                  packets: 114
                 requests: 114
             dns_over_udp: 114
--------------------------------------------------
ips_actions
                    alert: 18454783
--------------------------------------------------
port_scan
                  packets: 13848574
                 trackers: 280
--------------------------------------------------
search_engine
               max_queued: 2
            total_flushed: 18464527
            total_inserts: 18464527
             total_unique: 18464527
     non_qualified_events: 27707856
         qualified_events: 18454783
--------------------------------------------------
stream
                    flows: 62
 no_flow_no_proto_handler: 13848412
--------------------------------------------------
stream_icmp
                 sessions: 10
                      max: 2
                  created: 10
                 released: 10
--------------------------------------------------
stream_udp
                 sessions: 52
                      max: 16
                  created: 52
                 released: 52
              total_bytes: 4446
--------------------------------------------------
Appid Statistics
--------------------------------------------------
detected apps and services
              Application: Services   Clients    Users      Payloads   Misc       Referred  
                  unknown: 10         52         0          0          0          0         
--------------------------------------------------
Summary Statistics
--------------------------------------------------
process
                  signals: 1
--------------------------------------------------
timing
                  runtime: 00:01:26
                  seconds: 86.970409
                 pkts/sec: 159234
                Mbits/sec: 1708
o")~   Snort exiting
