--------------------------------------------------
o")~   Snort++ 3.10.2.0
--------------------------------------------------
Loading /home/cloudstack/raphael/snort3/etc/snort/snort.lua:
Loading snort_defaults.lua:
Finished snort_defaults.lua:
	output
	active
	alerts
	daq
	decode
	host_cache
	host_tracker
	hosts
	network
	packets
	process
	so_proxy
	stream_ip
	stream_icmp
	stream_udp
	stream_file
	back_orifice
	dns
	normalizer
	pop
	sip
	ssh
	ssl
	telnet
	cip
	dnp3
	modbus
	opcua
	s7commplus
	dce_smb
	dce_tcp
	dce_http_proxy
	gtp_inspect
	ftp_server
	ftp_client
	ftp_data
	http_inspect
	http2_inspect
	js_norm
	appid
	wizard
	trace
	ips
	classifications
	references
	binder
	smtp
	port_scan
	dce_http_server
	dce_udp
	mms
	iec104
	rpc_decode
	netflow
	imap
	arp_spoof
	stream_user
	stream
	search_engine
Finished /home/cloudstack/raphael/snort3/etc/snort/snort.lua:
Loading rule args:
Loading /home/cloudstack/raphael/snort3/rules/oi.rules:
Finished /home/cloudstack/raphael/snort3/rules/oi.rules:
Finished rule args:
--------------------------------------------------
pcre counts
               pcre_rules: 2
              pcre_native: 2
--------------------------------------------------
ips policies rule stats
              id  loaded  shared enabled    file
               0     186       0     186    /home/cloudstack/raphael/snort3/etc/snort/snort.lua
--------------------------------------------------
rule counts
       total rules loaded: 186
               text rules: 186
            option chains: 186
            chain headers: 72
                 flowbits: 5
     flowbits not checked: 1
         flowbits not set: 2
--------------------------------------------------
port rule counts
             tcp     udp    icmp      ip
     any      19      12      12      12
     src       5       2       0       0
     dst      40      18       0       0
    both       0       3       0       0
   total      64      35      12      12
--------------------------------------------------
service rule counts          to-srv  to-cli
                   dcerpc:       70      12
                     dnp3:        0       6
                      dns:        4       2
                   gopher:        0       1
                     http:        1       0
                    http2:        1       0
                    http3:        1       0
                     imap:        1       0
                   modbus:       21       0
                    mysql:        0       1
              netbios-dgm:        2       2
              netbios-ssn:       40       5
                      sip:        2       0
                     snmp:        8       3
                      ssl:        2       0
                   syslog:        1       0
                     tftp:        1       0
                    total:      155      32
--------------------------------------------------
fast pattern groups
                      dst: 2
                to_server: 3
                to_client: 3
--------------------------------------------------
search engine (ac_bnfa)
                instances: 7
                 patterns: 167
            pattern chars: 1390
               num states: 919
         num match states: 62
             memory scale: KB
             total memory: 38.6475
           pattern memory: 7.87402
        match list memory: 12.3984
        transition memory: 17.5
        fast pattern only: 2
appid: MaxRss diff: 3200
appid: patterns loaded: 300
--------------------------------------------------
afpacket DAQ configured to passive.
Commencing packet processing
Retry queue interval is: 200 ms
Retry queue interval is: 200 ms
Retry queue interval is: 200 ms
++ [0] enp3s0
++ [1] enp3s0
++ [2] enp3s0
** caught int signal
== stopping
-- [0] enp3s0
-- [1] enp3s0
-- [2] enp3s0
--------------------------------------------------
Packet Statistics
--------------------------------------------------
daq
                 received: 8825555
                 analyzed: 8825555
                  dropped: 5817834
                    allow: 8825555
                     idle: 182
                 rx_bytes: 11831467559
--------------------------------------------------
codec
                    total: 8825555     	(100.000%)
                      arp: 24          	(  0.000%)
                      eth: 8825555     	(100.000%)
                    icmp4: 50          	(  0.001%)
                 icmp4_ip: 40          	(  0.000%)
                    icmp6: 1           	(  0.000%)
                     ipv4: 8825530     	(100.000%)
                     ipv6: 1           	(  0.000%)
                      tcp: 8825384     	( 99.998%)
                      udp: 96          	(  0.001%)
--------------------------------------------------
Module Statistics
--------------------------------------------------
ac_bnfa
                 searches: 8825381
                  matches: 11766851
                    bytes: 11354882359
--------------------------------------------------
ac_full
                 searches: 44
                    bytes: 1716
--------------------------------------------------
appid
                  packets: 8825531
        processed_packets: 147
          ignored_packets: 8825384
           total_sessions: 52
       service_cache_adds: 6
             bytes_in_use: 1008
             items_in_use: 6
--------------------------------------------------
arp_spoof
                  packets: 24
--------------------------------------------------
back_orifice
                  packets: 96
--------------------------------------------------
binder
              raw_packets: 8825408
                new_flows: 52
                 inspects: 8825460
--------------------------------------------------
detection
                 analyzed: 8825555
               hard_evals: 17651598
             raw_searches: 8825381
             pkt_searches: 8825381
                   alerts: 11757107
             total_alerts: 11757107
                   logged: 11757107
--------------------------------------------------
dns
                  packets: 96
                 requests: 96
             dns_over_udp: 96
--------------------------------------------------
ips_actions
                    alert: 11757107
--------------------------------------------------
port_scan
                  packets: 8825531
                 trackers: 176
--------------------------------------------------
search_engine
               max_queued: 2
            total_flushed: 11766851
            total_inserts: 11766851
             total_unique: 11766851
     non_qualified_events: 17661342
         qualified_events: 11757107
--------------------------------------------------
stream
                    flows: 52
 no_flow_no_proto_handler: 8825384
--------------------------------------------------
stream_icmp
                 sessions: 8
                      max: 3
                  created: 8
                 released: 8
--------------------------------------------------
stream_udp
                 sessions: 44
                      max: 20
                  created: 44
                 released: 44
              total_bytes: 3744
--------------------------------------------------
Appid Statistics
--------------------------------------------------
detected apps and services
              Application: Services   Clients    Users      Payloads   Misc       Referred  
                  unknown: 7          44         0          0          0          0         
--------------------------------------------------
Summary Statistics
--------------------------------------------------
process
                  signals: 1
--------------------------------------------------
timing
                  runtime: 00:01:26
                  seconds: 86.945236
                 pkts/sec: 101507
                Mbits/sec: 1089
o")~   Snort exiting
