--------------------------------------------------
o")~   Snort++ 3.10.2.0
--------------------------------------------------
Loading /home/cloudstack/raphael/snort3/etc/snort/snort.lua:
Loading snort_defaults.lua:
Finished snort_defaults.lua:
	decode
	so_proxy
	stream_udp
	stream_user
	stream_file
	arp_spoof
	back_orifice
	dns
	imap
	normalizer
	pop
	rpc_decode
	ssh
	ssl
	telnet
	cip
	dnp3
	iec104
	mms
	modbus
	opcua
	s7commplus
	dce_smb
	dce_http_server
	gtp_inspect
	output
	port_scan
	ftp_server
	ftp_client
	ftp_data
	http_inspect
	http2_inspect
	js_norm
	binder
	classifications
	wizard
	appid
	smtp
	dce_http_proxy
	dce_udp
	dce_tcp
	sip
	netflow
	stream_icmp
	stream_ip
	stream
	ips
	references
	alerts
	active
	daq
	host_cache
	host_tracker
	hosts
	network
	packets
	process
	search_engine
	trace
Finished /home/cloudstack/raphael/snort3/etc/snort/snort.lua:
Loading rule args:
Loading /home/cloudstack/raphael/snort3/rules/oi.rules:
Finished /home/cloudstack/raphael/snort3/rules/oi.rules:
Finished rule args:
--------------------------------------------------
pcre counts
               pcre_rules: 2
              pcre_native: 2
--------------------------------------------------
ips policies rule stats
              id  loaded  shared enabled    file
               0     186       0     186    /home/cloudstack/raphael/snort3/etc/snort/snort.lua
--------------------------------------------------
rule counts
       total rules loaded: 186
               text rules: 186
            option chains: 186
            chain headers: 72
                 flowbits: 5
     flowbits not checked: 1
         flowbits not set: 2
--------------------------------------------------
port rule counts
             tcp     udp    icmp      ip
     any      19      12      12      12
     src       5       2       0       0
     dst      40      18       0       0
    both       0       3       0       0
   total      64      35      12      12
--------------------------------------------------
service rule counts          to-srv  to-cli
                   dcerpc:       70      12
                     dnp3:        0       6
                      dns:        4       2
                   gopher:        0       1
                     http:        1       0
                    http2:        1       0
                    http3:        1       0
                     imap:        1       0
                   modbus:       21       0
                    mysql:        0       1
              netbios-dgm:        2       2
              netbios-ssn:       40       5
                      sip:        2       0
                     snmp:        8       3
                      ssl:        2       0
                   syslog:        1       0
                     tftp:        1       0
                    total:      155      32
--------------------------------------------------
fast pattern groups
                      dst: 2
                to_server: 3
                to_client: 3
--------------------------------------------------
search engine (ac_bnfa)
                instances: 7
                 patterns: 167
            pattern chars: 1390
               num states: 919
         num match states: 62
             memory scale: KB
             total memory: 38.6475
           pattern memory: 7.87402
        match list memory: 12.3984
        transition memory: 17.5
        fast pattern only: 2
appid: MaxRss diff: 3584
appid: patterns loaded: 300
--------------------------------------------------
afpacket DAQ configured to passive.
Commencing packet processing
Retry queue interval is: 200 ms
Retry queue interval is: 200 ms
Retry queue interval is: 200 ms
Retry queue interval is: 200 ms
Retry queue interval is: 200 ms
Retry queue interval is: 200 ms
Retry queue interval is: 200 ms
++ [0] enp3s0
++ [1] enp3s0
++ [2] enp3s0
++ [3] enp3s0
++ [4] enp3s0
++ [5] enp3s0
++ [6] enp3s0
** caught int signal
== stopping
-- [5] enp3s0
-- [2] enp3s0
-- [3] enp3s0
-- [6] enp3s0
-- [1] enp3s0
-- [0] enp3s0
-- [4] enp3s0
--------------------------------------------------
Packet Statistics
--------------------------------------------------
daq
                 received: 14591158
                 analyzed: 14591158
                  dropped: 52246
                    allow: 14591158
                     idle: 453
                 rx_bytes: 19561136428
--------------------------------------------------
codec
                    total: 14591158    	(100.000%)
                      arp: 30          	(  0.000%)
                      eth: 14591158    	(100.000%)
                    icmp4: 46          	(  0.000%)
                 icmp4_ip: 46          	(  0.000%)
                     ipv4: 14591128    	(100.000%)
                      tcp: 14590958    	( 99.999%)
                      udp: 124         	(  0.001%)
--------------------------------------------------
Module Statistics
--------------------------------------------------
ac_bnfa
                 searches: 14590955
                  matches: 19454593
                    bytes: 18773207910
--------------------------------------------------
ac_full
                 searches: 82
                  matches: 612
                    bytes: 3486
--------------------------------------------------
appid
                  packets: 14591128
        processed_packets: 170
          ignored_packets: 14590958
           total_sessions: 77
       service_cache_adds: 29
             bytes_in_use: 4872
             items_in_use: 29
--------------------------------------------------
arp_spoof
                  packets: 30
--------------------------------------------------
back_orifice
                  packets: 124
--------------------------------------------------
binder
              raw_packets: 14590988
                new_flows: 77
                 inspects: 14591065
--------------------------------------------------
detection
                 analyzed: 14591158
               hard_evals: 29183216
             raw_searches: 14590955
             pkt_searches: 14590955
                   alerts: 19444849
             total_alerts: 19444849
                   logged: 19444849
--------------------------------------------------
dns
                  packets: 108
                 requests: 108
             dns_over_udp: 108
--------------------------------------------------
ips_actions
                    alert: 19444849
--------------------------------------------------
port_scan
                  packets: 14591128
                 trackers: 408
--------------------------------------------------
search_engine
               max_queued: 2
            total_flushed: 19454593
            total_inserts: 19454593
             total_unique: 19454593
     non_qualified_events: 29192960
         qualified_events: 19444849
--------------------------------------------------
stream
                    flows: 77
 no_flow_no_proto_handler: 14590958
--------------------------------------------------
stream_icmp
                 sessions: 11
                      max: 2
                  created: 11
                 released: 11
--------------------------------------------------
stream_udp
                 sessions: 66
                      max: 14
                  created: 66
                 released: 66
              total_bytes: 4980
--------------------------------------------------
wizard
                udp_scans: 16
               udp_misses: 16
--------------------------------------------------
Appid Statistics
--------------------------------------------------
detected apps and services
              Application: Services   Clients    Users      Payloads   Misc       Referred  
                  unknown: 11         50         0          0          0          0         
--------------------------------------------------
Summary Statistics
--------------------------------------------------
process
                  signals: 1
--------------------------------------------------
timing
                  runtime: 00:01:26
                  seconds: 86.994715
                 pkts/sec: 167725
                Mbits/sec: 1799
o")~   Snort exiting
