--------------------------------------------------
o")~   Snort++ 3.10.2.0
--------------------------------------------------
Loading /home/cloudstack/raphael/snort3/etc/snort/snort.lua:
Loading snort_defaults.lua:
Finished snort_defaults.lua:
	opcua
	s7commplus
	dce_tcp
	dce_udp
	dce_http_proxy
	trace
	port_scan
	references
	classifications
	output
	active
	alerts
	daq
	decode
	host_cache
	host_tracker
	hosts
	network
	packets
	process
	search_engine
	cip
	dce_http_server
	ips
	binder
	wizard
	appid
	js_norm
	http2_inspect
	http_inspect
	ftp_data
	ftp_client
	ftp_server
	smtp
	gtp_inspect
	dce_smb
	modbus
	mms
	iec104
	dnp3
	telnet
	ssl
	ssh
	sip
	rpc_decode
	pop
	normalizer
	netflow
	imap
	dns
	back_orifice
	arp_spoof
	stream_file
	stream_user
	stream_udp
	stream_icmp
	stream_ip
	stream
	so_proxy
Finished /home/cloudstack/raphael/snort3/etc/snort/snort.lua:
Loading rule args:
Loading /home/cloudstack/raphael/snort3/rules/oi.rules:
Finished /home/cloudstack/raphael/snort3/rules/oi.rules:
Finished rule args:
--------------------------------------------------
pcre counts
               pcre_rules: 2
              pcre_native: 2
--------------------------------------------------
ips policies rule stats
              id  loaded  shared enabled    file
               0     186       0     186    /home/cloudstack/raphael/snort3/etc/snort/snort.lua
--------------------------------------------------
rule counts
       total rules loaded: 186
               text rules: 186
            option chains: 186
            chain headers: 72
                 flowbits: 5
     flowbits not checked: 1
         flowbits not set: 2
--------------------------------------------------
port rule counts
             tcp     udp    icmp      ip
     any      19      12      12      12
     src       5       2       0       0
     dst      40      18       0       0
    both       0       3       0       0
   total      64      35      12      12
--------------------------------------------------
service rule counts          to-srv  to-cli
                   dcerpc:       70      12
                     dnp3:        0       6
                      dns:        4       2
                   gopher:        0       1
                     http:        1       0
                    http2:        1       0
                    http3:        1       0
                     imap:        1       0
                   modbus:       21       0
                    mysql:        0       1
              netbios-dgm:        2       2
              netbios-ssn:       40       5
                      sip:        2       0
                     snmp:        8       3
                      ssl:        2       0
                   syslog:        1       0
                     tftp:        1       0
                    total:      155      32
--------------------------------------------------
fast pattern groups
                      dst: 2
                to_server: 3
                to_client: 3
--------------------------------------------------
search engine (ac_bnfa)
                instances: 7
                 patterns: 167
            pattern chars: 1390
               num states: 919
         num match states: 62
             memory scale: KB
             total memory: 38.6475
           pattern memory: 7.87402
        match list memory: 12.3984
        transition memory: 17.5
        fast pattern only: 2
appid: MaxRss diff: 2944
appid: patterns loaded: 300
--------------------------------------------------
afpacket DAQ configured to passive.
Commencing packet processing
Retry queue interval is: 200 ms
Retry queue interval is: 200 ms
++ [0] enp3s0
++ [1] enp3s0
** caught int signal
== stopping
-- [1] enp3s0
-- [0] enp3s0
--------------------------------------------------
Packet Statistics
--------------------------------------------------
daq
                 received: 5976204
                 analyzed: 5976204
                  dropped: 8667156
                    allow: 5976204
                     idle: 121
                 rx_bytes: 8011886542
--------------------------------------------------
codec
                    total: 5976204     	(100.000%)
                      arp: 17          	(  0.000%)
                      eth: 5976204     	(100.000%)
                    icmp4: 36          	(  0.001%)
                 icmp4_ip: 36          	(  0.001%)
                     ipv4: 5976187     	(100.000%)
                      tcp: 5976057     	( 99.998%)
                      udp: 94          	(  0.002%)
--------------------------------------------------
Module Statistics
--------------------------------------------------
ac_bnfa
                 searches: 5976054
                  matches: 7969059
                    bytes: 7689166996
--------------------------------------------------
ac_full
                 searches: 42
                    bytes: 1638
--------------------------------------------------
appid
                  packets: 5976187
        processed_packets: 130
          ignored_packets: 5976057
           total_sessions: 46
       service_cache_adds: 4
             bytes_in_use: 672
             items_in_use: 4
--------------------------------------------------
arp_spoof
                  packets: 17
--------------------------------------------------
back_orifice
                  packets: 94
--------------------------------------------------
binder
              raw_packets: 5976074
                new_flows: 46
                 inspects: 5976120
--------------------------------------------------
detection
                 analyzed: 5976204
               hard_evals: 11952876
             raw_searches: 5976054
             pkt_searches: 5976054
                   alerts: 7959315
             total_alerts: 7959315
                   logged: 7959315
--------------------------------------------------
dns
                  packets: 94
                 requests: 94
             dns_over_udp: 94
--------------------------------------------------
ips_actions
                    alert: 7959315
--------------------------------------------------
port_scan
                  packets: 5976187
                 trackers: 115
--------------------------------------------------
search_engine
               max_queued: 2
            total_flushed: 7969059
            total_inserts: 7969059
             total_unique: 7969059
     non_qualified_events: 11962620
         qualified_events: 7959315
--------------------------------------------------
stream
                    flows: 46
 no_flow_no_proto_handler: 5976057
--------------------------------------------------
stream_icmp
                 sessions: 4
                      max: 2
                  created: 4
                 released: 4
--------------------------------------------------
stream_udp
                 sessions: 42
                      max: 22
                  created: 42
                 released: 42
              total_bytes: 3666
--------------------------------------------------
Appid Statistics
--------------------------------------------------
detected apps and services
              Application: Services   Clients    Users      Payloads   Misc       Referred  
                  unknown: 4          42         0          0          0          0         
--------------------------------------------------
Summary Statistics
--------------------------------------------------
process
                  signals: 1
--------------------------------------------------
timing
                  runtime: 00:01:27
                  seconds: 87.006948
                 pkts/sec: 68687
                Mbits/sec: 737
o")~   Snort exiting
