--------------------------------------------------
o")~   Snort++ 3.10.2.0
--------------------------------------------------
Loading /home/cloudstack/raphael/snort3/etc/snort/snort.lua:
Loading snort_defaults.lua:
Finished snort_defaults.lua:
	ips
	ssl
	dnp3
	ftp_server
	trace
	active
	host_tracker
	hosts
	network
	packets
	process
	search_engine
	so_proxy
	pop
	rpc_decode
	sip
	ssh
	telnet
	cip
	iec104
	mms
	modbus
	opcua
	s7commplus
	dce_smb
	dce_tcp
	dce_udp
	dce_http_proxy
	dce_http_server
	gtp_inspect
	port_scan
	smtp
	ftp_client
	ftp_data
	http_inspect
	http2_inspect
	js_norm
	appid
	wizard
	binder
	normalizer
	netflow
	imap
	dns
	back_orifice
	arp_spoof
	stream_file
	stream_user
	stream_udp
	output
	stream_icmp
	stream_ip
	stream
	references
	classifications
	alerts
	daq
	decode
	host_cache
Finished /home/cloudstack/raphael/snort3/etc/snort/snort.lua:
Loading rule args:
Loading /home/cloudstack/raphael/snort3/rules/oi.rules:
Finished /home/cloudstack/raphael/snort3/rules/oi.rules:
Finished rule args:
--------------------------------------------------
pcre counts
               pcre_rules: 2
              pcre_native: 2
--------------------------------------------------
ips policies rule stats
              id  loaded  shared enabled    file
               0     186       0     186    /home/cloudstack/raphael/snort3/etc/snort/snort.lua
--------------------------------------------------
rule counts
       total rules loaded: 186
               text rules: 186
            option chains: 186
            chain headers: 72
                 flowbits: 5
     flowbits not checked: 1
         flowbits not set: 2
--------------------------------------------------
port rule counts
             tcp     udp    icmp      ip
     any      19      12      12      12
     src       5       2       0       0
     dst      40      18       0       0
    both       0       3       0       0
   total      64      35      12      12
--------------------------------------------------
service rule counts          to-srv  to-cli
                   dcerpc:       70      12
                     dnp3:        0       6
                      dns:        4       2
                   gopher:        0       1
                     http:        1       0
                    http2:        1       0
                    http3:        1       0
                     imap:        1       0
                   modbus:       21       0
                    mysql:        0       1
              netbios-dgm:        2       2
              netbios-ssn:       40       5
                      sip:        2       0
                     snmp:        8       3
                      ssl:        2       0
                   syslog:        1       0
                     tftp:        1       0
                    total:      155      32
--------------------------------------------------
fast pattern groups
                      dst: 2
                to_server: 3
                to_client: 3
--------------------------------------------------
search engine (ac_bnfa)
                instances: 7
                 patterns: 167
            pattern chars: 1390
               num states: 919
         num match states: 62
             memory scale: KB
             total memory: 38.6475
           pattern memory: 7.87402
        match list memory: 12.3984
        transition memory: 17.5
        fast pattern only: 2
appid: MaxRss diff: 3456
appid: patterns loaded: 300
--------------------------------------------------
afpacket DAQ configured to passive.
Commencing packet processing
Retry queue interval is: 200 ms
Retry queue interval is: 200 ms
Retry queue interval is: 200 ms
Retry queue interval is: 200 ms
Retry queue interval is: 200 ms
Retry queue interval is: 200 ms
++ [0] enp3s0
++ [1] enp3s0
++ [2] enp3s0
++ [3] enp3s0
++ [4] enp3s0
++ [5] enp3s0
** caught int signal
== stopping
-- [2] enp3s0
-- [3] enp3s0
-- [1] enp3s0
-- [0] enp3s0
-- [4] enp3s0
-- [5] enp3s0
--------------------------------------------------
Packet Statistics
--------------------------------------------------
daq
                 received: 14632827
                 analyzed: 14632821
                  dropped: 10543
                    allow: 14632821
                     idle: 387
                 rx_bytes: 19617006616
--------------------------------------------------
codec
                    total: 14632821    	(100.000%)
                      arp: 28          	(  0.000%)
                      eth: 14632821    	(100.000%)
                    icmp4: 36          	(  0.000%)
                 icmp4_ip: 36          	(  0.000%)
                     ipv4: 14632793    	(100.000%)
                      tcp: 14632661    	( 99.999%)
                      udp: 96          	(  0.001%)
--------------------------------------------------
Module Statistics
--------------------------------------------------
ac_bnfa
                 searches: 14632658
                  matches: 19510193
                    bytes: 18826829740
--------------------------------------------------
ac_full
                 searches: 43
                    bytes: 1677
--------------------------------------------------
appid
                  packets: 14632793
        processed_packets: 132
          ignored_packets: 14632661
           total_sessions: 55
       service_cache_adds: 12
             bytes_in_use: 2016
             items_in_use: 12
--------------------------------------------------
arp_spoof
                  packets: 28
--------------------------------------------------
back_orifice
                  packets: 96
--------------------------------------------------
binder
              raw_packets: 14632689
                new_flows: 55
                 inspects: 14632744
--------------------------------------------------
detection
                 analyzed: 14632821
               hard_evals: 29266544
             raw_searches: 14632658
             pkt_searches: 14632658
                   alerts: 19500449
             total_alerts: 19500449
                   logged: 19500449
--------------------------------------------------
dns
                  packets: 96
                 requests: 96
             dns_over_udp: 96
--------------------------------------------------
ips_actions
                    alert: 19500449
--------------------------------------------------
port_scan
                  packets: 14632793
                 trackers: 335
--------------------------------------------------
search_engine
               max_queued: 2
            total_flushed: 19510193
            total_inserts: 19510193
             total_unique: 19510193
     non_qualified_events: 29276288
         qualified_events: 19500449
--------------------------------------------------
stream
                    flows: 55
 no_flow_no_proto_handler: 14632661
--------------------------------------------------
stream_icmp
                 sessions: 12
                      max: 2
                  created: 12
                 released: 12
--------------------------------------------------
stream_udp
                 sessions: 43
                      max: 11
                  created: 43
                 released: 43
              total_bytes: 3744
--------------------------------------------------
Appid Statistics
--------------------------------------------------
detected apps and services
              Application: Services   Clients    Users      Payloads   Misc       Referred  
                  unknown: 12         43         0          0          0          0         
--------------------------------------------------
Summary Statistics
--------------------------------------------------
process
                  signals: 1
--------------------------------------------------
timing
                  runtime: 00:01:26
                  seconds: 86.792539
                 pkts/sec: 168595
                Mbits/sec: 1808
o")~   Snort exiting
