--------------------------------------------------
o")~   Snort++ 3.10.2.0
--------------------------------------------------
Loading /home/cloudstack/raphael/snort3/etc/snort/snort.lua:
Loading snort_defaults.lua:
Finished snort_defaults.lua:
	http2_inspect
	ips
	classifications
	references
	binder
	wizard
	appid
	js_norm
	http_inspect
	ftp_data
	ftp_client
	ftp_server
	network
	host_tracker
	packets
	search_engine
	dnp3
	cip
	so_proxy
	dns
	stream_icmp
	stream_ip
	hosts
	process
	active
	alerts
	daq
	decode
	host_cache
	trace
	stream
	stream_udp
	stream_user
	stream_file
	arp_spoof
	back_orifice
	imap
	netflow
	normalizer
	pop
	rpc_decode
	sip
	ssh
	ssl
	telnet
	iec104
	mms
	modbus
	opcua
	s7commplus
	dce_smb
	dce_tcp
	dce_udp
	dce_http_proxy
	dce_http_server
	gtp_inspect
	port_scan
	smtp
	output
Finished /home/cloudstack/raphael/snort3/etc/snort/snort.lua:
Loading rule args:
Loading /home/cloudstack/raphael/snort3/rules/oi.rules:
Finished /home/cloudstack/raphael/snort3/rules/oi.rules:
Finished rule args:
--------------------------------------------------
pcre counts
               pcre_rules: 2
              pcre_native: 2
--------------------------------------------------
ips policies rule stats
              id  loaded  shared enabled    file
               0     186       0     186    /home/cloudstack/raphael/snort3/etc/snort/snort.lua
--------------------------------------------------
rule counts
       total rules loaded: 186
               text rules: 186
            option chains: 186
            chain headers: 72
                 flowbits: 5
     flowbits not checked: 1
         flowbits not set: 2
--------------------------------------------------
port rule counts
             tcp     udp    icmp      ip
     any      19      12      12      12
     src       5       2       0       0
     dst      40      18       0       0
    both       0       3       0       0
   total      64      35      12      12
--------------------------------------------------
service rule counts          to-srv  to-cli
                   dcerpc:       70      12
                     dnp3:        0       6
                      dns:        4       2
                   gopher:        0       1
                     http:        1       0
                    http2:        1       0
                    http3:        1       0
                     imap:        1       0
                   modbus:       21       0
                    mysql:        0       1
              netbios-dgm:        2       2
              netbios-ssn:       40       5
                      sip:        2       0
                     snmp:        8       3
                      ssl:        2       0
                   syslog:        1       0
                     tftp:        1       0
                    total:      155      32
--------------------------------------------------
fast pattern groups
                      dst: 2
                to_server: 3
                to_client: 3
--------------------------------------------------
search engine (ac_bnfa)
                instances: 7
                 patterns: 167
            pattern chars: 1390
               num states: 919
         num match states: 62
             memory scale: KB
             total memory: 38.6475
           pattern memory: 7.87402
        match list memory: 12.3984
        transition memory: 17.5
        fast pattern only: 2
appid: MaxRss diff: 3840
appid: patterns loaded: 300
--------------------------------------------------
afpacket DAQ configured to passive.
Commencing packet processing
Retry queue interval is: 200 ms
Retry queue interval is: 200 ms
Retry queue interval is: 200 ms
Retry queue interval is: 200 ms
Retry queue interval is: 200 ms
Retry queue interval is: 200 ms
Retry queue interval is: 200 ms
Retry queue interval is: 200 ms
Retry queue interval is: 200 ms
++ [0] enp3s0
++ [1] enp3s0
++ [2] enp3s0
++ [3] enp3s0
++ [4] enp3s0
++ [5] enp3s0
++ [6] enp3s0
++ [7] enp3s0
++ [8] enp3s0
** caught int signal
== stopping
-- [3] enp3s0
-- [6] enp3s0
-- [4] enp3s0
-- [5] enp3s0
-- [1] enp3s0
-- [8] enp3s0
-- [0] enp3s0
-- [7] enp3s0
-- [2] enp3s0
--------------------------------------------------
Packet Statistics
--------------------------------------------------
daq
                 received: 14643402
                 analyzed: 14643402
                    allow: 14643402
                     idle: 583
                 rx_bytes: 19631153605
--------------------------------------------------
codec
                    total: 14643402    	(100.000%)
                      arp: 34          	(  0.000%)
                      eth: 14643402    	(100.000%)
                    icmp4: 50          	(  0.000%)
                 icmp4_ip: 40          	(  0.000%)
                     ipv4: 14643368    	(100.000%)
                      tcp: 14643204    	( 99.999%)
                      udp: 114         	(  0.001%)
--------------------------------------------------
Module Statistics
--------------------------------------------------
ac_bnfa
                 searches: 14643201
                  matches: 19524268
                    bytes: 18840404083
--------------------------------------------------
ac_full
                 searches: 77
                  matches: 612
                    bytes: 3291
--------------------------------------------------
appid
                  packets: 14643368
        processed_packets: 164
          ignored_packets: 14643204
           total_sessions: 74
       service_cache_adds: 30
             bytes_in_use: 5040
             items_in_use: 30
--------------------------------------------------
arp_spoof
                  packets: 34
--------------------------------------------------
back_orifice
                  packets: 114
--------------------------------------------------
binder
              raw_packets: 14643238
                new_flows: 74
                 inspects: 14643312
--------------------------------------------------
detection
                 analyzed: 14643402
               hard_evals: 29287682
             raw_searches: 14643201
             pkt_searches: 14643201
                   alerts: 19514524
             total_alerts: 19514524
                   logged: 19514524
--------------------------------------------------
dns
                  packets: 98
                 requests: 98
             dns_over_udp: 98
--------------------------------------------------
ips_actions
                    alert: 19514524
--------------------------------------------------
port_scan
                  packets: 14643368
                 trackers: 512
--------------------------------------------------
search_engine
               max_queued: 2
            total_flushed: 19524268
            total_inserts: 19524268
             total_unique: 19524268
     non_qualified_events: 29297426
         qualified_events: 19514524
--------------------------------------------------
stream
                    flows: 74
 no_flow_no_proto_handler: 14643204
--------------------------------------------------
stream_icmp
                 sessions: 13
                      max: 2
                  created: 13
                 released: 13
--------------------------------------------------
stream_udp
                 sessions: 61
                      max: 11
                  created: 61
                 released: 61
              total_bytes: 4590
--------------------------------------------------
wizard
                udp_scans: 16
               udp_misses: 16
--------------------------------------------------
Appid Statistics
--------------------------------------------------
detected apps and services
              Application: Services   Clients    Users      Payloads   Misc       Referred  
                  unknown: 13         45         0          0          0          0         
--------------------------------------------------
Summary Statistics
--------------------------------------------------
process
                  signals: 1
--------------------------------------------------
timing
                  runtime: 00:01:27
                  seconds: 87.135160
                 pkts/sec: 168054
                Mbits/sec: 1802
o")~   Snort exiting
