--------------------------------------------------
o")~   Snort++ 3.10.2.0
--------------------------------------------------
Loading /home/cloudstack/raphael/snort3/etc/snort/snort.lua:
Loading snort_defaults.lua:
Finished snort_defaults.lua:
	dce_tcp
	output
	ssh
	gtp_inspect
	http_inspect
	ips
	classifications
	binder
	wizard
	appid
	js_norm
	http2_inspect
	ftp_data
	ftp_client
	ftp_server
	smtp
	port_scan
	dce_http_server
	dce_http_proxy
	dce_udp
	dce_smb
	opcua
	mms
	dnp3
	cip
	telnet
	ssl
	sip
	rpc_decode
	pop
	normalizer
	netflow
	imap
	dns
	back_orifice
	arp_spoof
	stream_file
	stream_user
	stream_udp
	stream_icmp
	stream_ip
	stream
	active
	alerts
	daq
	decode
	host_cache
	host_tracker
	network
	packets
	process
	search_engine
	iec104
	modbus
	s7commplus
	references
	hosts
	so_proxy
	trace
Finished /home/cloudstack/raphael/snort3/etc/snort/snort.lua:
Loading rule args:
Loading /home/cloudstack/raphael/snort3/rules/oi.rules:
Finished /home/cloudstack/raphael/snort3/rules/oi.rules:
Finished rule args:
--------------------------------------------------
pcre counts
               pcre_rules: 2
              pcre_native: 2
--------------------------------------------------
ips policies rule stats
              id  loaded  shared enabled    file
               0     186       0     186    /home/cloudstack/raphael/snort3/etc/snort/snort.lua
--------------------------------------------------
rule counts
       total rules loaded: 186
               text rules: 186
            option chains: 186
            chain headers: 72
                 flowbits: 5
     flowbits not checked: 1
         flowbits not set: 2
--------------------------------------------------
port rule counts
             tcp     udp    icmp      ip
     any      19      12      12      12
     src       5       2       0       0
     dst      40      18       0       0
    both       0       3       0       0
   total      64      35      12      12
--------------------------------------------------
service rule counts          to-srv  to-cli
                   dcerpc:       70      12
                     dnp3:        0       6
                      dns:        4       2
                   gopher:        0       1
                     http:        1       0
                    http2:        1       0
                    http3:        1       0
                     imap:        1       0
                   modbus:       21       0
                    mysql:        0       1
              netbios-dgm:        2       2
              netbios-ssn:       40       5
                      sip:        2       0
                     snmp:        8       3
                      ssl:        2       0
                   syslog:        1       0
                     tftp:        1       0
                    total:      155      32
--------------------------------------------------
fast pattern groups
                      dst: 2
                to_server: 3
                to_client: 3
--------------------------------------------------
search engine (ac_bnfa)
                instances: 7
                 patterns: 167
            pattern chars: 1390
               num states: 919
         num match states: 62
             memory scale: KB
             total memory: 38.6475
           pattern memory: 7.87402
        match list memory: 12.3984
        transition memory: 17.5
        fast pattern only: 2
appid: MaxRss diff: 2944
appid: patterns loaded: 300
--------------------------------------------------
afpacket DAQ configured to passive.
Commencing packet processing
Retry queue interval is: 200 ms
++ [0] enp3s0
** caught int signal
== stopping
-- [0] enp3s0
--------------------------------------------------
Packet Statistics
--------------------------------------------------
daq
                 received: 3279365
                 analyzed: 3279365
                  dropped: 11364025
                    allow: 3279365
                     idle: 53
                 rx_bytes: 4396579675
--------------------------------------------------
codec
                    total: 3279365     	(100.000%)
                      arp: 25          	(  0.001%)
                      eth: 3279365     	(100.000%)
                    icmp4: 44          	(  0.001%)
                 icmp4_ip: 34          	(  0.001%)
                     ipv4: 3279340     	( 99.999%)
                      tcp: 3279209     	( 99.995%)
                      udp: 87          	(  0.003%)
--------------------------------------------------
Module Statistics
--------------------------------------------------
ac_bnfa
                 searches: 3279206
                  matches: 4372419
                    bytes: 4219489336
--------------------------------------------------
ac_full
                 searches: 39
                    bytes: 1521
--------------------------------------------------
appid
                  packets: 3279340
        processed_packets: 131
          ignored_packets: 3279209
           total_sessions: 42
       service_cache_adds: 2
             bytes_in_use: 336
             items_in_use: 2
--------------------------------------------------
arp_spoof
                  packets: 25
--------------------------------------------------
back_orifice
                  packets: 87
--------------------------------------------------
binder
              raw_packets: 3279234
                new_flows: 42
                 inspects: 3279276
--------------------------------------------------
detection
                 analyzed: 3279365
               hard_evals: 6558976
             raw_searches: 3279206
             pkt_searches: 3279206
                   alerts: 4362675
             total_alerts: 4362675
                   logged: 4362675
--------------------------------------------------
dns
                  packets: 87
                 requests: 87
             dns_over_udp: 87
--------------------------------------------------
ips_actions
                    alert: 4362675
--------------------------------------------------
port_scan
                  packets: 3279340
                 trackers: 61
--------------------------------------------------
search_engine
               max_queued: 2
            total_flushed: 4372419
            total_inserts: 4372419
             total_unique: 4372419
     non_qualified_events: 6568720
         qualified_events: 4362675
--------------------------------------------------
stream
                    flows: 42
 no_flow_no_proto_handler: 3279209
--------------------------------------------------
stream_icmp
                 sessions: 3
                      max: 3
                  created: 3
                 released: 3
--------------------------------------------------
stream_udp
                 sessions: 39
                      max: 39
                  created: 39
                 released: 39
              total_bytes: 3393
--------------------------------------------------
Appid Statistics
--------------------------------------------------
detected apps and services
              Application: Services   Clients    Users      Payloads   Misc       Referred  
                  unknown: 3          39         0          0          0          0         
--------------------------------------------------
Summary Statistics
--------------------------------------------------
process
                  signals: 1
--------------------------------------------------
timing
                  runtime: 00:01:27
                  seconds: 87.013728
                 pkts/sec: 37688
                Mbits/sec: 404
o")~   Snort exiting
