--------------------------------------------------
o")~   Snort++ 3.10.2.0
--------------------------------------------------
Loading /home/cloudstack/raphael/snort3/etc/snort/snort.lua:
Loading snort_defaults.lua:
Finished snort_defaults.lua:
	trace
	ips
	classifications
	references
	output
	binder
	wizard
	appid
	js_norm
	http2_inspect
	normalizer
	ftp_data
	imap
	smtp
	port_scan
	iec104
	stream_ip
	stream_icmp
	stream_user
	stream_file
	arp_spoof
	back_orifice
	active
	alerts
	decode
	host_cache
	host_tracker
	network
	packets
	process
	search_engine
	so_proxy
	dns
	ftp_client
	http_inspect
	stream
	stream_udp
	netflow
	pop
	rpc_decode
	sip
	ssh
	ssl
	telnet
	cip
	dnp3
	mms
	modbus
	opcua
	s7commplus
	dce_smb
	dce_tcp
	dce_udp
	dce_http_proxy
	dce_http_server
	gtp_inspect
	ftp_server
	daq
	hosts
Finished /home/cloudstack/raphael/snort3/etc/snort/snort.lua:
Loading rule args:
Loading /home/cloudstack/raphael/snort3/rules/oi.rules:
Finished /home/cloudstack/raphael/snort3/rules/oi.rules:
Finished rule args:
--------------------------------------------------
pcre counts
               pcre_rules: 2
              pcre_native: 2
--------------------------------------------------
ips policies rule stats
              id  loaded  shared enabled    file
               0     186       0     186    /home/cloudstack/raphael/snort3/etc/snort/snort.lua
--------------------------------------------------
rule counts
       total rules loaded: 186
               text rules: 186
            option chains: 186
            chain headers: 72
                 flowbits: 5
     flowbits not checked: 1
         flowbits not set: 2
--------------------------------------------------
port rule counts
             tcp     udp    icmp      ip
     any      19      12      12      12
     src       5       2       0       0
     dst      40      18       0       0
    both       0       3       0       0
   total      64      35      12      12
--------------------------------------------------
service rule counts          to-srv  to-cli
                   dcerpc:       70      12
                     dnp3:        0       6
                      dns:        4       2
                   gopher:        0       1
                     http:        1       0
                    http2:        1       0
                    http3:        1       0
                     imap:        1       0
                   modbus:       21       0
                    mysql:        0       1
              netbios-dgm:        2       2
              netbios-ssn:       40       5
                      sip:        2       0
                     snmp:        8       3
                      ssl:        2       0
                   syslog:        1       0
                     tftp:        1       0
                    total:      155      32
--------------------------------------------------
fast pattern groups
                      dst: 2
                to_server: 3
                to_client: 3
--------------------------------------------------
search engine (ac_bnfa)
                instances: 7
                 patterns: 167
            pattern chars: 1390
               num states: 919
         num match states: 62
             memory scale: KB
             total memory: 38.6475
           pattern memory: 7.87402
        match list memory: 12.3984
        transition memory: 17.5
        fast pattern only: 2
appid: MaxRss diff: 4096
appid: patterns loaded: 300
--------------------------------------------------
afpacket DAQ configured to passive.
Commencing packet processing
Retry queue interval is: 200 ms
Retry queue interval is: 200 ms
Retry queue interval is: 200 ms
Retry queue interval is: 200 ms
Retry queue interval is: 200 ms
Retry queue interval is: 200 ms
Retry queue interval is: 200 ms
Retry queue interval is: 200 ms
Retry queue interval is: 200 ms
Retry queue interval is: 200 ms
Retry queue interval is: 200 ms
Retry queue interval is: 200 ms
Retry queue interval is: 200 ms
Retry queue interval is: 200 ms
++ [0] enp3s0
++ [1] enp3s0
++ [2] enp3s0
++ [3] enp3s0
++ [4] enp3s0
++ [5] enp3s0
++ [6] enp3s0
++ [7] enp3s0
++ [8] enp3s0
++ [9] enp3s0
++ [10] enp3s0
++ [11] enp3s0
++ [12] enp3s0
++ [13] enp3s0
** caught int signal
== stopping
-- [0] enp3s0
-- [11] enp3s0
-- [12] enp3s0
-- [5] enp3s0
-- [8] enp3s0
-- [13] enp3s0
-- [4] enp3s0
-- [9] enp3s0
-- [3] enp3s0
-- [6] enp3s0
-- [7] enp3s0
-- [1] enp3s0
-- [2] enp3s0
-- [10] enp3s0
--------------------------------------------------
Packet Statistics
--------------------------------------------------
daq
                 received: 14643386
                 analyzed: 14643386
                    allow: 14643386
                     idle: 945
                 rx_bytes: 19631152261
--------------------------------------------------
codec
                    total: 14643386    	(100.000%)
                      arp: 30          	(  0.000%)
                      eth: 14643386    	(100.000%)
                    icmp4: 44          	(  0.000%)
                 icmp4_ip: 34          	(  0.000%)
                     ipv4: 14643356    	(100.000%)
                      tcp: 14643204    	( 99.999%)
                      udp: 108         	(  0.001%)
--------------------------------------------------
Module Statistics
--------------------------------------------------
ac_bnfa
                 searches: 14643201
                  matches: 19524268
                    bytes: 18840404083
--------------------------------------------------
ac_full
                 searches: 72
                  matches: 613
                    bytes: 3096
--------------------------------------------------
appid
                  packets: 14643356
        processed_packets: 152
          ignored_packets: 14643204
           total_sessions: 70
       service_cache_adds: 39
             bytes_in_use: 6552
             items_in_use: 39
--------------------------------------------------
arp_spoof
                  packets: 30
--------------------------------------------------
back_orifice
                  packets: 108
--------------------------------------------------
binder
              raw_packets: 14643234
                new_flows: 70
                 inspects: 14643304
--------------------------------------------------
detection
                 analyzed: 14643386
               hard_evals: 29287658
             raw_searches: 14643201
             pkt_searches: 14643201
                   alerts: 19514524
             total_alerts: 19514524
                   logged: 19514524
--------------------------------------------------
dns
                  packets: 92
                 requests: 92
             dns_over_udp: 92
--------------------------------------------------
ips_actions
                    alert: 19514524
--------------------------------------------------
port_scan
                  packets: 14643356
                 trackers: 770
--------------------------------------------------
search_engine
               max_queued: 2
            total_flushed: 19524268
            total_inserts: 19524268
             total_unique: 19524268
     non_qualified_events: 29297402
         qualified_events: 19514524
--------------------------------------------------
stream
                    flows: 70
 no_flow_no_proto_handler: 14643204
--------------------------------------------------
stream_icmp
                 sessions: 14
                      max: 2
                  created: 14
                 released: 14
--------------------------------------------------
stream_udp
                 sessions: 56
                      max: 8
                  created: 56
                 released: 56
              total_bytes: 4356
--------------------------------------------------
wizard
                udp_scans: 16
               udp_misses: 16
--------------------------------------------------
Appid Statistics
--------------------------------------------------
detected apps and services
              Application: Services   Clients    Users      Payloads   Misc       Referred  
                  unknown: 14         40         0          0          0          0         
--------------------------------------------------
Summary Statistics
--------------------------------------------------
process
                  signals: 1
--------------------------------------------------
timing
                  runtime: 00:01:27
                  seconds: 87.051485
                 pkts/sec: 168215
                Mbits/sec: 1804
o")~   Snort exiting
