--------------------------------------------------
o")~   Snort++ 3.10.2.0
--------------------------------------------------
Loading /home/cloudstack/raphael/snort3/etc/snort/snort.lua:
Loading snort_defaults.lua:
Finished snort_defaults.lua:
	trace
	ips
	appid
	http_inspect
	dce_udp
	opcua
	active
	alerts
	daq
	decode
	host_cache
	host_tracker
	hosts
	network
	packets
	process
	search_engine
	so_proxy
	stream
	stream_ip
	stream_icmp
	stream_udp
	stream_user
	stream_file
	arp_spoof
	back_orifice
	dns
	imap
	netflow
	normalizer
	pop
	rpc_decode
	sip
	ssh
	ssl
	telnet
	cip
	dnp3
	iec104
	mms
	modbus
	s7commplus
	dce_smb
	dce_tcp
	dce_http_proxy
	dce_http_server
	gtp_inspect
	port_scan
	smtp
	ftp_server
	ftp_client
	ftp_data
	output
	http2_inspect
	js_norm
	wizard
	binder
	references
	classifications
Finished /home/cloudstack/raphael/snort3/etc/snort/snort.lua:
Loading rule args:
Loading /home/cloudstack/raphael/snort3/rules/oi.rules:
Finished /home/cloudstack/raphael/snort3/rules/oi.rules:
Finished rule args:
--------------------------------------------------
pcre counts
               pcre_rules: 2
              pcre_native: 2
--------------------------------------------------
ips policies rule stats
              id  loaded  shared enabled    file
               0     186       0     186    /home/cloudstack/raphael/snort3/etc/snort/snort.lua
--------------------------------------------------
rule counts
       total rules loaded: 186
               text rules: 186
            option chains: 186
            chain headers: 72
                 flowbits: 5
     flowbits not checked: 1
         flowbits not set: 2
--------------------------------------------------
port rule counts
             tcp     udp    icmp      ip
     any      19      12      12      12
     src       5       2       0       0
     dst      40      18       0       0
    both       0       3       0       0
   total      64      35      12      12
--------------------------------------------------
service rule counts          to-srv  to-cli
                   dcerpc:       70      12
                     dnp3:        0       6
                      dns:        4       2
                   gopher:        0       1
                     http:        1       0
                    http2:        1       0
                    http3:        1       0
                     imap:        1       0
                   modbus:       21       0
                    mysql:        0       1
              netbios-dgm:        2       2
              netbios-ssn:       40       5
                      sip:        2       0
                     snmp:        8       3
                      ssl:        2       0
                   syslog:        1       0
                     tftp:        1       0
                    total:      155      32
--------------------------------------------------
fast pattern groups
                      dst: 2
                to_server: 3
                to_client: 3
--------------------------------------------------
search engine (ac_bnfa)
                instances: 7
                 patterns: 167
            pattern chars: 1390
               num states: 919
         num match states: 62
             memory scale: KB
             total memory: 38.6475
           pattern memory: 7.87402
        match list memory: 12.3984
        transition memory: 17.5
        fast pattern only: 2
appid: MaxRss diff: 3456
appid: patterns loaded: 300
--------------------------------------------------
afpacket DAQ configured to passive.
Commencing packet processing
Retry queue interval is: 200 ms
Retry queue interval is: 200 ms
Retry queue interval is: 200 ms
Retry queue interval is: 200 ms
Retry queue interval is: 200 ms
Retry queue interval is: 200 ms
++ [0] enp3s0
++ [1] enp3s0
++ [2] enp3s0
++ [3] enp3s0
++ [4] enp3s0
++ [5] enp3s0
** caught int signal
== stopping
-- [4] enp3s0
-- [3] enp3s0
-- [0] enp3s0
-- [2] enp3s0
-- [1] enp3s0
-- [5] enp3s0
--------------------------------------------------
Packet Statistics
--------------------------------------------------
daq
                 received: 14643419
                 analyzed: 14643413
                  dropped: 1
                    allow: 14643413
                     idle: 378
                 rx_bytes: 19631153458
--------------------------------------------------
codec
                    total: 14643413    	(100.000%)
                      arp: 30          	(  0.000%)
                      eth: 14643413    	(100.000%)
                    icmp4: 56          	(  0.000%)
                 icmp4_ip: 46          	(  0.000%)
                     ipv4: 14643383    	(100.000%)
                      tcp: 14643203    	( 99.999%)
                      udp: 124         	(  0.001%)
--------------------------------------------------
Module Statistics
--------------------------------------------------
ac_bnfa
                 searches: 14643200
                  matches: 19524266
                    bytes: 18840402730
--------------------------------------------------
ac_full
                 searches: 82
                  matches: 612
                    bytes: 3486
--------------------------------------------------
appid
                  packets: 14643383
        processed_packets: 180
          ignored_packets: 14643203
           total_sessions: 78
       service_cache_adds: 28
             bytes_in_use: 4704
             items_in_use: 28
--------------------------------------------------
arp_spoof
                  packets: 30
--------------------------------------------------
back_orifice
                  packets: 124
--------------------------------------------------
binder
              raw_packets: 14643233
                new_flows: 78
                 inspects: 14643311
--------------------------------------------------
detection
                 analyzed: 14643413
               hard_evals: 29287716
             raw_searches: 14643200
             pkt_searches: 14643200
                   alerts: 19514522
             total_alerts: 19514522
                   logged: 19514522
--------------------------------------------------
dns
                  packets: 108
                 requests: 108
             dns_over_udp: 108
--------------------------------------------------
ips_actions
                    alert: 19514522
--------------------------------------------------
port_scan
                  packets: 14643383
                 trackers: 360
--------------------------------------------------
search_engine
               max_queued: 2
            total_flushed: 19524266
            total_inserts: 19524266
             total_unique: 19524266
     non_qualified_events: 29297460
         qualified_events: 19514522
--------------------------------------------------
stream
                    flows: 78
 no_flow_no_proto_handler: 14643203
--------------------------------------------------
stream_icmp
                 sessions: 12
                      max: 2
                  created: 12
                 released: 12
--------------------------------------------------
stream_udp
                 sessions: 66
                      max: 15
                  created: 66
                 released: 66
              total_bytes: 4980
--------------------------------------------------
wizard
                udp_scans: 16
               udp_misses: 16
--------------------------------------------------
Appid Statistics
--------------------------------------------------
detected apps and services
              Application: Services   Clients    Users      Payloads   Misc       Referred  
                  unknown: 12         50         0          0          0          0         
--------------------------------------------------
Summary Statistics
--------------------------------------------------
process
                  signals: 1
--------------------------------------------------
timing
                  runtime: 00:01:26
                  seconds: 86.923104
                 pkts/sec: 168464
                Mbits/sec: 1807
o")~   Snort exiting
