--------------------------------------------------
o")~   Snort++ 3.10.2.0
--------------------------------------------------
Loading /home/cloudstack/raphael/snort3/etc/snort/snort.lua:
Loading snort_defaults.lua:
Finished snort_defaults.lua:
	ips
	active
	alerts
	daq
	decode
	host_cache
	host_tracker
	hosts
	network
	packets
	process
	search_engine
	so_proxy
	stream
	stream_ip
	stream_icmp
	stream_udp
	stream_user
	stream_file
	arp_spoof
	back_orifice
	dns
	imap
	netflow
	normalizer
	pop
	rpc_decode
	sip
	ssh
	ssl
	telnet
	cip
	dnp3
	iec104
	mms
	modbus
	opcua
	s7commplus
	dce_smb
	dce_tcp
	dce_udp
	dce_http_proxy
	dce_http_server
	port_scan
	smtp
	ftp_server
	ftp_client
	ftp_data
	http_inspect
	http2_inspect
	js_norm
	appid
	wizard
	binder
	classifications
	references
	gtp_inspect
	trace
	output
Finished /home/cloudstack/raphael/snort3/etc/snort/snort.lua:
Loading rule args:
Loading /home/cloudstack/raphael/snort3/rules/oi.rules:
Finished /home/cloudstack/raphael/snort3/rules/oi.rules:
Finished rule args:
--------------------------------------------------
pcre counts
               pcre_rules: 2
              pcre_native: 2
--------------------------------------------------
ips policies rule stats
              id  loaded  shared enabled    file
               0     186       0     186    /home/cloudstack/raphael/snort3/etc/snort/snort.lua
--------------------------------------------------
rule counts
       total rules loaded: 186
               text rules: 186
            option chains: 186
            chain headers: 72
                 flowbits: 5
     flowbits not checked: 1
         flowbits not set: 2
--------------------------------------------------
port rule counts
             tcp     udp    icmp      ip
     any      19      12      12      12
     src       5       2       0       0
     dst      40      18       0       0
    both       0       3       0       0
   total      64      35      12      12
--------------------------------------------------
service rule counts          to-srv  to-cli
                   dcerpc:       70      12
                     dnp3:        0       6
                      dns:        4       2
                   gopher:        0       1
                     http:        1       0
                    http2:        1       0
                    http3:        1       0
                     imap:        1       0
                   modbus:       21       0
                    mysql:        0       1
              netbios-dgm:        2       2
              netbios-ssn:       40       5
                      sip:        2       0
                     snmp:        8       3
                      ssl:        2       0
                   syslog:        1       0
                     tftp:        1       0
                    total:      155      32
--------------------------------------------------
fast pattern groups
                      dst: 2
                to_server: 3
                to_client: 3
--------------------------------------------------
search engine (ac_bnfa)
                instances: 7
                 patterns: 167
            pattern chars: 1390
               num states: 919
         num match states: 62
             memory scale: KB
             total memory: 38.6475
           pattern memory: 7.87402
        match list memory: 12.3984
        transition memory: 17.5
        fast pattern only: 2
appid: MaxRss diff: 2816
appid: patterns loaded: 300
--------------------------------------------------
afpacket DAQ configured to passive.
Commencing packet processing
Retry queue interval is: 200 ms
++ [0] enp3s0
** caught int signal
== stopping
-- [0] enp3s0
--------------------------------------------------
Packet Statistics
--------------------------------------------------
daq
                 received: 3306048
                 analyzed: 3306042
                  dropped: 11337322
                    allow: 3306042
                     idle: 54
                 rx_bytes: 4432383832
--------------------------------------------------
codec
                    total: 3306042     	(100.000%)
                      arp: 24          	(  0.001%)
                      eth: 3306042     	(100.000%)
                    icmp4: 34          	(  0.001%)
                 icmp4_ip: 34          	(  0.001%)
                     ipv4: 3306018     	( 99.999%)
                      tcp: 3305897     	( 99.996%)
                      udp: 87          	(  0.003%)
--------------------------------------------------
Module Statistics
--------------------------------------------------
ac_bnfa
                 searches: 3305894
                  matches: 4406531
                    bytes: 4253853363
--------------------------------------------------
ac_full
                 searches: 40
                    bytes: 1560
--------------------------------------------------
appid
                  packets: 3306018
        processed_packets: 121
          ignored_packets: 3305897
           total_sessions: 42
       service_cache_adds: 2
             bytes_in_use: 336
             items_in_use: 2
--------------------------------------------------
arp_spoof
                  packets: 24
--------------------------------------------------
back_orifice
                  packets: 87
--------------------------------------------------
binder
              raw_packets: 3305921
                new_flows: 42
                 inspects: 3305963
--------------------------------------------------
detection
                 analyzed: 3306042
               hard_evals: 6612290
             raw_searches: 3305894
             pkt_searches: 3305894
                   alerts: 4396787
             total_alerts: 4396787
                   logged: 4396787
--------------------------------------------------
dns
                  packets: 87
                 requests: 87
             dns_over_udp: 87
--------------------------------------------------
ips_actions
                    alert: 4396787
--------------------------------------------------
port_scan
                  packets: 3306018
                 trackers: 59
--------------------------------------------------
search_engine
               max_queued: 2
            total_flushed: 4406531
            total_inserts: 4406531
             total_unique: 4406531
     non_qualified_events: 6622034
         qualified_events: 4396787
--------------------------------------------------
stream
                    flows: 42
 no_flow_no_proto_handler: 3305897
--------------------------------------------------
stream_icmp
                 sessions: 2
                      max: 2
                  created: 2
                 released: 2
--------------------------------------------------
stream_udp
                 sessions: 40
                      max: 40
                  created: 40
                 released: 40
              total_bytes: 3393
--------------------------------------------------
Appid Statistics
--------------------------------------------------
detected apps and services
              Application: Services   Clients    Users      Payloads   Misc       Referred  
                  unknown: 2          40         0          0          0          0         
--------------------------------------------------
Summary Statistics
--------------------------------------------------
process
                  signals: 1
--------------------------------------------------
timing
                  runtime: 00:01:26
                  seconds: 86.933581
                 pkts/sec: 38030
                Mbits/sec: 408
o")~   Snort exiting
