--------------------------------------------------
o")~   Snort++ 3.10.2.0
--------------------------------------------------
Loading /home/cloudstack/raphael/snort3/etc/snort/snort.lua:
Loading snort_defaults.lua:
Finished snort_defaults.lua:
	dce_smb
	dce_tcp
	dce_http_proxy
	gtp_inspect
	port_scan
	smtp
	ftp_server
	binder
	ips
	classifications
	references
	wizard
	appid
	js_norm
	http2_inspect
	http_inspect
	ftp_data
	ftp_client
	dce_http_server
	trace
	dce_udp
	opcua
	modbus
	so_proxy
	netflow
	output
	active
	alerts
	daq
	decode
	host_cache
	host_tracker
	hosts
	network
	packets
	process
	search_engine
	stream
	stream_ip
	stream_icmp
	stream_udp
	stream_user
	stream_file
	arp_spoof
	back_orifice
	dns
	imap
	normalizer
	pop
	rpc_decode
	sip
	ssh
	ssl
	telnet
	cip
	dnp3
	iec104
	mms
	s7commplus
Finished /home/cloudstack/raphael/snort3/etc/snort/snort.lua:
Loading rule args:
Loading /home/cloudstack/raphael/snort3/rules/oi.rules:
Finished /home/cloudstack/raphael/snort3/rules/oi.rules:
Finished rule args:
--------------------------------------------------
pcre counts
               pcre_rules: 2
              pcre_native: 2
--------------------------------------------------
ips policies rule stats
              id  loaded  shared enabled    file
               0     186       0     186    /home/cloudstack/raphael/snort3/etc/snort/snort.lua
--------------------------------------------------
rule counts
       total rules loaded: 186
               text rules: 186
            option chains: 186
            chain headers: 72
                 flowbits: 5
     flowbits not checked: 1
         flowbits not set: 2
--------------------------------------------------
port rule counts
             tcp     udp    icmp      ip
     any      19      12      12      12
     src       5       2       0       0
     dst      40      18       0       0
    both       0       3       0       0
   total      64      35      12      12
--------------------------------------------------
service rule counts          to-srv  to-cli
                   dcerpc:       70      12
                     dnp3:        0       6
                      dns:        4       2
                   gopher:        0       1
                     http:        1       0
                    http2:        1       0
                    http3:        1       0
                     imap:        1       0
                   modbus:       21       0
                    mysql:        0       1
              netbios-dgm:        2       2
              netbios-ssn:       40       5
                      sip:        2       0
                     snmp:        8       3
                      ssl:        2       0
                   syslog:        1       0
                     tftp:        1       0
                    total:      155      32
--------------------------------------------------
fast pattern groups
                      dst: 2
                to_server: 3
                to_client: 3
--------------------------------------------------
search engine (ac_bnfa)
                instances: 7
                 patterns: 167
            pattern chars: 1390
               num states: 919
         num match states: 62
             memory scale: KB
             total memory: 38.6475
           pattern memory: 7.87402
        match list memory: 12.3984
        transition memory: 17.5
        fast pattern only: 2
appid: MaxRss diff: 3456
appid: patterns loaded: 300
--------------------------------------------------
afpacket DAQ configured to passive.
Commencing packet processing
Retry queue interval is: 200 ms
Retry queue interval is: 200 ms
Retry queue interval is: 200 ms
Retry queue interval is: 200 ms
++ [0] enp3s0
++ [1] enp3s0
++ [2] enp3s0
++ [3] enp3s0
** caught int signal
== stopping
-- [2] enp3s0
-- [0] enp3s0
-- [1] enp3s0
-- [3] enp3s0
--------------------------------------------------
Packet Statistics
--------------------------------------------------
daq
                 received: 11744650
                 analyzed: 11744650
                  dropped: 2898744
                    allow: 11744650
                     idle: 251
                 rx_bytes: 15744566064
--------------------------------------------------
codec
                    total: 11744650    	(100.000%)
                      arp: 29          	(  0.000%)
                      eth: 11744650    	(100.000%)
                    icmp4: 40          	(  0.000%)
                 icmp4_ip: 40          	(  0.000%)
                     ipv4: 11744621    	(100.000%)
                      tcp: 11744461    	( 99.998%)
                      udp: 120         	(  0.001%)
--------------------------------------------------
Module Statistics
--------------------------------------------------
ac_bnfa
                 searches: 11744458
                  matches: 15659497
                    bytes: 15110349422
--------------------------------------------------
ac_full
                 searches: 78
                  matches: 613
                    bytes: 3330
--------------------------------------------------
appid
                  packets: 11744621
        processed_packets: 160
          ignored_packets: 11744461
           total_sessions: 69
       service_cache_adds: 24
             bytes_in_use: 4032
             items_in_use: 24
--------------------------------------------------
arp_spoof
                  packets: 29
--------------------------------------------------
back_orifice
                  packets: 120
--------------------------------------------------
binder
              raw_packets: 11744490
                new_flows: 69
                 inspects: 11744559
--------------------------------------------------
detection
                 analyzed: 11744650
               hard_evals: 23489980
             raw_searches: 11744458
             pkt_searches: 11744458
                   alerts: 15649753
             total_alerts: 15649753
                   logged: 15649753
--------------------------------------------------
dns
                  packets: 104
                 requests: 104
             dns_over_udp: 104
--------------------------------------------------
ips_actions
                    alert: 15649753
--------------------------------------------------
port_scan
                  packets: 11744621
                 trackers: 248
--------------------------------------------------
search_engine
               max_queued: 2
            total_flushed: 15659497
            total_inserts: 15659497
             total_unique: 15659497
     non_qualified_events: 23499724
         qualified_events: 15649753
--------------------------------------------------
stream
                    flows: 69
 no_flow_no_proto_handler: 11744461
--------------------------------------------------
stream_icmp
                 sessions: 7
                      max: 2
                  created: 7
                 released: 7
--------------------------------------------------
stream_udp
                 sessions: 62
                      max: 19
                  created: 62
                 released: 62
              total_bytes: 4824
--------------------------------------------------
wizard
                udp_scans: 16
               udp_misses: 16
--------------------------------------------------
Appid Statistics
--------------------------------------------------
detected apps and services
              Application: Services   Clients    Users      Payloads   Misc       Referred  
                  unknown: 7          46         0          0          0          0         
--------------------------------------------------
Summary Statistics
--------------------------------------------------
process
                  signals: 1
--------------------------------------------------
timing
                  runtime: 00:01:26
                  seconds: 86.990508
                 pkts/sec: 135011
                Mbits/sec: 1448
o")~   Snort exiting
