--------------------------------------------------
o")~   Snort++ 3.10.2.0
--------------------------------------------------
Loading /home/cloudstack/raphael/snort3/etc/snort/snort.lua:
Loading snort_defaults.lua:
Finished snort_defaults.lua:
	trace
	stream_user
	active
	alerts
	daq
	decode
	host_cache
	host_tracker
	hosts
	network
	packets
	process
	search_engine
	so_proxy
	ssl
	telnet
	cip
	dnp3
	iec104
	mms
	modbus
	opcua
	s7commplus
	dce_smb
	dce_tcp
	dce_udp
	dce_http_proxy
	dce_http_server
	gtp_inspect
	port_scan
	smtp
	ftp_client
	http_inspect
	http2_inspect
	js_norm
	appid
	wizard
	binder
	ftp_data
	ftp_server
	ssh
	sip
	rpc_decode
	pop
	normalizer
	netflow
	imap
	dns
	back_orifice
	arp_spoof
	stream_file
	ips
	stream_udp
	stream_icmp
	stream_ip
	stream
	references
	classifications
	output
Finished /home/cloudstack/raphael/snort3/etc/snort/snort.lua:
Loading rule args:
Loading /home/cloudstack/raphael/snort3/rules/oi.rules:
Finished /home/cloudstack/raphael/snort3/rules/oi.rules:
Finished rule args:
--------------------------------------------------
pcre counts
               pcre_rules: 2
              pcre_native: 2
--------------------------------------------------
ips policies rule stats
              id  loaded  shared enabled    file
               0     186       0     186    /home/cloudstack/raphael/snort3/etc/snort/snort.lua
--------------------------------------------------
rule counts
       total rules loaded: 186
               text rules: 186
            option chains: 186
            chain headers: 72
                 flowbits: 5
     flowbits not checked: 1
         flowbits not set: 2
--------------------------------------------------
port rule counts
             tcp     udp    icmp      ip
     any      19      12      12      12
     src       5       2       0       0
     dst      40      18       0       0
    both       0       3       0       0
   total      64      35      12      12
--------------------------------------------------
service rule counts          to-srv  to-cli
                   dcerpc:       70      12
                     dnp3:        0       6
                      dns:        4       2
                   gopher:        0       1
                     http:        1       0
                    http2:        1       0
                    http3:        1       0
                     imap:        1       0
                   modbus:       21       0
                    mysql:        0       1
              netbios-dgm:        2       2
              netbios-ssn:       40       5
                      sip:        2       0
                     snmp:        8       3
                      ssl:        2       0
                   syslog:        1       0
                     tftp:        1       0
                    total:      155      32
--------------------------------------------------
fast pattern groups
                      dst: 2
                to_server: 3
                to_client: 3
--------------------------------------------------
search engine (ac_bnfa)
                instances: 7
                 patterns: 167
            pattern chars: 1390
               num states: 919
         num match states: 62
             memory scale: KB
             total memory: 38.6475
           pattern memory: 7.87402
        match list memory: 12.3984
        transition memory: 17.5
        fast pattern only: 2
appid: MaxRss diff: 3456
appid: patterns loaded: 300
--------------------------------------------------
afpacket DAQ configured to passive.
Commencing packet processing
Retry queue interval is: 200 ms
Retry queue interval is: 200 ms
Retry queue interval is: 200 ms
Retry queue interval is: 200 ms
++ [0] enp3s0
++ [1] enp3s0
++ [2] enp3s0
++ [3] enp3s0
** caught int signal
== stopping
-- [3] enp3s0
-- [2] enp3s0
-- [0] enp3s0
-- [1] enp3s0
--------------------------------------------------
Packet Statistics
--------------------------------------------------
daq
                 received: 11581382
                 analyzed: 11581382
                  dropped: 3062010
                    allow: 11581382
                     idle: 253
                 rx_bytes: 15525903149
--------------------------------------------------
codec
                    total: 11581382    	(100.000%)
                      arp: 32          	(  0.000%)
                      eth: 11581382    	(100.000%)
                    icmp4: 42          	(  0.000%)
                 icmp4_ip: 42          	(  0.000%)
                     ipv4: 11581350    	(100.000%)
                      tcp: 11581202    	( 99.998%)
                      udp: 106         	(  0.001%)
--------------------------------------------------
Module Statistics
--------------------------------------------------
ac_bnfa
                 searches: 11581199
                  matches: 15441986
                    bytes: 14900503391
--------------------------------------------------
ac_full
                 searches: 49
                    bytes: 1911
--------------------------------------------------
appid
                  packets: 11581350
        processed_packets: 148
          ignored_packets: 11581202
           total_sessions: 57
       service_cache_adds: 8
             bytes_in_use: 1344
             items_in_use: 8
--------------------------------------------------
arp_spoof
                  packets: 32
--------------------------------------------------
back_orifice
                  packets: 106
--------------------------------------------------
binder
              raw_packets: 11581234
                new_flows: 57
                 inspects: 11581291
--------------------------------------------------
detection
                 analyzed: 11581382
               hard_evals: 23163473
             raw_searches: 11581199
             pkt_searches: 11581199
                   alerts: 15432242
             total_alerts: 15432242
                   logged: 15432242
--------------------------------------------------
dns
                  packets: 106
                 requests: 106
             dns_over_udp: 106
--------------------------------------------------
ips_actions
                    alert: 15432242
--------------------------------------------------
port_scan
                  packets: 11581350
                 trackers: 228
--------------------------------------------------
search_engine
               max_queued: 2
            total_flushed: 15441986
            total_inserts: 15441986
             total_unique: 15441986
     non_qualified_events: 23173217
         qualified_events: 15432242
--------------------------------------------------
stream
                    flows: 57
 no_flow_no_proto_handler: 11581202
--------------------------------------------------
stream_icmp
                 sessions: 8
                      max: 2
                  created: 8
                 released: 8
--------------------------------------------------
stream_udp
                 sessions: 49
                      max: 14
                  created: 49
                 released: 49
              total_bytes: 4134
--------------------------------------------------
Appid Statistics
--------------------------------------------------
detected apps and services
              Application: Services   Clients    Users      Payloads   Misc       Referred  
                  unknown: 8          49         0          0          0          0         
--------------------------------------------------
Summary Statistics
--------------------------------------------------
process
                  signals: 1
--------------------------------------------------
timing
                  runtime: 00:01:27
                  seconds: 87.061531
                 pkts/sec: 133025
                Mbits/sec: 1427
o")~   Snort exiting
