--------------------------------------------------
o")~   Snort++ 3.10.2.0
--------------------------------------------------
Loading /home/cloudstack/raphael/snort3/etc/snort/snort.lua:
Loading snort_defaults.lua:
Finished snort_defaults.lua:
	ips
	classifications
	references
	wizard
	decode
	daq
	http2_inspect
	dce_http_proxy
	network
	packets
	ssl
	ssh
	imap
	alerts
	active
	trace
	stream
	stream_file
	process
	search_engine
	so_proxy
	stream_user
	stream_icmp
	stream_ip
	stream_udp
	arp_spoof
	back_orifice
	dns
	netflow
	normalizer
	pop
	rpc_decode
	sip
	telnet
	cip
	dnp3
	iec104
	mms
	modbus
	opcua
	s7commplus
	dce_smb
	dce_tcp
	dce_udp
	dce_http_server
	gtp_inspect
	port_scan
	smtp
	ftp_server
	ftp_client
	ftp_data
	http_inspect
	output
	js_norm
	appid
	binder
	host_cache
	host_tracker
	hosts
Finished /home/cloudstack/raphael/snort3/etc/snort/snort.lua:
Loading rule args:
Loading /home/cloudstack/raphael/snort3/rules/oi.rules:
Finished /home/cloudstack/raphael/snort3/rules/oi.rules:
Finished rule args:
--------------------------------------------------
pcre counts
               pcre_rules: 2
              pcre_native: 2
--------------------------------------------------
ips policies rule stats
              id  loaded  shared enabled    file
               0     186       0     186    /home/cloudstack/raphael/snort3/etc/snort/snort.lua
--------------------------------------------------
rule counts
       total rules loaded: 186
               text rules: 186
            option chains: 186
            chain headers: 72
                 flowbits: 5
     flowbits not checked: 1
         flowbits not set: 2
--------------------------------------------------
port rule counts
             tcp     udp    icmp      ip
     any      19      12      12      12
     src       5       2       0       0
     dst      40      18       0       0
    both       0       3       0       0
   total      64      35      12      12
--------------------------------------------------
service rule counts          to-srv  to-cli
                   dcerpc:       70      12
                     dnp3:        0       6
                      dns:        4       2
                   gopher:        0       1
                     http:        1       0
                    http2:        1       0
                    http3:        1       0
                     imap:        1       0
                   modbus:       21       0
                    mysql:        0       1
              netbios-dgm:        2       2
              netbios-ssn:       40       5
                      sip:        2       0
                     snmp:        8       3
                      ssl:        2       0
                   syslog:        1       0
                     tftp:        1       0
                    total:      155      32
--------------------------------------------------
fast pattern groups
                      dst: 2
                to_server: 3
                to_client: 3
--------------------------------------------------
search engine (ac_bnfa)
                instances: 7
                 patterns: 167
            pattern chars: 1390
               num states: 919
         num match states: 62
             memory scale: KB
             total memory: 38.6475
           pattern memory: 7.87402
        match list memory: 12.3984
        transition memory: 17.5
        fast pattern only: 2
appid: MaxRss diff: 3200
appid: patterns loaded: 300
--------------------------------------------------
afpacket DAQ configured to passive.
Commencing packet processing
Retry queue interval is: 200 ms
Retry queue interval is: 200 ms
Retry queue interval is: 200 ms
++ [0] enp3s0
++ [1] enp3s0
++ [2] enp3s0
** caught int signal
== stopping
-- [1] enp3s0
-- [2] enp3s0
-- [0] enp3s0
--------------------------------------------------
Packet Statistics
--------------------------------------------------
daq
                 received: 8920409
                 analyzed: 8920407
                  dropped: 5722977
                    allow: 8920407
                     idle: 184
                 rx_bytes: 11958905412
--------------------------------------------------
codec
                    total: 8920407     	(100.000%)
                      arp: 24          	(  0.000%)
                      eth: 8920407     	(100.000%)
                    icmp4: 42          	(  0.000%)
                 icmp4_ip: 42          	(  0.000%)
                     ipv4: 8920383     	(100.000%)
                      tcp: 8920231     	( 99.998%)
                      udp: 110         	(  0.001%)
--------------------------------------------------
Module Statistics
--------------------------------------------------
ac_bnfa
                 searches: 8920228
                  matches: 11894443
                    bytes: 11477198172
--------------------------------------------------
ac_full
                 searches: 49
                    bytes: 1911
--------------------------------------------------
appid
                  packets: 8920383
        processed_packets: 152
          ignored_packets: 8920231
           total_sessions: 55
       service_cache_adds: 6
             bytes_in_use: 1008
             items_in_use: 6
--------------------------------------------------
arp_spoof
                  packets: 24
--------------------------------------------------
back_orifice
                  packets: 110
--------------------------------------------------
binder
              raw_packets: 8920255
                new_flows: 55
                 inspects: 8920310
--------------------------------------------------
detection
                 analyzed: 8920407
               hard_evals: 17841362
             raw_searches: 8920228
             pkt_searches: 8920228
                   alerts: 11884699
             total_alerts: 11884699
                   logged: 11884699
--------------------------------------------------
dns
                  packets: 110
                 requests: 110
             dns_over_udp: 110
--------------------------------------------------
ips_actions
                    alert: 11884699
--------------------------------------------------
port_scan
                  packets: 8920383
                 trackers: 173
--------------------------------------------------
search_engine
               max_queued: 2
            total_flushed: 11894443
            total_inserts: 11894443
             total_unique: 11894443
     non_qualified_events: 17851106
         qualified_events: 11884699
--------------------------------------------------
stream
                    flows: 55
 no_flow_no_proto_handler: 8920231
--------------------------------------------------
stream_icmp
                 sessions: 6
                      max: 2
                  created: 6
                 released: 6
--------------------------------------------------
stream_udp
                 sessions: 49
                      max: 22
                  created: 49
                 released: 49
              total_bytes: 4290
--------------------------------------------------
Appid Statistics
--------------------------------------------------
detected apps and services
              Application: Services   Clients    Users      Payloads   Misc       Referred  
                  unknown: 6          49         0          0          0          0         
--------------------------------------------------
Summary Statistics
--------------------------------------------------
process
                  signals: 1
--------------------------------------------------
timing
                  runtime: 00:01:26
                  seconds: 86.707884
                 pkts/sec: 102879
                Mbits/sec: 1103
o")~   Snort exiting
