--------------------------------------------------
o")~   Snort++ 3.10.2.0
--------------------------------------------------
Loading /home/cloudstack/raphael/snort3/etc/snort/snort.lua:
Loading snort_defaults.lua:
Finished snort_defaults.lua:
	classifications
	ips
	references
	binder
	wizard
	appid
	js_norm
	trace
	http2_inspect
	http_inspect
	ftp_data
	ftp_client
	ftp_server
	smtp
	gtp_inspect
	network
	opcua
	so_proxy
	dnp3
	ssl
	decode
	arp_spoof
	active
	alerts
	daq
	output
	host_cache
	host_tracker
	hosts
	packets
	process
	search_engine
	stream
	stream_ip
	stream_icmp
	stream_udp
	stream_user
	stream_file
	back_orifice
	dns
	imap
	netflow
	normalizer
	pop
	rpc_decode
	sip
	ssh
	telnet
	cip
	iec104
	mms
	modbus
	s7commplus
	dce_smb
	dce_tcp
	dce_udp
	dce_http_proxy
	dce_http_server
	port_scan
Finished /home/cloudstack/raphael/snort3/etc/snort/snort.lua:
Loading rule args:
Loading /home/cloudstack/raphael/snort3/rules/oi.rules:
Finished /home/cloudstack/raphael/snort3/rules/oi.rules:
Finished rule args:
--------------------------------------------------
pcre counts
               pcre_rules: 2
              pcre_native: 2
--------------------------------------------------
ips policies rule stats
              id  loaded  shared enabled    file
               0     186       0     186    /home/cloudstack/raphael/snort3/etc/snort/snort.lua
--------------------------------------------------
rule counts
       total rules loaded: 186
               text rules: 186
            option chains: 186
            chain headers: 72
                 flowbits: 5
     flowbits not checked: 1
         flowbits not set: 2
--------------------------------------------------
port rule counts
             tcp     udp    icmp      ip
     any      19      12      12      12
     src       5       2       0       0
     dst      40      18       0       0
    both       0       3       0       0
   total      64      35      12      12
--------------------------------------------------
service rule counts          to-srv  to-cli
                   dcerpc:       70      12
                     dnp3:        0       6
                      dns:        4       2
                   gopher:        0       1
                     http:        1       0
                    http2:        1       0
                    http3:        1       0
                     imap:        1       0
                   modbus:       21       0
                    mysql:        0       1
              netbios-dgm:        2       2
              netbios-ssn:       40       5
                      sip:        2       0
                     snmp:        8       3
                      ssl:        2       0
                   syslog:        1       0
                     tftp:        1       0
                    total:      155      32
--------------------------------------------------
fast pattern groups
                      dst: 2
                to_server: 3
                to_client: 3
--------------------------------------------------
search engine (ac_bnfa)
                instances: 7
                 patterns: 167
            pattern chars: 1390
               num states: 919
         num match states: 62
             memory scale: KB
             total memory: 38.6475
           pattern memory: 7.87402
        match list memory: 12.3984
        transition memory: 17.5
        fast pattern only: 2
appid: MaxRss diff: 3200
appid: patterns loaded: 300
--------------------------------------------------
afpacket DAQ configured to passive.
Commencing packet processing
Retry queue interval is: 200 ms
Retry queue interval is: 200 ms
Retry queue interval is: 200 ms
++ [0] enp3s0
++ [1] enp3s0
++ [2] enp3s0
** caught int signal
== stopping
-- [1] enp3s0
-- [0] enp3s0
-- [2] enp3s0
--------------------------------------------------
Packet Statistics
--------------------------------------------------
daq
                 received: 8854111
                 analyzed: 8854105
                  dropped: 5789265
                    allow: 8854105
                     idle: 182
                 rx_bytes: 11870213246
--------------------------------------------------
codec
                    total: 8854105     	(100.000%)
                      arp: 24          	(  0.000%)
                      eth: 8854105     	(100.000%)
                    icmp4: 40          	(  0.000%)
                 icmp4_ip: 40          	(  0.000%)
                     ipv4: 8854081     	(100.000%)
                      tcp: 8853943     	( 99.998%)
                      udp: 98          	(  0.001%)
--------------------------------------------------
Module Statistics
--------------------------------------------------
ac_bnfa
                 searches: 8853940
                  matches: 11805336
                    bytes: 11392086748
--------------------------------------------------
ac_full
                 searches: 45
                    bytes: 1755
--------------------------------------------------
appid
                  packets: 8854081
        processed_packets: 138
          ignored_packets: 8853943
           total_sessions: 50
       service_cache_adds: 6
             bytes_in_use: 1008
             items_in_use: 6
--------------------------------------------------
arp_spoof
                  packets: 24
--------------------------------------------------
back_orifice
                  packets: 98
--------------------------------------------------
binder
              raw_packets: 8853967
                new_flows: 50
                 inspects: 8854017
--------------------------------------------------
detection
                 analyzed: 8854105
               hard_evals: 17708710
             raw_searches: 8853940
             pkt_searches: 8853940
                   alerts: 11795592
             total_alerts: 11795592
                   logged: 11795592
--------------------------------------------------
dns
                  packets: 98
                 requests: 98
             dns_over_udp: 98
--------------------------------------------------
ips_actions
                    alert: 11795592
--------------------------------------------------
port_scan
                  packets: 8854081
                 trackers: 170
--------------------------------------------------
search_engine
               max_queued: 2
            total_flushed: 11805336
            total_inserts: 11805336
             total_unique: 11805336
     non_qualified_events: 17718454
         qualified_events: 11795592
--------------------------------------------------
stream
                    flows: 50
 no_flow_no_proto_handler: 8853943
--------------------------------------------------
stream_icmp
                 sessions: 5
                      max: 2
                  created: 5
                 released: 5
--------------------------------------------------
stream_udp
                 sessions: 45
                      max: 19
                  created: 45
                 released: 45
              total_bytes: 3822
--------------------------------------------------
Appid Statistics
--------------------------------------------------
detected apps and services
              Application: Services   Clients    Users      Payloads   Misc       Referred  
                  unknown: 5          45         0          0          0          0         
--------------------------------------------------
Summary Statistics
--------------------------------------------------
process
                  signals: 1
--------------------------------------------------
timing
                  runtime: 00:01:27
                  seconds: 87.000326
                 pkts/sec: 101771
                Mbits/sec: 1092
o")~   Snort exiting
