--------------------------------------------------
o")~   Snort++ 3.10.2.0
--------------------------------------------------
Loading /home/cloudstack/raphael/snort3/etc/snort/snort.lua:
Loading snort_defaults.lua:
Finished snort_defaults.lua:
	arp_spoof
	back_orifice
	dns
	imap
	netflow
	normalizer
	pop
	ssh
	telnet
	modbus
	s7commplus
	dce_smb
	dce_tcp
	dce_udp
	dce_http_proxy
	dce_http_server
	gtp_inspect
	output
	smtp
	ftp_client
	ftp_data
	http_inspect
	http2_inspect
	js_norm
	appid
	wizard
	binder
	references
	classifications
	trace
	ips
	ftp_server
	port_scan
	opcua
	mms
	iec104
	dnp3
	cip
	ssl
	sip
	rpc_decode
	stream_file
	stream_user
	stream_udp
	active
	alerts
	daq
	decode
	host_cache
	host_tracker
	hosts
	network
	packets
	process
	search_engine
	so_proxy
	stream
	stream_ip
	stream_icmp
Finished /home/cloudstack/raphael/snort3/etc/snort/snort.lua:
Loading rule args:
Loading /home/cloudstack/raphael/snort3/rules/oi.rules:
Finished /home/cloudstack/raphael/snort3/rules/oi.rules:
Finished rule args:
--------------------------------------------------
pcre counts
               pcre_rules: 2
              pcre_native: 2
--------------------------------------------------
ips policies rule stats
              id  loaded  shared enabled    file
               0     186       0     186    /home/cloudstack/raphael/snort3/etc/snort/snort.lua
--------------------------------------------------
rule counts
       total rules loaded: 186
               text rules: 186
            option chains: 186
            chain headers: 72
                 flowbits: 5
     flowbits not checked: 1
         flowbits not set: 2
--------------------------------------------------
port rule counts
             tcp     udp    icmp      ip
     any      19      12      12      12
     src       5       2       0       0
     dst      40      18       0       0
    both       0       3       0       0
   total      64      35      12      12
--------------------------------------------------
service rule counts          to-srv  to-cli
                   dcerpc:       70      12
                     dnp3:        0       6
                      dns:        4       2
                   gopher:        0       1
                     http:        1       0
                    http2:        1       0
                    http3:        1       0
                     imap:        1       0
                   modbus:       21       0
                    mysql:        0       1
              netbios-dgm:        2       2
              netbios-ssn:       40       5
                      sip:        2       0
                     snmp:        8       3
                      ssl:        2       0
                   syslog:        1       0
                     tftp:        1       0
                    total:      155      32
--------------------------------------------------
fast pattern groups
                      dst: 2
                to_server: 3
                to_client: 3
--------------------------------------------------
search engine (ac_bnfa)
                instances: 7
                 patterns: 167
            pattern chars: 1390
               num states: 919
         num match states: 62
             memory scale: KB
             total memory: 38.6475
           pattern memory: 7.87402
        match list memory: 12.3984
        transition memory: 17.5
        fast pattern only: 2
appid: MaxRss diff: 3072
appid: patterns loaded: 300
--------------------------------------------------
afpacket DAQ configured to passive.
Commencing packet processing
Retry queue interval is: 200 ms
Retry queue interval is: 200 ms
++ [0] enp3s0
++ [1] enp3s0
** caught int signal
== stopping
-- [0] enp3s0
-- [1] enp3s0
--------------------------------------------------
Packet Statistics
--------------------------------------------------
daq
                 received: 6150367
                 analyzed: 6150361
                  dropped: 8493027
                    allow: 6150361
                     idle: 114
                 rx_bytes: 8244894913
--------------------------------------------------
codec
                    total: 6150361     	(100.000%)
                      arp: 30          	(  0.000%)
                      eth: 6150361     	(100.000%)
                    icmp4: 40          	(  0.001%)
                 icmp4_ip: 40          	(  0.001%)
                     ipv4: 6150331     	(100.000%)
                      tcp: 6150190     	( 99.997%)
                      udp: 101         	(  0.002%)
--------------------------------------------------
Module Statistics
--------------------------------------------------
ac_bnfa
                 searches: 6150187
                  matches: 8202057
                    bytes: 7912770528
--------------------------------------------------
ac_full
                 searches: 47
                    bytes: 1833
--------------------------------------------------
appid
                  packets: 6150331
        processed_packets: 141
          ignored_packets: 6150190
           total_sessions: 51
       service_cache_adds: 4
             bytes_in_use: 672
             items_in_use: 4
--------------------------------------------------
arp_spoof
                  packets: 30
--------------------------------------------------
back_orifice
                  packets: 101
--------------------------------------------------
binder
              raw_packets: 6150220
                new_flows: 51
                 inspects: 6150271
--------------------------------------------------
detection
                 analyzed: 6150361
               hard_evals: 12301137
             raw_searches: 6150187
             pkt_searches: 6150187
                   alerts: 8192313
             total_alerts: 8192313
                   logged: 8192313
--------------------------------------------------
dns
                  packets: 101
                 requests: 101
             dns_over_udp: 101
--------------------------------------------------
ips_actions
                    alert: 8192313
--------------------------------------------------
port_scan
                  packets: 6150331
                 trackers: 117
--------------------------------------------------
search_engine
               max_queued: 2
            total_flushed: 8202057
            total_inserts: 8202057
             total_unique: 8202057
     non_qualified_events: 12310881
         qualified_events: 8192313
--------------------------------------------------
stream
                    flows: 51
 no_flow_no_proto_handler: 6150190
--------------------------------------------------
stream_icmp
                 sessions: 4
                      max: 2
                  created: 4
                 released: 4
--------------------------------------------------
stream_udp
                 sessions: 47
                      max: 25
                  created: 47
                 released: 47
              total_bytes: 3939
--------------------------------------------------
Appid Statistics
--------------------------------------------------
detected apps and services
              Application: Services   Clients    Users      Payloads   Misc       Referred  
                  unknown: 4          47         0          0          0          0         
--------------------------------------------------
Summary Statistics
--------------------------------------------------
process
                  signals: 1
--------------------------------------------------
timing
                  runtime: 00:01:26
                  seconds: 86.996471
                 pkts/sec: 70697
                Mbits/sec: 758
o")~   Snort exiting
