--------------------------------------------------
o")~   Snort++ 3.10.2.0
--------------------------------------------------
Loading /home/cloudstack/raphael/snort3/etc/snort/snort.lua:
Loading snort_defaults.lua:
Finished snort_defaults.lua:
	opcua
	s7commplus
	dce_smb
	dce_tcp
	dce_udp
	dce_http_proxy
	dce_http_server
	smtp
	ftp_server
	packets
	process
	search_engine
	so_proxy
	js_norm
	appid
	stream
	stream_ip
	stream_icmp
	stream_udp
	stream_user
	stream_file
	arp_spoof
	back_orifice
	dns
	imap
	netflow
	pop
	sip
	ssh
	ssl
	cip
	dnp3
	mms
	modbus
	trace
	references
	classifications
	alerts
	decode
	host_cache
	host_tracker
	hosts
	network
	output
	binder
	wizard
	http2_inspect
	http_inspect
	ftp_data
	ftp_client
	port_scan
	gtp_inspect
	iec104
	telnet
	rpc_decode
	normalizer
	daq
	ips
	active
Finished /home/cloudstack/raphael/snort3/etc/snort/snort.lua:
Loading rule args:
Loading /home/cloudstack/raphael/snort3/rules/oi.rules:
Finished /home/cloudstack/raphael/snort3/rules/oi.rules:
Finished rule args:
--------------------------------------------------
pcre counts
               pcre_rules: 2
              pcre_native: 2
--------------------------------------------------
ips policies rule stats
              id  loaded  shared enabled    file
               0     186       0     186    /home/cloudstack/raphael/snort3/etc/snort/snort.lua
--------------------------------------------------
rule counts
       total rules loaded: 186
               text rules: 186
            option chains: 186
            chain headers: 72
                 flowbits: 5
     flowbits not checked: 1
         flowbits not set: 2
--------------------------------------------------
port rule counts
             tcp     udp    icmp      ip
     any      19      12      12      12
     src       5       2       0       0
     dst      40      18       0       0
    both       0       3       0       0
   total      64      35      12      12
--------------------------------------------------
service rule counts          to-srv  to-cli
                   dcerpc:       70      12
                     dnp3:        0       6
                      dns:        4       2
                   gopher:        0       1
                     http:        1       0
                    http2:        1       0
                    http3:        1       0
                     imap:        1       0
                   modbus:       21       0
                    mysql:        0       1
              netbios-dgm:        2       2
              netbios-ssn:       40       5
                      sip:        2       0
                     snmp:        8       3
                      ssl:        2       0
                   syslog:        1       0
                     tftp:        1       0
                    total:      155      32
--------------------------------------------------
fast pattern groups
                      dst: 2
                to_server: 3
                to_client: 3
--------------------------------------------------
search engine (ac_bnfa)
                instances: 7
                 patterns: 167
            pattern chars: 1390
               num states: 919
         num match states: 62
             memory scale: KB
             total memory: 38.6475
           pattern memory: 7.87402
        match list memory: 12.3984
        transition memory: 17.5
        fast pattern only: 2
appid: MaxRss diff: 3456
appid: patterns loaded: 300
--------------------------------------------------
afpacket DAQ configured to passive.
Commencing packet processing
Retry queue interval is: 200 ms
Retry queue interval is: 200 ms
Retry queue interval is: 200 ms
Retry queue interval is: 200 ms
Retry queue interval is: 200 ms
++ [0] enp3s0
++ [1] enp3s0
++ [2] enp3s0
++ [3] enp3s0
++ [4] enp3s0
** caught int signal
== stopping
-- [2] enp3s0
-- [3] enp3s0
-- [4] enp3s0
-- [0] enp3s0
-- [1] enp3s0
--------------------------------------------------
Packet Statistics
--------------------------------------------------
daq
                 received: 13845834
                 analyzed: 13845832
                  dropped: 797538
                    allow: 13845832
                     idle: 320
                 rx_bytes: 18562088883
--------------------------------------------------
codec
                    total: 13845832    	(100.000%)
                      arp: 28          	(  0.000%)
                      eth: 13845832    	(100.000%)
                    icmp4: 38          	(  0.000%)
                 icmp4_ip: 38          	(  0.000%)
                     ipv4: 13845804    	(100.000%)
                      tcp: 13845668    	( 99.999%)
                      udp: 98          	(  0.001%)
--------------------------------------------------
Module Statistics
--------------------------------------------------
ac_bnfa
                 searches: 13845665
                  matches: 18460715
                    bytes: 17814409249
--------------------------------------------------
ac_full
                 searches: 44
                    bytes: 1716
--------------------------------------------------
appid
                  packets: 13845804
        processed_packets: 136
          ignored_packets: 13845668
           total_sessions: 54
       service_cache_adds: 10
             bytes_in_use: 1680
             items_in_use: 10
--------------------------------------------------
arp_spoof
                  packets: 28
--------------------------------------------------
back_orifice
                  packets: 98
--------------------------------------------------
binder
              raw_packets: 13845696
                new_flows: 54
                 inspects: 13845750
--------------------------------------------------
detection
                 analyzed: 13845832
               hard_evals: 27692566
             raw_searches: 13845665
             pkt_searches: 13845665
                   alerts: 18450971
             total_alerts: 18450971
                   logged: 18450971
--------------------------------------------------
dns
                  packets: 98
                 requests: 98
             dns_over_udp: 98
--------------------------------------------------
ips_actions
                    alert: 18450971
--------------------------------------------------
port_scan
                  packets: 13845804
                 trackers: 281
--------------------------------------------------
search_engine
               max_queued: 2
            total_flushed: 18460715
            total_inserts: 18460715
             total_unique: 18460715
     non_qualified_events: 27702310
         qualified_events: 18450971
--------------------------------------------------
stream
                    flows: 54
 no_flow_no_proto_handler: 13845668
--------------------------------------------------
stream_icmp
                 sessions: 10
                      max: 2
                  created: 10
                 released: 10
--------------------------------------------------
stream_udp
                 sessions: 44
                      max: 11
                  created: 44
                 released: 44
              total_bytes: 3822
--------------------------------------------------
Appid Statistics
--------------------------------------------------
detected apps and services
              Application: Services   Clients    Users      Payloads   Misc       Referred  
                  unknown: 10         44         0          0          0          0         
--------------------------------------------------
Summary Statistics
--------------------------------------------------
process
                  signals: 1
--------------------------------------------------
timing
                  runtime: 00:01:26
                  seconds: 86.931541
                 pkts/sec: 159273
                Mbits/sec: 1708
o")~   Snort exiting
