--------------------------------------------------
o")~   Snort++ 3.10.2.0
--------------------------------------------------
Loading /home/cloudstack/raphael/snort3/etc/snort/snort.lua:
Loading snort_defaults.lua:
Finished snort_defaults.lua:
	trace
	ips
	classifications
	references
	output
	stream
	stream_icmp
	stream_user
	arp_spoof
	back_orifice
	dns
	port_scan
	gtp_inspect
	dce_http_server
	netflow
	dce_udp
	normalizer
	active
	alerts
	daq
	decode
	host_cache
	host_tracker
	hosts
	network
	packets
	process
	search_engine
	so_proxy
	dce_smb
	cip
	dnp3
	stream_ip
	stream_udp
	stream_file
	imap
	pop
	rpc_decode
	sip
	ssh
	ssl
	telnet
	iec104
	mms
	modbus
	opcua
	s7commplus
	dce_tcp
	dce_http_proxy
	smtp
	ftp_server
	ftp_client
	ftp_data
	http_inspect
	http2_inspect
	js_norm
	appid
	wizard
	binder
Finished /home/cloudstack/raphael/snort3/etc/snort/snort.lua:
Loading rule args:
Loading /home/cloudstack/raphael/snort3/rules/oi.rules:
Finished /home/cloudstack/raphael/snort3/rules/oi.rules:
Finished rule args:
--------------------------------------------------
pcre counts
               pcre_rules: 2
              pcre_native: 2
--------------------------------------------------
ips policies rule stats
              id  loaded  shared enabled    file
               0     186       0     186    /home/cloudstack/raphael/snort3/etc/snort/snort.lua
--------------------------------------------------
rule counts
       total rules loaded: 186
               text rules: 186
            option chains: 186
            chain headers: 72
                 flowbits: 5
     flowbits not checked: 1
         flowbits not set: 2
--------------------------------------------------
port rule counts
             tcp     udp    icmp      ip
     any      19      12      12      12
     src       5       2       0       0
     dst      40      18       0       0
    both       0       3       0       0
   total      64      35      12      12
--------------------------------------------------
service rule counts          to-srv  to-cli
                   dcerpc:       70      12
                     dnp3:        0       6
                      dns:        4       2
                   gopher:        0       1
                     http:        1       0
                    http2:        1       0
                    http3:        1       0
                     imap:        1       0
                   modbus:       21       0
                    mysql:        0       1
              netbios-dgm:        2       2
              netbios-ssn:       40       5
                      sip:        2       0
                     snmp:        8       3
                      ssl:        2       0
                   syslog:        1       0
                     tftp:        1       0
                    total:      155      32
--------------------------------------------------
fast pattern groups
                      dst: 2
                to_server: 3
                to_client: 3
--------------------------------------------------
search engine (ac_bnfa)
                instances: 7
                 patterns: 167
            pattern chars: 1390
               num states: 919
         num match states: 62
             memory scale: KB
             total memory: 38.6475
           pattern memory: 7.87402
        match list memory: 12.3984
        transition memory: 17.5
        fast pattern only: 2
appid: MaxRss diff: 3456
appid: patterns loaded: 300
--------------------------------------------------
afpacket DAQ configured to passive.
Commencing packet processing
Retry queue interval is: 200 ms
Retry queue interval is: 200 ms
Retry queue interval is: 200 ms
Retry queue interval is: 200 ms
Retry queue interval is: 200 ms
++ [0] enp3s0
++ [1] enp3s0
++ [2] enp3s0
++ [3] enp3s0
++ [4] enp3s0
** caught int signal
== stopping
-- [4] enp3s0
-- [3] enp3s0
-- [2] enp3s0
-- [0] enp3s0
-- [1] enp3s0
--------------------------------------------------
Packet Statistics
--------------------------------------------------
daq
                 received: 13831397
                 analyzed: 13831397
                  dropped: 812003
                    allow: 13831397
                     idle: 312
                 rx_bytes: 18542674903
--------------------------------------------------
codec
                    total: 13831397    	(100.000%)
                      arp: 32          	(  0.000%)
                      eth: 13831397    	(100.000%)
                    icmp4: 56          	(  0.000%)
                 icmp4_ip: 46          	(  0.000%)
                     ipv4: 13831365    	(100.000%)
                      tcp: 13831201    	( 99.999%)
                      udp: 108         	(  0.001%)
--------------------------------------------------
Module Statistics
--------------------------------------------------
ac_bnfa
                 searches: 13831198
                  matches: 18441511
                    bytes: 17795773621
--------------------------------------------------
ac_full
                 searches: 50
                    bytes: 1950
--------------------------------------------------
appid
                  packets: 13831365
        processed_packets: 164
          ignored_packets: 13831201
           total_sessions: 60
       service_cache_adds: 10
             bytes_in_use: 1680
             items_in_use: 10
--------------------------------------------------
arp_spoof
                  packets: 32
--------------------------------------------------
back_orifice
                  packets: 108
--------------------------------------------------
binder
              raw_packets: 13831233
                new_flows: 60
                 inspects: 13831293
--------------------------------------------------
detection
                 analyzed: 13831397
               hard_evals: 27663680
             raw_searches: 13831198
             pkt_searches: 13831198
                   alerts: 18431767
             total_alerts: 18431767
                   logged: 18431767
--------------------------------------------------
dns
                  packets: 108
                 requests: 108
             dns_over_udp: 108
--------------------------------------------------
ips_actions
                    alert: 18431767
--------------------------------------------------
port_scan
                  packets: 13831365
                 trackers: 281
--------------------------------------------------
search_engine
               max_queued: 2
            total_flushed: 18441511
            total_inserts: 18441511
             total_unique: 18441511
     non_qualified_events: 27673424
         qualified_events: 18431767
--------------------------------------------------
stream
                    flows: 60
 no_flow_no_proto_handler: 13831201
--------------------------------------------------
stream_icmp
                 sessions: 10
                      max: 2
                  created: 10
                 released: 10
--------------------------------------------------
stream_udp
                 sessions: 50
                      max: 13
                  created: 50
                 released: 50
              total_bytes: 4212
--------------------------------------------------
Appid Statistics
--------------------------------------------------
detected apps and services
              Application: Services   Clients    Users      Payloads   Misc       Referred  
                  unknown: 10         50         0          0          0          0         
--------------------------------------------------
Summary Statistics
--------------------------------------------------
process
                  signals: 1
--------------------------------------------------
timing
                  runtime: 00:01:26
                  seconds: 86.980752
                 pkts/sec: 159017
                Mbits/sec: 1705
o")~   Snort exiting
