--------------------------------------------------
o")~   Snort++ 3.10.2.0
--------------------------------------------------
Loading /home/cloudstack/raphael/snort3/etc/snort/snort.lua:
Loading snort_defaults.lua:
Finished snort_defaults.lua:
	classifications
	ssh
	references
	output
	http_inspect
	ftp_data
	ftp_client
	dce_udp
	dce_tcp
	dnp3
	ssl
	decode
	daq
	active
	trace
	alerts
	host_cache
	host_tracker
	hosts
	network
	packets
	process
	search_engine
	so_proxy
	stream
	stream_ip
	stream_icmp
	stream_udp
	stream_user
	stream_file
	arp_spoof
	back_orifice
	dns
	imap
	netflow
	normalizer
	pop
	rpc_decode
	sip
	telnet
	cip
	iec104
	mms
	modbus
	opcua
	s7commplus
	dce_smb
	dce_http_proxy
	dce_http_server
	gtp_inspect
	port_scan
	smtp
	ftp_server
	http2_inspect
	js_norm
	appid
	wizard
	binder
	ips
Finished /home/cloudstack/raphael/snort3/etc/snort/snort.lua:
Loading rule args:
Loading /home/cloudstack/raphael/snort3/rules/oi.rules:
Finished /home/cloudstack/raphael/snort3/rules/oi.rules:
Finished rule args:
--------------------------------------------------
pcre counts
               pcre_rules: 2
              pcre_native: 2
--------------------------------------------------
ips policies rule stats
              id  loaded  shared enabled    file
               0     186       0     186    /home/cloudstack/raphael/snort3/etc/snort/snort.lua
--------------------------------------------------
rule counts
       total rules loaded: 186
               text rules: 186
            option chains: 186
            chain headers: 72
                 flowbits: 5
     flowbits not checked: 1
         flowbits not set: 2
--------------------------------------------------
port rule counts
             tcp     udp    icmp      ip
     any      19      12      12      12
     src       5       2       0       0
     dst      40      18       0       0
    both       0       3       0       0
   total      64      35      12      12
--------------------------------------------------
service rule counts          to-srv  to-cli
                   dcerpc:       70      12
                     dnp3:        0       6
                      dns:        4       2
                   gopher:        0       1
                     http:        1       0
                    http2:        1       0
                    http3:        1       0
                     imap:        1       0
                   modbus:       21       0
                    mysql:        0       1
              netbios-dgm:        2       2
              netbios-ssn:       40       5
                      sip:        2       0
                     snmp:        8       3
                      ssl:        2       0
                   syslog:        1       0
                     tftp:        1       0
                    total:      155      32
--------------------------------------------------
fast pattern groups
                      dst: 2
                to_server: 3
                to_client: 3
--------------------------------------------------
search engine (ac_bnfa)
                instances: 7
                 patterns: 167
            pattern chars: 1390
               num states: 919
         num match states: 62
             memory scale: KB
             total memory: 38.6475
           pattern memory: 7.87402
        match list memory: 12.3984
        transition memory: 17.5
        fast pattern only: 2
appid: MaxRss diff: 3200
appid: patterns loaded: 300
--------------------------------------------------
afpacket DAQ configured to passive.
Commencing packet processing
Retry queue interval is: 200 ms
Retry queue interval is: 200 ms
Retry queue interval is: 200 ms
++ [0] enp3s0
++ [1] enp3s0
++ [2] enp3s0
** caught int signal
== stopping
-- [1] enp3s0
-- [0] enp3s0
-- [2] enp3s0
--------------------------------------------------
Packet Statistics
--------------------------------------------------
daq
                 received: 8905719
                 analyzed: 8905719
                  dropped: 5737657
                    allow: 8905719
                     idle: 185
                 rx_bytes: 11938868136
--------------------------------------------------
codec
                    total: 8905719     	(100.000%)
                      arp: 28          	(  0.000%)
                      eth: 8905719     	(100.000%)
                    icmp4: 42          	(  0.000%)
                 icmp4_ip: 42          	(  0.000%)
                     ipv4: 8905691     	(100.000%)
                      tcp: 8905548     	( 99.998%)
                      udp: 101         	(  0.001%)
--------------------------------------------------
Module Statistics
--------------------------------------------------
ac_bnfa
                 searches: 8905545
                  matches: 11875077
                    bytes: 11457954303
--------------------------------------------------
ac_full
                 searches: 47
                    bytes: 1833
--------------------------------------------------
appid
                  packets: 8905691
        processed_packets: 143
          ignored_packets: 8905548
           total_sessions: 53
       service_cache_adds: 6
             bytes_in_use: 1008
             items_in_use: 6
--------------------------------------------------
arp_spoof
                  packets: 28
--------------------------------------------------
back_orifice
                  packets: 101
--------------------------------------------------
binder
              raw_packets: 8905576
                new_flows: 53
                 inspects: 8905629
--------------------------------------------------
detection
                 analyzed: 8905719
               hard_evals: 17811947
             raw_searches: 8905545
             pkt_searches: 8905545
                   alerts: 11865333
             total_alerts: 11865333
                   logged: 11865333
--------------------------------------------------
dns
                  packets: 101
                 requests: 101
             dns_over_udp: 101
--------------------------------------------------
ips_actions
                    alert: 11865333
--------------------------------------------------
port_scan
                  packets: 8905691
                 trackers: 171
--------------------------------------------------
search_engine
               max_queued: 2
            total_flushed: 11875077
            total_inserts: 11875077
             total_unique: 11875077
     non_qualified_events: 17821691
         qualified_events: 11865333
--------------------------------------------------
stream
                    flows: 53
 no_flow_no_proto_handler: 8905548
--------------------------------------------------
stream_icmp
                 sessions: 6
                      max: 2
                  created: 6
                 released: 6
--------------------------------------------------
stream_udp
                 sessions: 47
                      max: 16
                  created: 47
                 released: 47
              total_bytes: 3939
--------------------------------------------------
Appid Statistics
--------------------------------------------------
detected apps and services
              Application: Services   Clients    Users      Payloads   Misc       Referred  
                  unknown: 6          47         0          0          0          0         
--------------------------------------------------
Summary Statistics
--------------------------------------------------
process
                  signals: 1
--------------------------------------------------
timing
                  runtime: 00:01:27
                  seconds: 87.004630
                 pkts/sec: 102359
                Mbits/sec: 1098
o")~   Snort exiting
