--------------------------------------------------
o")~   Snort++ 3.10.2.0
--------------------------------------------------
Loading /home/cloudstack/raphael/snort3/etc/snort/snort.lua:
Loading snort_defaults.lua:
Finished snort_defaults.lua:
	trace
	output
	s7commplus
	ftp_server
	appid
	classifications
	references
	binder
	wizard
	js_norm
	http2_inspect
	http_inspect
	ftp_data
	ftp_client
	smtp
	port_scan
	gtp_inspect
	dce_http_server
	dce_http_proxy
	dce_udp
	dce_tcp
	dce_smb
	opcua
	modbus
	mms
	iec104
	dnp3
	cip
	telnet
	ssl
	ssh
	sip
	rpc_decode
	pop
	normalizer
	netflow
	imap
	dns
	back_orifice
	arp_spoof
	stream_file
	stream_user
	stream_udp
	stream_icmp
	stream_ip
	stream
	hosts
	ips
	process
	search_engine
	active
	alerts
	daq
	decode
	host_cache
	host_tracker
	network
	packets
	so_proxy
Finished /home/cloudstack/raphael/snort3/etc/snort/snort.lua:
Loading rule args:
Loading /home/cloudstack/raphael/snort3/rules/oi.rules:
Finished /home/cloudstack/raphael/snort3/rules/oi.rules:
Finished rule args:
--------------------------------------------------
pcre counts
               pcre_rules: 2
              pcre_native: 2
--------------------------------------------------
ips policies rule stats
              id  loaded  shared enabled    file
               0     186       0     186    /home/cloudstack/raphael/snort3/etc/snort/snort.lua
--------------------------------------------------
rule counts
       total rules loaded: 186
               text rules: 186
            option chains: 186
            chain headers: 72
                 flowbits: 5
     flowbits not checked: 1
         flowbits not set: 2
--------------------------------------------------
port rule counts
             tcp     udp    icmp      ip
     any      19      12      12      12
     src       5       2       0       0
     dst      40      18       0       0
    both       0       3       0       0
   total      64      35      12      12
--------------------------------------------------
service rule counts          to-srv  to-cli
                   dcerpc:       70      12
                     dnp3:        0       6
                      dns:        4       2
                   gopher:        0       1
                     http:        1       0
                    http2:        1       0
                    http3:        1       0
                     imap:        1       0
                   modbus:       21       0
                    mysql:        0       1
              netbios-dgm:        2       2
              netbios-ssn:       40       5
                      sip:        2       0
                     snmp:        8       3
                      ssl:        2       0
                   syslog:        1       0
                     tftp:        1       0
                    total:      155      32
--------------------------------------------------
fast pattern groups
                      dst: 2
                to_server: 3
                to_client: 3
--------------------------------------------------
search engine (ac_bnfa)
                instances: 7
                 patterns: 167
            pattern chars: 1390
               num states: 919
         num match states: 62
             memory scale: KB
             total memory: 38.6475
           pattern memory: 7.87402
        match list memory: 12.3984
        transition memory: 17.5
        fast pattern only: 2
appid: MaxRss diff: 3200
appid: patterns loaded: 300
--------------------------------------------------
afpacket DAQ configured to passive.
Commencing packet processing
Retry queue interval is: 200 ms
Retry queue interval is: 200 ms
Retry queue interval is: 200 ms
++ [0] enp3s0
++ [1] enp3s0
++ [2] enp3s0
** caught int signal
== stopping
-- [0] enp3s0
-- [1] enp3s0
-- [2] enp3s0
--------------------------------------------------
Packet Statistics
--------------------------------------------------
daq
                 received: 8949903
                 analyzed: 8949903
                  dropped: 5693513
                    allow: 8949903
                     idle: 184
                 rx_bytes: 11998328302
--------------------------------------------------
codec
                    total: 8949903     	(100.000%)
                      arp: 29          	(  0.000%)
                      eth: 8949903     	(100.000%)
                    icmp4: 48          	(  0.001%)
                 icmp4_ip: 38          	(  0.000%)
                     ipv4: 8949874     	(100.000%)
                      tcp: 8949708     	( 99.998%)
                      udp: 118         	(  0.001%)
--------------------------------------------------
Module Statistics
--------------------------------------------------
ac_bnfa
                 searches: 8949705
                  matches: 11933695
                    bytes: 11515027704
--------------------------------------------------
ac_full
                 searches: 77
                  matches: 611
                    bytes: 3291
--------------------------------------------------
appid
                  packets: 8949874
        processed_packets: 166
          ignored_packets: 8949708
           total_sessions: 68
       service_cache_adds: 21
             bytes_in_use: 3528
             items_in_use: 21
--------------------------------------------------
arp_spoof
                  packets: 29
--------------------------------------------------
back_orifice
                  packets: 118
--------------------------------------------------
binder
              raw_packets: 8949737
                new_flows: 68
                 inspects: 8949805
--------------------------------------------------
detection
                 analyzed: 8949903
               hard_evals: 17900228
             raw_searches: 8949705
             pkt_searches: 8949705
                   alerts: 11923951
             total_alerts: 11923951
                   logged: 11923951
--------------------------------------------------
dns
                  packets: 102
                 requests: 102
             dns_over_udp: 102
--------------------------------------------------
ips_actions
                    alert: 11923951
--------------------------------------------------
port_scan
                  packets: 8949874
                 trackers: 191
--------------------------------------------------
search_engine
               max_queued: 2
            total_flushed: 11933695
            total_inserts: 11933695
             total_unique: 11933695
     non_qualified_events: 17909972
         qualified_events: 11923951
--------------------------------------------------
stream
                    flows: 68
 no_flow_no_proto_handler: 8949708
--------------------------------------------------
stream_icmp
                 sessions: 7
                      max: 3
                  created: 7
                 released: 7
--------------------------------------------------
stream_udp
                 sessions: 61
                      max: 24
                  created: 61
                 released: 61
              total_bytes: 4746
--------------------------------------------------
wizard
                udp_scans: 16
               udp_misses: 16
--------------------------------------------------
Appid Statistics
--------------------------------------------------
detected apps and services
              Application: Services   Clients    Users      Payloads   Misc       Referred  
                  unknown: 7          45         0          0          0          0         
--------------------------------------------------
Summary Statistics
--------------------------------------------------
process
                  signals: 1
--------------------------------------------------
timing
                  runtime: 00:01:27
                  seconds: 87.229554
                 pkts/sec: 102602
                Mbits/sec: 1100
o")~   Snort exiting
