--------------------------------------------------
o")~   Snort++ 3.10.2.0
--------------------------------------------------
Loading /home/cloudstack/raphael/snort3/etc/snort/snort.lua:
Loading snort_defaults.lua:
Finished snort_defaults.lua:
	active
	alerts
	daq
	decode
	host_cache
	host_tracker
	hosts
	network
	packets
	process
	so_proxy
	stream
	stream_ip
	stream_udp
	stream_user
	stream_file
	arp_spoof
	back_orifice
	dns
	imap
	netflow
	normalizer
	pop
	rpc_decode
	sip
	ssh
	ssl
	telnet
	dnp3
	mms
	modbus
	references
	classifications
	binder
	wizard
	appid
	js_norm
	http2_inspect
	http_inspect
	ftp_data
	ftp_client
	ftp_server
	smtp
	port_scan
	gtp_inspect
	dce_http_server
	dce_http_proxy
	dce_udp
	dce_tcp
	dce_smb
	s7commplus
	opcua
	iec104
	cip
	stream_icmp
	trace
	output
	search_engine
	ips
Finished /home/cloudstack/raphael/snort3/etc/snort/snort.lua:
Loading rule args:
Loading /home/cloudstack/raphael/snort3/rules/oi.rules:
Finished /home/cloudstack/raphael/snort3/rules/oi.rules:
Finished rule args:
--------------------------------------------------
pcre counts
               pcre_rules: 2
              pcre_native: 2
--------------------------------------------------
ips policies rule stats
              id  loaded  shared enabled    file
               0     186       0     186    /home/cloudstack/raphael/snort3/etc/snort/snort.lua
--------------------------------------------------
rule counts
       total rules loaded: 186
               text rules: 186
            option chains: 186
            chain headers: 72
                 flowbits: 5
     flowbits not checked: 1
         flowbits not set: 2
--------------------------------------------------
port rule counts
             tcp     udp    icmp      ip
     any      19      12      12      12
     src       5       2       0       0
     dst      40      18       0       0
    both       0       3       0       0
   total      64      35      12      12
--------------------------------------------------
service rule counts          to-srv  to-cli
                   dcerpc:       70      12
                     dnp3:        0       6
                      dns:        4       2
                   gopher:        0       1
                     http:        1       0
                    http2:        1       0
                    http3:        1       0
                     imap:        1       0
                   modbus:       21       0
                    mysql:        0       1
              netbios-dgm:        2       2
              netbios-ssn:       40       5
                      sip:        2       0
                     snmp:        8       3
                      ssl:        2       0
                   syslog:        1       0
                     tftp:        1       0
                    total:      155      32
--------------------------------------------------
fast pattern groups
                      dst: 2
                to_server: 3
                to_client: 3
--------------------------------------------------
search engine (ac_bnfa)
                instances: 7
                 patterns: 167
            pattern chars: 1390
               num states: 919
         num match states: 62
             memory scale: KB
             total memory: 38.6475
           pattern memory: 7.87402
        match list memory: 12.3984
        transition memory: 17.5
        fast pattern only: 2
appid: MaxRss diff: 3328
appid: patterns loaded: 300
--------------------------------------------------
afpacket DAQ configured to passive.
Commencing packet processing
Retry queue interval is: 200 ms
Retry queue interval is: 200 ms
Retry queue interval is: 200 ms
Retry queue interval is: 200 ms
++ [0] enp3s0
++ [1] enp3s0
++ [2] enp3s0
++ [3] enp3s0
** caught int signal
== stopping
-- [0] enp3s0
-- [1] enp3s0
-- [2] enp3s0
-- [3] enp3s0
--------------------------------------------------
Packet Statistics
--------------------------------------------------
daq
                 received: 11542107
                 analyzed: 11542107
                  dropped: 3101277
                    allow: 11542107
                     idle: 255
                 rx_bytes: 15473377648
--------------------------------------------------
codec
                    total: 11542107    	(100.000%)
                      arp: 25          	(  0.000%)
                      eth: 11542107    	(100.000%)
                    icmp4: 42          	(  0.000%)
                 icmp4_ip: 42          	(  0.000%)
                     ipv4: 11542082    	(100.000%)
                      tcp: 11541935    	( 99.999%)
                      udp: 105         	(  0.001%)
--------------------------------------------------
Module Statistics
--------------------------------------------------
ac_bnfa
                 searches: 11541932
                  matches: 15388852
                    bytes: 14850098755
--------------------------------------------------
ac_full
                 searches: 47
                    bytes: 1833
--------------------------------------------------
appid
                  packets: 11542082
        processed_packets: 147
          ignored_packets: 11541935
           total_sessions: 54
       service_cache_adds: 8
             bytes_in_use: 1344
             items_in_use: 8
--------------------------------------------------
arp_spoof
                  packets: 25
--------------------------------------------------
back_orifice
                  packets: 105
--------------------------------------------------
binder
              raw_packets: 11541960
                new_flows: 54
                 inspects: 11542014
--------------------------------------------------
detection
                 analyzed: 11542107
               hard_evals: 23084929
             raw_searches: 11541932
             pkt_searches: 11541932
                   alerts: 15379108
             total_alerts: 15379108
                   logged: 15379108
--------------------------------------------------
dns
                  packets: 105
                 requests: 105
             dns_over_udp: 105
--------------------------------------------------
ips_actions
                    alert: 15379108
--------------------------------------------------
port_scan
                  packets: 11542082
                 trackers: 227
--------------------------------------------------
search_engine
               max_queued: 2
            total_flushed: 15388852
            total_inserts: 15388852
             total_unique: 15388852
     non_qualified_events: 23094673
         qualified_events: 15379108
--------------------------------------------------
stream
                    flows: 54
 no_flow_no_proto_handler: 11541935
--------------------------------------------------
stream_icmp
                 sessions: 7
                      max: 2
                  created: 7
                 released: 7
--------------------------------------------------
stream_udp
                 sessions: 47
                      max: 15
                  created: 47
                 released: 47
              total_bytes: 4095
--------------------------------------------------
Appid Statistics
--------------------------------------------------
detected apps and services
              Application: Services   Clients    Users      Payloads   Misc       Referred  
                  unknown: 7          47         0          0          0          0         
--------------------------------------------------
Summary Statistics
--------------------------------------------------
process
                  signals: 1
--------------------------------------------------
timing
                  runtime: 00:01:27
                  seconds: 87.062349
                 pkts/sec: 132573
                Mbits/sec: 1422
o")~   Snort exiting
