--------------------------------------------------
o")~   Snort++ 3.10.2.0
--------------------------------------------------
Loading /home/cloudstack/raphael/snort3/etc/snort/snort.lua:
Loading snort_defaults.lua:
Finished snort_defaults.lua:
	ips
	active
	alerts
	daq
	decode
	host_tracker
	hosts
	network
	packets
	process
	search_engine
	so_proxy
	stream
	stream_ip
	stream_icmp
	stream_udp
	stream_user
	stream_file
	arp_spoof
	dns
	imap
	netflow
	normalizer
	pop
	rpc_decode
	sip
	ssl
	telnet
	cip
	iec104
	mms
	modbus
	opcua
	s7commplus
	dce_smb
	dce_tcp
	dce_udp
	dce_http_proxy
	dce_http_server
	gtp_inspect
	port_scan
	smtp
	ftp_server
	ftp_client
	ftp_data
	http_inspect
	http2_inspect
	js_norm
	appid
	wizard
	binder
	classifications
	references
	dnp3
	ssh
	back_orifice
	host_cache
	output
	trace
Finished /home/cloudstack/raphael/snort3/etc/snort/snort.lua:
Loading rule args:
Loading /home/cloudstack/raphael/snort3/rules/oi.rules:
Finished /home/cloudstack/raphael/snort3/rules/oi.rules:
Finished rule args:
--------------------------------------------------
pcre counts
               pcre_rules: 2
              pcre_native: 2
--------------------------------------------------
ips policies rule stats
              id  loaded  shared enabled    file
               0     186       0     186    /home/cloudstack/raphael/snort3/etc/snort/snort.lua
--------------------------------------------------
rule counts
       total rules loaded: 186
               text rules: 186
            option chains: 186
            chain headers: 72
                 flowbits: 5
     flowbits not checked: 1
         flowbits not set: 2
--------------------------------------------------
port rule counts
             tcp     udp    icmp      ip
     any      19      12      12      12
     src       5       2       0       0
     dst      40      18       0       0
    both       0       3       0       0
   total      64      35      12      12
--------------------------------------------------
service rule counts          to-srv  to-cli
                   dcerpc:       70      12
                     dnp3:        0       6
                      dns:        4       2
                   gopher:        0       1
                     http:        1       0
                    http2:        1       0
                    http3:        1       0
                     imap:        1       0
                   modbus:       21       0
                    mysql:        0       1
              netbios-dgm:        2       2
              netbios-ssn:       40       5
                      sip:        2       0
                     snmp:        8       3
                      ssl:        2       0
                   syslog:        1       0
                     tftp:        1       0
                    total:      155      32
--------------------------------------------------
fast pattern groups
                      dst: 2
                to_server: 3
                to_client: 3
--------------------------------------------------
search engine (ac_bnfa)
                instances: 7
                 patterns: 167
            pattern chars: 1390
               num states: 919
         num match states: 62
             memory scale: KB
             total memory: 38.6475
           pattern memory: 7.87402
        match list memory: 12.3984
        transition memory: 17.5
        fast pattern only: 2
appid: MaxRss diff: 3328
appid: patterns loaded: 300
--------------------------------------------------
afpacket DAQ configured to passive.
Commencing packet processing
Retry queue interval is: 200 ms
Retry queue interval is: 200 ms
Retry queue interval is: 200 ms
Retry queue interval is: 200 ms
Retry queue interval is: 200 ms
++ [0] enp3s0
++ [1] enp3s0
++ [2] enp3s0
++ [3] enp3s0
++ [4] enp3s0
** caught int signal
== stopping
-- [3] enp3s0
-- [2] enp3s0
-- [4] enp3s0
-- [0] enp3s0
-- [1] enp3s0
--------------------------------------------------
Packet Statistics
--------------------------------------------------
daq
                 received: 13783492
                 analyzed: 13783492
                  dropped: 859904
                    allow: 13783492
                     idle: 316
                 rx_bytes: 18478641830
--------------------------------------------------
codec
                    total: 13783492    	(100.000%)
                      arp: 34          	(  0.000%)
                      eth: 13783492    	(100.000%)
                    icmp4: 46          	(  0.000%)
                 icmp4_ip: 36          	(  0.000%)
                     ipv4: 13783458    	(100.000%)
                      tcp: 13783300    	( 99.999%)
                      udp: 112         	(  0.001%)
--------------------------------------------------
Module Statistics
--------------------------------------------------
ac_bnfa
                 searches: 13783297
                  matches: 18377194
                    bytes: 17734327704
--------------------------------------------------
ac_full
                 searches: 75
                  matches: 613
                    bytes: 3213
--------------------------------------------------
appid
                  packets: 13783458
        processed_packets: 158
          ignored_packets: 13783300
           total_sessions: 69
       service_cache_adds: 26
             bytes_in_use: 4368
             items_in_use: 26
--------------------------------------------------
arp_spoof
                  packets: 34
--------------------------------------------------
back_orifice
                  packets: 112
--------------------------------------------------
binder
              raw_packets: 13783334
                new_flows: 69
                 inspects: 13783403
--------------------------------------------------
detection
                 analyzed: 13783492
               hard_evals: 27567864
             raw_searches: 13783297
             pkt_searches: 13783297
                   alerts: 18367450
             total_alerts: 18367450
                   logged: 18367450
--------------------------------------------------
dns
                  packets: 96
                 requests: 96
             dns_over_udp: 96
--------------------------------------------------
ips_actions
                    alert: 18367450
--------------------------------------------------
port_scan
                  packets: 13783458
                 trackers: 300
--------------------------------------------------
search_engine
               max_queued: 2
            total_flushed: 18377194
            total_inserts: 18377194
             total_unique: 18377194
     non_qualified_events: 27577608
         qualified_events: 18367450
--------------------------------------------------
stream
                    flows: 69
 no_flow_no_proto_handler: 13783300
--------------------------------------------------
stream_icmp
                 sessions: 10
                      max: 2
                  created: 10
                 released: 10
--------------------------------------------------
stream_udp
                 sessions: 59
                      max: 20
                  created: 59
                 released: 59
              total_bytes: 4512
--------------------------------------------------
wizard
                udp_scans: 16
               udp_misses: 16
--------------------------------------------------
Appid Statistics
--------------------------------------------------
detected apps and services
              Application: Services   Clients    Users      Payloads   Misc       Referred  
                  unknown: 10         43         0          0          0          0         
--------------------------------------------------
Summary Statistics
--------------------------------------------------
process
                  signals: 1
--------------------------------------------------
timing
                  runtime: 00:01:26
                  seconds: 86.987407
                 pkts/sec: 158454
                Mbits/sec: 1699
o")~   Snort exiting
