--------------------------------------------------
o")~   Snort++ 3.10.2.0
--------------------------------------------------
Loading /home/cloudstack/raphael/snort3/etc/snort/snort.lua:
Loading snort_defaults.lua:
Finished snort_defaults.lua:
	output
	references
	classifications
	trace
	stream
	binder
	wizard
	appid
	js_norm
	http2_inspect
	http_inspect
	ftp_data
	ftp_client
	network
	hosts
	dce_udp
	ips
	stream_ip
	stream_icmp
	stream_udp
	stream_user
	sip
	stream_file
	arp_spoof
	back_orifice
	dns
	imap
	active
	alerts
	daq
	decode
	host_cache
	host_tracker
	packets
	search_engine
	so_proxy
	netflow
	normalizer
	pop
	rpc_decode
	ssh
	ssl
	telnet
	cip
	dnp3
	iec104
	mms
	modbus
	opcua
	s7commplus
	dce_smb
	dce_tcp
	dce_http_proxy
	dce_http_server
	gtp_inspect
	port_scan
	smtp
	ftp_server
	process
Finished /home/cloudstack/raphael/snort3/etc/snort/snort.lua:
Loading rule args:
Loading /home/cloudstack/raphael/snort3/rules/oi.rules:
Finished /home/cloudstack/raphael/snort3/rules/oi.rules:
Finished rule args:
--------------------------------------------------
pcre counts
               pcre_rules: 2
              pcre_native: 2
--------------------------------------------------
ips policies rule stats
              id  loaded  shared enabled    file
               0     186       0     186    /home/cloudstack/raphael/snort3/etc/snort/snort.lua
--------------------------------------------------
rule counts
       total rules loaded: 186
               text rules: 186
            option chains: 186
            chain headers: 72
                 flowbits: 5
     flowbits not checked: 1
         flowbits not set: 2
--------------------------------------------------
port rule counts
             tcp     udp    icmp      ip
     any      19      12      12      12
     src       5       2       0       0
     dst      40      18       0       0
    both       0       3       0       0
   total      64      35      12      12
--------------------------------------------------
service rule counts          to-srv  to-cli
                   dcerpc:       70      12
                     dnp3:        0       6
                      dns:        4       2
                   gopher:        0       1
                     http:        1       0
                    http2:        1       0
                    http3:        1       0
                     imap:        1       0
                   modbus:       21       0
                    mysql:        0       1
              netbios-dgm:        2       2
              netbios-ssn:       40       5
                      sip:        2       0
                     snmp:        8       3
                      ssl:        2       0
                   syslog:        1       0
                     tftp:        1       0
                    total:      155      32
--------------------------------------------------
fast pattern groups
                      dst: 2
                to_server: 3
                to_client: 3
--------------------------------------------------
search engine (ac_bnfa)
                instances: 7
                 patterns: 167
            pattern chars: 1390
               num states: 919
         num match states: 62
             memory scale: KB
             total memory: 38.6475
           pattern memory: 7.87402
        match list memory: 12.3984
        transition memory: 17.5
        fast pattern only: 2
appid: MaxRss diff: 3712
appid: patterns loaded: 300
--------------------------------------------------
afpacket DAQ configured to passive.
Commencing packet processing
Retry queue interval is: 200 ms
Retry queue interval is: 200 ms
Retry queue interval is: 200 ms
Retry queue interval is: 200 ms
Retry queue interval is: 200 ms
Retry queue interval is: 200 ms
Retry queue interval is: 200 ms
++ [0] enp3s0
++ [1] enp3s0
++ [2] enp3s0
++ [3] enp3s0
++ [4] enp3s0
++ [5] enp3s0
++ [6] enp3s0
** caught int signal
== stopping
-- [1] enp3s0
-- [0] enp3s0
-- [4] enp3s0
-- [3] enp3s0
-- [5] enp3s0
-- [2] enp3s0
-- [6] enp3s0
--------------------------------------------------
Packet Statistics
--------------------------------------------------
daq
                 received: 14642968
                 analyzed: 14642966
                  dropped: 434
                    allow: 14642966
                     idle: 455
                 rx_bytes: 19630570528
--------------------------------------------------
codec
                    total: 14642966    	(100.000%)
                      arp: 36          	(  0.000%)
                      eth: 14642966    	(100.000%)
                    icmp4: 48          	(  0.000%)
                 icmp4_ip: 38          	(  0.000%)
                     ipv4: 14642930    	(100.000%)
                      tcp: 14642770    	( 99.999%)
                      udp: 112         	(  0.001%)
--------------------------------------------------
Module Statistics
--------------------------------------------------
ac_bnfa
                 searches: 14642767
                  matches: 19523682
                    bytes: 18839844720
--------------------------------------------------
ac_full
                 searches: 75
                  matches: 613
                    bytes: 3213
--------------------------------------------------
appid
                  packets: 14642930
        processed_packets: 160
          ignored_packets: 14642770
           total_sessions: 72
       service_cache_adds: 30
             bytes_in_use: 5040
             items_in_use: 30
--------------------------------------------------
arp_spoof
                  packets: 36
--------------------------------------------------
back_orifice
                  packets: 112
--------------------------------------------------
binder
              raw_packets: 14642806
                new_flows: 72
                 inspects: 14642878
--------------------------------------------------
detection
                 analyzed: 14642966
               hard_evals: 29286806
             raw_searches: 14642767
             pkt_searches: 14642767
                   alerts: 19513938
             total_alerts: 19513938
                   logged: 19513938
--------------------------------------------------
dns
                  packets: 96
                 requests: 96
             dns_over_udp: 96
--------------------------------------------------
ips_actions
                    alert: 19513938
--------------------------------------------------
port_scan
                  packets: 14642930
                 trackers: 414
--------------------------------------------------
search_engine
               max_queued: 2
            total_flushed: 19523682
            total_inserts: 19523682
             total_unique: 19523682
     non_qualified_events: 29296550
         qualified_events: 19513938
--------------------------------------------------
stream
                    flows: 72
 no_flow_no_proto_handler: 14642770
--------------------------------------------------
stream_icmp
                 sessions: 13
                      max: 2
                  created: 13
                 released: 13
--------------------------------------------------
stream_udp
                 sessions: 59
                      max: 12
                  created: 59
                 released: 59
              total_bytes: 4512
--------------------------------------------------
wizard
                udp_scans: 16
               udp_misses: 16
--------------------------------------------------
Appid Statistics
--------------------------------------------------
detected apps and services
              Application: Services   Clients    Users      Payloads   Misc       Referred  
                  unknown: 13         43         0          0          0          0         
--------------------------------------------------
Summary Statistics
--------------------------------------------------
process
                  signals: 1
--------------------------------------------------
timing
                  runtime: 00:01:27
                  seconds: 87.339639
                 pkts/sec: 167655
                Mbits/sec: 1798
o")~   Snort exiting
