--------------------------------------------------
o")~   Snort++ 3.10.2.0
--------------------------------------------------
Loading /home/cloudstack/raphael/snort3/etc/snort/snort.lua:
Loading snort_defaults.lua:
Finished snort_defaults.lua:
	trace
	http2_inspect
	js_norm
	appid
	wizard
	binder
	ips
	s7commplus
	classifications
	dce_smb
	http_inspect
	ftp_data
	ftp_client
	ftp_server
	smtp
	port_scan
	gtp_inspect
	dce_http_server
	dce_http_proxy
	dce_udp
	output
	dce_tcp
	references
	opcua
	modbus
	mms
	iec104
	dnp3
	cip
	telnet
	sip
	rpc_decode
	arp_spoof
	stream_icmp
	decode
	active
	alerts
	daq
	host_cache
	host_tracker
	hosts
	network
	packets
	process
	search_engine
	so_proxy
	stream
	stream_ip
	stream_udp
	stream_user
	stream_file
	back_orifice
	dns
	imap
	netflow
	normalizer
	pop
	ssh
	ssl
Finished /home/cloudstack/raphael/snort3/etc/snort/snort.lua:
Loading rule args:
Loading /home/cloudstack/raphael/snort3/rules/oi.rules:
Finished /home/cloudstack/raphael/snort3/rules/oi.rules:
Finished rule args:
--------------------------------------------------
pcre counts
               pcre_rules: 2
              pcre_native: 2
--------------------------------------------------
ips policies rule stats
              id  loaded  shared enabled    file
               0     186       0     186    /home/cloudstack/raphael/snort3/etc/snort/snort.lua
--------------------------------------------------
rule counts
       total rules loaded: 186
               text rules: 186
            option chains: 186
            chain headers: 72
                 flowbits: 5
     flowbits not checked: 1
         flowbits not set: 2
--------------------------------------------------
port rule counts
             tcp     udp    icmp      ip
     any      19      12      12      12
     src       5       2       0       0
     dst      40      18       0       0
    both       0       3       0       0
   total      64      35      12      12
--------------------------------------------------
service rule counts          to-srv  to-cli
                   dcerpc:       70      12
                     dnp3:        0       6
                      dns:        4       2
                   gopher:        0       1
                     http:        1       0
                    http2:        1       0
                    http3:        1       0
                     imap:        1       0
                   modbus:       21       0
                    mysql:        0       1
              netbios-dgm:        2       2
              netbios-ssn:       40       5
                      sip:        2       0
                     snmp:        8       3
                      ssl:        2       0
                   syslog:        1       0
                     tftp:        1       0
                    total:      155      32
--------------------------------------------------
fast pattern groups
                      dst: 2
                to_server: 3
                to_client: 3
--------------------------------------------------
search engine (ac_bnfa)
                instances: 7
                 patterns: 167
            pattern chars: 1390
               num states: 919
         num match states: 62
             memory scale: KB
             total memory: 38.6475
           pattern memory: 7.87402
        match list memory: 12.3984
        transition memory: 17.5
        fast pattern only: 2
appid: MaxRss diff: 3072
appid: patterns loaded: 300
--------------------------------------------------
afpacket DAQ configured to passive.
Commencing packet processing
Retry queue interval is: 200 ms
Retry queue interval is: 200 ms
++ [0] enp3s0
++ [1] enp3s0
** caught int signal
== stopping
-- [0] enp3s0
-- [1] enp3s0
--------------------------------------------------
Packet Statistics
--------------------------------------------------
daq
                 received: 6062138
                 analyzed: 6062136
                  dropped: 8581252
                    allow: 6062136
                     idle: 116
                 rx_bytes: 8126748305
--------------------------------------------------
codec
                    total: 6062136     	(100.000%)
                      arp: 28          	(  0.000%)
                      eth: 6062136     	(100.000%)
                    icmp4: 48          	(  0.001%)
                 icmp4_ip: 38          	(  0.001%)
                     ipv4: 6062108     	(100.000%)
                      tcp: 6061960     	( 99.997%)
                      udp: 100         	(  0.002%)
--------------------------------------------------
Module Statistics
--------------------------------------------------
ac_bnfa
                 searches: 6061957
                  matches: 8084331
                    bytes: 7799387725
--------------------------------------------------
ac_full
                 searches: 51
                  matches: 153
                    bytes: 2061
--------------------------------------------------
appid
                  packets: 6062108
        processed_packets: 148
          ignored_packets: 6061960
           total_sessions: 52
       service_cache_adds: 8
             bytes_in_use: 1344
             items_in_use: 8
--------------------------------------------------
arp_spoof
                  packets: 28
--------------------------------------------------
back_orifice
                  packets: 100
--------------------------------------------------
binder
              raw_packets: 6061988
                new_flows: 52
                 inspects: 6062040
--------------------------------------------------
detection
                 analyzed: 6062136
               hard_evals: 12124754
             raw_searches: 6061957
             pkt_searches: 6061957
                   alerts: 8074587
             total_alerts: 8074587
                   logged: 8074587
--------------------------------------------------
dns
                  packets: 96
                 requests: 96
             dns_over_udp: 96
--------------------------------------------------
ips_actions
                    alert: 8074587
--------------------------------------------------
port_scan
                  packets: 6062108
                 trackers: 125
--------------------------------------------------
search_engine
               max_queued: 2
            total_flushed: 8084331
            total_inserts: 8084331
             total_unique: 8084331
     non_qualified_events: 12134498
         qualified_events: 8074587
--------------------------------------------------
stream
                    flows: 52
 no_flow_no_proto_handler: 6061960
--------------------------------------------------
stream_icmp
                 sessions: 5
                      max: 3
                  created: 5
                 released: 5
--------------------------------------------------
stream_udp
                 sessions: 47
                      max: 26
                  created: 47
                 released: 47
              total_bytes: 3936
--------------------------------------------------
wizard
                udp_scans: 4
               udp_misses: 4
--------------------------------------------------
Appid Statistics
--------------------------------------------------
detected apps and services
              Application: Services   Clients    Users      Payloads   Misc       Referred  
                  unknown: 5          43         0          0          0          0         
--------------------------------------------------
Summary Statistics
--------------------------------------------------
process
                  signals: 1
--------------------------------------------------
timing
                  runtime: 00:01:26
                  seconds: 86.958021
                 pkts/sec: 69713
                Mbits/sec: 748
o")~   Snort exiting
