--------------------------------------------------
o")~   Snort++ 3.10.2.0
--------------------------------------------------
Loading /home/cloudstack/raphael/snort3/etc/snort/snort.lua:
Loading snort_defaults.lua:
Finished snort_defaults.lua:
	ftp_data
	http_inspect
	http2_inspect
	js_norm
	appid
	wizard
	binder
	trace
	output
	ips
	classifications
	references
	ftp_client
	ftp_server
	smtp
	port_scan
	gtp_inspect
	dce_http_proxy
	dce_tcp
	s7commplus
	modbus
	ssl
	sip
	so_proxy
	pop
	netflow
	dns
	arp_spoof
	stream_user
	stream_udp
	stream_icmp
	stream_ip
	stream
	active
	alerts
	daq
	decode
	host_cache
	host_tracker
	hosts
	network
	packets
	process
	search_engine
	stream_file
	back_orifice
	imap
	normalizer
	rpc_decode
	ssh
	telnet
	cip
	dnp3
	iec104
	mms
	opcua
	dce_smb
	dce_udp
	dce_http_server
Finished /home/cloudstack/raphael/snort3/etc/snort/snort.lua:
Loading rule args:
Loading /home/cloudstack/raphael/snort3/rules/oi.rules:
Finished /home/cloudstack/raphael/snort3/rules/oi.rules:
Finished rule args:
--------------------------------------------------
pcre counts
               pcre_rules: 2
              pcre_native: 2
--------------------------------------------------
ips policies rule stats
              id  loaded  shared enabled    file
               0     186       0     186    /home/cloudstack/raphael/snort3/etc/snort/snort.lua
--------------------------------------------------
rule counts
       total rules loaded: 186
               text rules: 186
            option chains: 186
            chain headers: 72
                 flowbits: 5
     flowbits not checked: 1
         flowbits not set: 2
--------------------------------------------------
port rule counts
             tcp     udp    icmp      ip
     any      19      12      12      12
     src       5       2       0       0
     dst      40      18       0       0
    both       0       3       0       0
   total      64      35      12      12
--------------------------------------------------
service rule counts          to-srv  to-cli
                   dcerpc:       70      12
                     dnp3:        0       6
                      dns:        4       2
                   gopher:        0       1
                     http:        1       0
                    http2:        1       0
                    http3:        1       0
                     imap:        1       0
                   modbus:       21       0
                    mysql:        0       1
              netbios-dgm:        2       2
              netbios-ssn:       40       5
                      sip:        2       0
                     snmp:        8       3
                      ssl:        2       0
                   syslog:        1       0
                     tftp:        1       0
                    total:      155      32
--------------------------------------------------
fast pattern groups
                      dst: 2
                to_server: 3
                to_client: 3
--------------------------------------------------
search engine (ac_bnfa)
                instances: 7
                 patterns: 167
            pattern chars: 1390
               num states: 919
         num match states: 62
             memory scale: KB
             total memory: 38.6475
           pattern memory: 7.87402
        match list memory: 12.3984
        transition memory: 17.5
        fast pattern only: 2
appid: MaxRss diff: 3584
appid: patterns loaded: 300
--------------------------------------------------
afpacket DAQ configured to passive.
Commencing packet processing
Retry queue interval is: 200 ms
Retry queue interval is: 200 ms
Retry queue interval is: 200 ms
Retry queue interval is: 200 ms
Retry queue interval is: 200 ms
Retry queue interval is: 200 ms
++ [0] enp3s0
++ [1] enp3s0
++ [2] enp3s0
++ [3] enp3s0
++ [4] enp3s0
++ [5] enp3s0
** caught int signal
== stopping
-- [4] enp3s0
-- [3] enp3s0
-- [0] enp3s0
-- [2] enp3s0
-- [1] enp3s0
-- [5] enp3s0
--------------------------------------------------
Packet Statistics
--------------------------------------------------
daq
                 received: 14620450
                 analyzed: 14620448
                  dropped: 22930
                    allow: 14620448
                     idle: 386
                 rx_bytes: 19600410089
--------------------------------------------------
codec
                    total: 14620448    	(100.000%)
                      arp: 28          	(  0.000%)
                      eth: 14620448    	(100.000%)
                    icmp4: 46          	(  0.000%)
                 icmp4_ip: 40          	(  0.000%)
                     ipv4: 14620420    	(100.000%)
                      tcp: 14620274    	( 99.999%)
                      udp: 100         	(  0.001%)
--------------------------------------------------
Module Statistics
--------------------------------------------------
ac_bnfa
                 searches: 14620271
                  matches: 19493696
                    bytes: 18810900763
--------------------------------------------------
ac_full
                 searches: 45
                    bytes: 1755
--------------------------------------------------
appid
                  packets: 14620420
        processed_packets: 146
          ignored_packets: 14620274
           total_sessions: 55
       service_cache_adds: 12
             bytes_in_use: 2016
             items_in_use: 12
--------------------------------------------------
arp_spoof
                  packets: 28
--------------------------------------------------
back_orifice
                  packets: 100
--------------------------------------------------
binder
              raw_packets: 14620302
                new_flows: 55
                 inspects: 14620357
--------------------------------------------------
detection
                 analyzed: 14620448
               hard_evals: 29241792
             raw_searches: 14620271
             pkt_searches: 14620271
                   alerts: 19483952
             total_alerts: 19483952
                   logged: 19483952
--------------------------------------------------
dns
                  packets: 100
                 requests: 100
             dns_over_udp: 100
--------------------------------------------------
ips_actions
                    alert: 19483952
--------------------------------------------------
port_scan
                  packets: 14620420
                 trackers: 337
--------------------------------------------------
search_engine
               max_queued: 2
            total_flushed: 19493696
            total_inserts: 19493696
             total_unique: 19493696
     non_qualified_events: 29251536
         qualified_events: 19483952
--------------------------------------------------
stream
                    flows: 55
 no_flow_no_proto_handler: 14620274
--------------------------------------------------
stream_icmp
                 sessions: 10
                      max: 3
                  created: 10
                 released: 10
--------------------------------------------------
stream_udp
                 sessions: 45
                      max: 9
                  created: 45
                 released: 45
              total_bytes: 3900
--------------------------------------------------
Appid Statistics
--------------------------------------------------
detected apps and services
              Application: Services   Clients    Users      Payloads   Misc       Referred  
                  unknown: 10         45         0          0          0          0         
--------------------------------------------------
Summary Statistics
--------------------------------------------------
process
                  signals: 1
--------------------------------------------------
timing
                  runtime: 00:01:26
                  seconds: 86.947835
                 pkts/sec: 168152
                Mbits/sec: 1803
o")~   Snort exiting
