--------------------------------------------------
o")~   Snort++ 3.10.2.0
--------------------------------------------------
Loading /home/cloudstack/raphael/snort3/etc/snort/snort.lua:
Loading snort_defaults.lua:
Finished snort_defaults.lua:
	classifications
	ips
	references
	netflow
	daq
	host_cache
	hosts
	packets
	process
	so_proxy
	wizard
	js_norm
	stream
	stream_ip
	stream_icmp
	stream_udp
	stream_user
	arp_spoof
	back_orifice
	dns
	imap
	normalizer
	pop
	rpc_decode
	sip
	ssh
	ssl
	telnet
	cip
	dnp3
	iec104
	mms
	modbus
	opcua
	s7commplus
	dce_smb
	dce_tcp
	dce_udp
	dce_http_proxy
	dce_http_server
	gtp_inspect
	port_scan
	smtp
	ftp_server
	ftp_client
	ftp_data
	http_inspect
	http2_inspect
	appid
	binder
	stream_file
	trace
	active
	alerts
	decode
	host_tracker
	network
	output
	search_engine
Finished /home/cloudstack/raphael/snort3/etc/snort/snort.lua:
Loading rule args:
Loading /home/cloudstack/raphael/snort3/rules/oi.rules:
Finished /home/cloudstack/raphael/snort3/rules/oi.rules:
Finished rule args:
--------------------------------------------------
pcre counts
               pcre_rules: 2
              pcre_native: 2
--------------------------------------------------
ips policies rule stats
              id  loaded  shared enabled    file
               0     186       0     186    /home/cloudstack/raphael/snort3/etc/snort/snort.lua
--------------------------------------------------
rule counts
       total rules loaded: 186
               text rules: 186
            option chains: 186
            chain headers: 72
                 flowbits: 5
     flowbits not checked: 1
         flowbits not set: 2
--------------------------------------------------
port rule counts
             tcp     udp    icmp      ip
     any      19      12      12      12
     src       5       2       0       0
     dst      40      18       0       0
    both       0       3       0       0
   total      64      35      12      12
--------------------------------------------------
service rule counts          to-srv  to-cli
                   dcerpc:       70      12
                     dnp3:        0       6
                      dns:        4       2
                   gopher:        0       1
                     http:        1       0
                    http2:        1       0
                    http3:        1       0
                     imap:        1       0
                   modbus:       21       0
                    mysql:        0       1
              netbios-dgm:        2       2
              netbios-ssn:       40       5
                      sip:        2       0
                     snmp:        8       3
                      ssl:        2       0
                   syslog:        1       0
                     tftp:        1       0
                    total:      155      32
--------------------------------------------------
fast pattern groups
                      dst: 2
                to_server: 3
                to_client: 3
--------------------------------------------------
search engine (ac_bnfa)
                instances: 7
                 patterns: 167
            pattern chars: 1390
               num states: 919
         num match states: 62
             memory scale: KB
             total memory: 38.6475
           pattern memory: 7.87402
        match list memory: 12.3984
        transition memory: 17.5
        fast pattern only: 2
appid: MaxRss diff: 3456
appid: patterns loaded: 300
--------------------------------------------------
afpacket DAQ configured to passive.
Commencing packet processing
Retry queue interval is: 200 ms
Retry queue interval is: 200 ms
Retry queue interval is: 200 ms
Retry queue interval is: 200 ms
Retry queue interval is: 200 ms
++ [0] enp3s0
++ [1] enp3s0
++ [2] enp3s0
++ [3] enp3s0
++ [4] enp3s0
** caught int signal
== stopping
-- [3] enp3s0
-- [2] enp3s0
-- [1] enp3s0
-- [0] enp3s0
-- [4] enp3s0
--------------------------------------------------
Packet Statistics
--------------------------------------------------
daq
                 received: 13900287
                 analyzed: 13900287
                  dropped: 743103
                    allow: 13900287
                     idle: 316
                 rx_bytes: 18635008565
--------------------------------------------------
codec
                    total: 13900287    	(100.000%)
                      arp: 34          	(  0.000%)
                      eth: 13900287    	(100.000%)
                    icmp4: 50          	(  0.000%)
                 icmp4_ip: 40          	(  0.000%)
                     ipv4: 13900253    	(100.000%)
                      tcp: 13900101    	( 99.999%)
                      udp: 102         	(  0.001%)
--------------------------------------------------
Module Statistics
--------------------------------------------------
ac_bnfa
                 searches: 13900098
                  matches: 18533309
                    bytes: 17884387721
--------------------------------------------------
ac_full
                 searches: 46
                    bytes: 1794
--------------------------------------------------
appid
                  packets: 13900253
        processed_packets: 152
          ignored_packets: 13900101
           total_sessions: 55
       service_cache_adds: 10
             bytes_in_use: 1680
             items_in_use: 10
--------------------------------------------------
arp_spoof
                  packets: 34
--------------------------------------------------
back_orifice
                  packets: 102
--------------------------------------------------
binder
              raw_packets: 13900135
                new_flows: 55
                 inspects: 13900190
--------------------------------------------------
detection
                 analyzed: 13900287
               hard_evals: 27801456
             raw_searches: 13900098
             pkt_searches: 13900098
                   alerts: 18523565
             total_alerts: 18523565
                   logged: 18523565
--------------------------------------------------
dns
                  packets: 102
                 requests: 102
             dns_over_udp: 102
--------------------------------------------------
ips_actions
                    alert: 18523565
--------------------------------------------------
port_scan
                  packets: 13900253
                 trackers: 282
--------------------------------------------------
search_engine
               max_queued: 2
            total_flushed: 18533309
            total_inserts: 18533309
             total_unique: 18533309
     non_qualified_events: 27811200
         qualified_events: 18523565
--------------------------------------------------
stream
                    flows: 55
 no_flow_no_proto_handler: 13900101
--------------------------------------------------
stream_icmp
                 sessions: 9
                      max: 2
                  created: 9
                 released: 9
--------------------------------------------------
stream_udp
                 sessions: 46
                      max: 12
                  created: 46
                 released: 46
              total_bytes: 3978
--------------------------------------------------
Appid Statistics
--------------------------------------------------
detected apps and services
              Application: Services   Clients    Users      Payloads   Misc       Referred  
                  unknown: 9          46         0          0          0          0         
--------------------------------------------------
Summary Statistics
--------------------------------------------------
process
                  signals: 1
--------------------------------------------------
timing
                  runtime: 00:01:26
                  seconds: 86.972500
                 pkts/sec: 159824
                Mbits/sec: 1714
o")~   Snort exiting
