--------------------------------------------------
o")~   Snort++ 3.10.2.0
--------------------------------------------------
Loading /home/cloudstack/raphael/snort3/etc/snort/snort.lua:
Loading snort_defaults.lua:
Finished snort_defaults.lua:
	trace
	output
	classifications
	references
	imap
	netflow
	normalizer
	js_norm
	http2_inspect
	http_inspect
	ftp_data
	ftp_client
	ftp_server
	alerts
	daq
	decode
	host_cache
	host_tracker
	hosts
	packets
	process
	search_engine
	so_proxy
	smtp
	stream
	stream_ip
	stream_icmp
	port_scan
	gtp_inspect
	dce_http_server
	dce_http_proxy
	dce_udp
	dce_tcp
	dce_smb
	s7commplus
	opcua
	stream_user
	stream_file
	arp_spoof
	back_orifice
	modbus
	mms
	iec104
	dnp3
	cip
	telnet
	ssl
	ssh
	sip
	rpc_decode
	pop
	appid
	wizard
	binder
	dns
	stream_udp
	ips
	network
	active
Finished /home/cloudstack/raphael/snort3/etc/snort/snort.lua:
Loading rule args:
Loading /home/cloudstack/raphael/snort3/rules/oi.rules:
Finished /home/cloudstack/raphael/snort3/rules/oi.rules:
Finished rule args:
--------------------------------------------------
pcre counts
               pcre_rules: 2
              pcre_native: 2
--------------------------------------------------
ips policies rule stats
              id  loaded  shared enabled    file
               0     186       0     186    /home/cloudstack/raphael/snort3/etc/snort/snort.lua
--------------------------------------------------
rule counts
       total rules loaded: 186
               text rules: 186
            option chains: 186
            chain headers: 72
                 flowbits: 5
     flowbits not checked: 1
         flowbits not set: 2
--------------------------------------------------
port rule counts
             tcp     udp    icmp      ip
     any      19      12      12      12
     src       5       2       0       0
     dst      40      18       0       0
    both       0       3       0       0
   total      64      35      12      12
--------------------------------------------------
service rule counts          to-srv  to-cli
                   dcerpc:       70      12
                     dnp3:        0       6
                      dns:        4       2
                   gopher:        0       1
                     http:        1       0
                    http2:        1       0
                    http3:        1       0
                     imap:        1       0
                   modbus:       21       0
                    mysql:        0       1
              netbios-dgm:        2       2
              netbios-ssn:       40       5
                      sip:        2       0
                     snmp:        8       3
                      ssl:        2       0
                   syslog:        1       0
                     tftp:        1       0
                    total:      155      32
--------------------------------------------------
fast pattern groups
                      dst: 2
                to_server: 3
                to_client: 3
--------------------------------------------------
search engine (ac_bnfa)
                instances: 7
                 patterns: 167
            pattern chars: 1390
               num states: 919
         num match states: 62
             memory scale: KB
             total memory: 38.6475
           pattern memory: 7.87402
        match list memory: 12.3984
        transition memory: 17.5
        fast pattern only: 2
appid: MaxRss diff: 3456
appid: patterns loaded: 300
--------------------------------------------------
afpacket DAQ configured to passive.
Commencing packet processing
Retry queue interval is: 200 ms
Retry queue interval is: 200 ms
Retry queue interval is: 200 ms
Retry queue interval is: 200 ms
Retry queue interval is: 200 ms
++ [0] enp3s0
++ [1] enp3s0
++ [2] enp3s0
++ [3] enp3s0
++ [4] enp3s0
** caught int signal
== stopping
-- [2] enp3s0
-- [4] enp3s0
-- [3] enp3s0
-- [0] enp3s0
-- [1] enp3s0
--------------------------------------------------
Packet Statistics
--------------------------------------------------
daq
                 received: 13824495
                 analyzed: 13824489
                  dropped: 818896
                    allow: 13824489
                     idle: 319
                 rx_bytes: 18533440255
--------------------------------------------------
codec
                    total: 13824489    	(100.000%)
                      arp: 30          	(  0.000%)
                      eth: 13824489    	(100.000%)
                    icmp4: 36          	(  0.000%)
                 icmp4_ip: 36          	(  0.000%)
                    icmp6: 1           	(  0.000%)
                     ipv4: 13824458    	(100.000%)
                     ipv6: 1           	(  0.000%)
                      tcp: 13824314    	( 99.999%)
                      udp: 108         	(  0.001%)
--------------------------------------------------
Module Statistics
--------------------------------------------------
ac_bnfa
                 searches: 13824311
                  matches: 18431706
                    bytes: 17786912847
--------------------------------------------------
ac_full
                 searches: 67
                  matches: 460
                    bytes: 2829
--------------------------------------------------
appid
                  packets: 13824459
        processed_packets: 145
          ignored_packets: 13824314
           total_sessions: 64
       service_cache_adds: 21
             bytes_in_use: 3528
             items_in_use: 21
--------------------------------------------------
arp_spoof
                  packets: 30
--------------------------------------------------
back_orifice
                  packets: 108
--------------------------------------------------
binder
              raw_packets: 13824344
                new_flows: 64
                 inspects: 13824408
--------------------------------------------------
detection
                 analyzed: 13824489
               hard_evals: 27649875
             raw_searches: 13824311
             pkt_searches: 13824311
                   alerts: 18421962
             total_alerts: 18421962
                   logged: 18421962
--------------------------------------------------
dns
                  packets: 96
                 requests: 96
             dns_over_udp: 96
--------------------------------------------------
ips_actions
                    alert: 18421962
--------------------------------------------------
port_scan
                  packets: 13824459
                 trackers: 295
--------------------------------------------------
search_engine
               max_queued: 2
            total_flushed: 18431706
            total_inserts: 18431706
             total_unique: 18431706
     non_qualified_events: 27659619
         qualified_events: 18421962
--------------------------------------------------
stream
                    flows: 64
 no_flow_no_proto_handler: 13824314
--------------------------------------------------
stream_icmp
                 sessions: 9
                      max: 2
                  created: 9
                 released: 9
--------------------------------------------------
stream_udp
                 sessions: 55
                      max: 17
                  created: 55
                 released: 55
              total_bytes: 4320
--------------------------------------------------
wizard
                udp_scans: 12
               udp_misses: 12
--------------------------------------------------
Appid Statistics
--------------------------------------------------
detected apps and services
              Application: Services   Clients    Users      Payloads   Misc       Referred  
                  unknown: 8          43         0          0          0          0         
--------------------------------------------------
Summary Statistics
--------------------------------------------------
process
                  signals: 1
--------------------------------------------------
timing
                  runtime: 00:01:26
                  seconds: 86.490895
                 pkts/sec: 159838
                Mbits/sec: 1714
o")~   Snort exiting
