--------------------------------------------------
o")~   Snort++ 3.10.2.0
--------------------------------------------------
Loading /home/cloudstack/raphael/snort3/etc/snort/snort.lua:
Loading snort_defaults.lua:
Finished snort_defaults.lua:
	dce_udp
	dce_http_proxy
	dce_http_server
	gtp_inspect
	port_scan
	smtp
	ftp_server
	ftp_client
	ftp_data
	http_inspect
	http2_inspect
	js_norm
	output
	classifications
	references
	trace
	binder
	wizard
	daq
	decode
	host_cache
	appid
	host_tracker
	dnp3
	ips
	process
	packets
	network
	hosts
	active
	stream_ip
	search_engine
	so_proxy
	alerts
	stream
	stream_icmp
	stream_udp
	stream_user
	stream_file
	arp_spoof
	back_orifice
	dns
	imap
	netflow
	normalizer
	pop
	rpc_decode
	sip
	ssh
	ssl
	telnet
	cip
	iec104
	mms
	modbus
	opcua
	s7commplus
	dce_smb
	dce_tcp
Finished /home/cloudstack/raphael/snort3/etc/snort/snort.lua:
Loading rule args:
Loading /home/cloudstack/raphael/snort3/rules/oi.rules:
Finished /home/cloudstack/raphael/snort3/rules/oi.rules:
Finished rule args:
--------------------------------------------------
pcre counts
               pcre_rules: 2
              pcre_native: 2
--------------------------------------------------
ips policies rule stats
              id  loaded  shared enabled    file
               0     186       0     186    /home/cloudstack/raphael/snort3/etc/snort/snort.lua
--------------------------------------------------
rule counts
       total rules loaded: 186
               text rules: 186
            option chains: 186
            chain headers: 72
                 flowbits: 5
     flowbits not checked: 1
         flowbits not set: 2
--------------------------------------------------
port rule counts
             tcp     udp    icmp      ip
     any      19      12      12      12
     src       5       2       0       0
     dst      40      18       0       0
    both       0       3       0       0
   total      64      35      12      12
--------------------------------------------------
service rule counts          to-srv  to-cli
                   dcerpc:       70      12
                     dnp3:        0       6
                      dns:        4       2
                   gopher:        0       1
                     http:        1       0
                    http2:        1       0
                    http3:        1       0
                     imap:        1       0
                   modbus:       21       0
                    mysql:        0       1
              netbios-dgm:        2       2
              netbios-ssn:       40       5
                      sip:        2       0
                     snmp:        8       3
                      ssl:        2       0
                   syslog:        1       0
                     tftp:        1       0
                    total:      155      32
--------------------------------------------------
fast pattern groups
                      dst: 2
                to_server: 3
                to_client: 3
--------------------------------------------------
search engine (ac_bnfa)
                instances: 7
                 patterns: 167
            pattern chars: 1390
               num states: 919
         num match states: 62
             memory scale: KB
             total memory: 38.6475
           pattern memory: 7.87402
        match list memory: 12.3984
        transition memory: 17.5
        fast pattern only: 2
appid: MaxRss diff: 3712
appid: patterns loaded: 300
--------------------------------------------------
afpacket DAQ configured to passive.
Commencing packet processing
Retry queue interval is: 200 ms
Retry queue interval is: 200 ms
Retry queue interval is: 200 ms
Retry queue interval is: 200 ms
Retry queue interval is: 200 ms
Retry queue interval is: 200 ms
Retry queue interval is: 200 ms
++ [0] enp3s0
++ [1] enp3s0
++ [2] enp3s0
++ [3] enp3s0
++ [4] enp3s0
++ [5] enp3s0
++ [6] enp3s0
** caught int signal
== stopping
-- [5] enp3s0
-- [3] enp3s0
-- [2] enp3s0
-- [6] enp3s0
-- [1] enp3s0
-- [0] enp3s0
-- [4] enp3s0
--------------------------------------------------
Packet Statistics
--------------------------------------------------
daq
                 received: 14603908
                 analyzed: 14603902
                  dropped: 39512
                    allow: 14603902
                     idle: 450
                 rx_bytes: 19578193016
--------------------------------------------------
codec
                    total: 14603902    	(100.000%)
                      arp: 26          	(  0.000%)
                      eth: 14603902    	(100.000%)
                    icmp4: 56          	(  0.000%)
                 icmp4_ip: 46          	(  0.000%)
                     ipv4: 14603876    	(100.000%)
                      tcp: 14603692    	( 99.999%)
                      udp: 128         	(  0.001%)
--------------------------------------------------
Module Statistics
--------------------------------------------------
ac_bnfa
                 searches: 14603689
                  matches: 19471639
                    bytes: 18789575762
--------------------------------------------------
ac_full
                 searches: 83
                  matches: 610
                    bytes: 3525
--------------------------------------------------
appid
                  packets: 14603876
        processed_packets: 184
          ignored_packets: 14603692
           total_sessions: 79
       service_cache_adds: 29
             bytes_in_use: 4872
             items_in_use: 29
--------------------------------------------------
arp_spoof
                  packets: 26
--------------------------------------------------
back_orifice
                  packets: 128
--------------------------------------------------
binder
              raw_packets: 14603718
                new_flows: 79
                 inspects: 14603797
--------------------------------------------------
detection
                 analyzed: 14603902
               hard_evals: 29208706
             raw_searches: 14603689
             pkt_searches: 14603689
                   alerts: 19461895
             total_alerts: 19461895
                   logged: 19461895
--------------------------------------------------
dns
                  packets: 112
                 requests: 112
             dns_over_udp: 112
--------------------------------------------------
ips_actions
                    alert: 19461895
--------------------------------------------------
port_scan
                  packets: 14603876
                 trackers: 412
--------------------------------------------------
search_engine
               max_queued: 2
            total_flushed: 19471639
            total_inserts: 19471639
             total_unique: 19471639
     non_qualified_events: 29218450
         qualified_events: 19461895
--------------------------------------------------
stream
                    flows: 79
 no_flow_no_proto_handler: 14603692
--------------------------------------------------
stream_icmp
                 sessions: 12
                      max: 2
                  created: 12
                 released: 12
--------------------------------------------------
stream_udp
                 sessions: 67
                      max: 17
                  created: 67
                 released: 67
              total_bytes: 5136
--------------------------------------------------
wizard
                udp_scans: 16
               udp_misses: 16
--------------------------------------------------
Appid Statistics
--------------------------------------------------
detected apps and services
              Application: Services   Clients    Users      Payloads   Misc       Referred  
                  unknown: 12         51         0          0          0          0         
--------------------------------------------------
Summary Statistics
--------------------------------------------------
process
                  signals: 1
--------------------------------------------------
timing
                  runtime: 00:01:26
                  seconds: 86.940023
                 pkts/sec: 167977
                Mbits/sec: 1802
o")~   Snort exiting
