--------------------------------------------------
o")~   Snort++ 3.10.2.0
--------------------------------------------------
Loading /home/cloudstack/raphael/snort3/etc/snort/snort.lua:
Loading snort_defaults.lua:
Finished snort_defaults.lua:
	trace
	dce_http_proxy
	binder
	wizard
	appid
	js_norm
	http2_inspect
	http_inspect
	ftp_data
	ftp_client
	ftp_server
	smtp
	port_scan
	stream_file
	dns
	mms
	active
	alerts
	daq
	decode
	host_cache
	host_tracker
	hosts
	network
	packets
	process
	search_engine
	so_proxy
	stream
	stream_ip
	stream_icmp
	stream_udp
	stream_user
	arp_spoof
	back_orifice
	imap
	netflow
	normalizer
	pop
	rpc_decode
	sip
	ssh
	ssl
	telnet
	cip
	dnp3
	iec104
	modbus
	opcua
	s7commplus
	dce_smb
	dce_tcp
	dce_udp
	dce_http_server
	gtp_inspect
	references
	classifications
	ips
	output
Finished /home/cloudstack/raphael/snort3/etc/snort/snort.lua:
Loading rule args:
Loading /home/cloudstack/raphael/snort3/rules/oi.rules:
Finished /home/cloudstack/raphael/snort3/rules/oi.rules:
Finished rule args:
--------------------------------------------------
pcre counts
               pcre_rules: 2
              pcre_native: 2
--------------------------------------------------
ips policies rule stats
              id  loaded  shared enabled    file
               0     186       0     186    /home/cloudstack/raphael/snort3/etc/snort/snort.lua
--------------------------------------------------
rule counts
       total rules loaded: 186
               text rules: 186
            option chains: 186
            chain headers: 72
                 flowbits: 5
     flowbits not checked: 1
         flowbits not set: 2
--------------------------------------------------
port rule counts
             tcp     udp    icmp      ip
     any      19      12      12      12
     src       5       2       0       0
     dst      40      18       0       0
    both       0       3       0       0
   total      64      35      12      12
--------------------------------------------------
service rule counts          to-srv  to-cli
                   dcerpc:       70      12
                     dnp3:        0       6
                      dns:        4       2
                   gopher:        0       1
                     http:        1       0
                    http2:        1       0
                    http3:        1       0
                     imap:        1       0
                   modbus:       21       0
                    mysql:        0       1
              netbios-dgm:        2       2
              netbios-ssn:       40       5
                      sip:        2       0
                     snmp:        8       3
                      ssl:        2       0
                   syslog:        1       0
                     tftp:        1       0
                    total:      155      32
--------------------------------------------------
fast pattern groups
                      dst: 2
                to_server: 3
                to_client: 3
--------------------------------------------------
search engine (ac_bnfa)
                instances: 7
                 patterns: 167
            pattern chars: 1390
               num states: 919
         num match states: 62
             memory scale: KB
             total memory: 38.6475
           pattern memory: 7.87402
        match list memory: 12.3984
        transition memory: 17.5
        fast pattern only: 2
appid: MaxRss diff: 3456
appid: patterns loaded: 300
--------------------------------------------------
afpacket DAQ configured to passive.
Commencing packet processing
Retry queue interval is: 200 ms
Retry queue interval is: 200 ms
Retry queue interval is: 200 ms
Retry queue interval is: 200 ms
Retry queue interval is: 200 ms
++ [0] enp3s0
++ [1] enp3s0
++ [2] enp3s0
++ [3] enp3s0
++ [4] enp3s0
** caught int signal
== stopping
-- [3] enp3s0
-- [4] enp3s0
-- [2] enp3s0
-- [0] enp3s0
-- [1] enp3s0
--------------------------------------------------
Packet Statistics
--------------------------------------------------
daq
                 received: 13859030
                 analyzed: 13859030
                  dropped: 784352
                    allow: 13859030
                     idle: 319
                 rx_bytes: 18579808368
--------------------------------------------------
codec
                    total: 13859030    	(100.000%)
                      arp: 30          	(  0.000%)
                      eth: 13859030    	(100.000%)
                    icmp4: 48          	(  0.000%)
                 icmp4_ip: 38          	(  0.000%)
                     ipv4: 13859000    	(100.000%)
                      tcp: 13858852    	( 99.999%)
                      udp: 100         	(  0.001%)
--------------------------------------------------
Module Statistics
--------------------------------------------------
ac_bnfa
                 searches: 13858849
                  matches: 18477733
                    bytes: 17831415554
--------------------------------------------------
ac_full
                 searches: 45
                    bytes: 1755
--------------------------------------------------
appid
                  packets: 13859000
        processed_packets: 148
          ignored_packets: 13858852
           total_sessions: 54
       service_cache_adds: 10
             bytes_in_use: 1680
             items_in_use: 10
--------------------------------------------------
arp_spoof
                  packets: 30
--------------------------------------------------
back_orifice
                  packets: 100
--------------------------------------------------
binder
              raw_packets: 13858882
                new_flows: 54
                 inspects: 13858936
--------------------------------------------------
detection
                 analyzed: 13859030
               hard_evals: 27718950
             raw_searches: 13858849
             pkt_searches: 13858849
                   alerts: 18467989
             total_alerts: 18467989
                   logged: 18467989
--------------------------------------------------
dns
                  packets: 100
                 requests: 100
             dns_over_udp: 100
--------------------------------------------------
ips_actions
                    alert: 18467989
--------------------------------------------------
port_scan
                  packets: 13859000
                 trackers: 279
--------------------------------------------------
search_engine
               max_queued: 2
            total_flushed: 18477733
            total_inserts: 18477733
             total_unique: 18477733
     non_qualified_events: 27728694
         qualified_events: 18467989
--------------------------------------------------
stream
                    flows: 54
 no_flow_no_proto_handler: 13858852
--------------------------------------------------
stream_icmp
                 sessions: 9
                      max: 3
                  created: 9
                 released: 9
--------------------------------------------------
stream_udp
                 sessions: 45
                      max: 11
                  created: 45
                 released: 45
              total_bytes: 3900
--------------------------------------------------
Appid Statistics
--------------------------------------------------
detected apps and services
              Application: Services   Clients    Users      Payloads   Misc       Referred  
                  unknown: 9          45         0          0          0          0         
--------------------------------------------------
Summary Statistics
--------------------------------------------------
process
                  signals: 1
--------------------------------------------------
timing
                  runtime: 00:01:26
                  seconds: 86.978780
                 pkts/sec: 159338
                Mbits/sec: 1709
o")~   Snort exiting
