--------------------------------------------------
o")~   Snort++ 3.10.2.0
--------------------------------------------------
Loading /home/cloudstack/raphael/snort3/etc/snort/snort.lua:
Loading snort_defaults.lua:
Finished snort_defaults.lua:
	ips
	wizard
	ftp_data
	ftp_client
	smtp
	dce_http_server
	mms
	iec104
	dnp3
	cip
	telnet
	ssl
	ssh
	sip
	rpc_decode
	pop
	normalizer
	netflow
	imap
	dns
	back_orifice
	arp_spoof
	stream_file
	stream_user
	stream_udp
	stream_icmp
	stream_ip
	stream
	alerts
	daq
	host_cache
	hosts
	trace
	packets
	process
	search_engine
	so_proxy
	modbus
	opcua
	s7commplus
	dce_smb
	dce_tcp
	dce_udp
	dce_http_proxy
	gtp_inspect
	port_scan
	ftp_server
	http_inspect
	http2_inspect
	js_norm
	appid
	binder
	decode
	output
	references
	classifications
	network
	host_tracker
	active
Finished /home/cloudstack/raphael/snort3/etc/snort/snort.lua:
Loading rule args:
Loading /home/cloudstack/raphael/snort3/rules/oi.rules:
Finished /home/cloudstack/raphael/snort3/rules/oi.rules:
Finished rule args:
--------------------------------------------------
pcre counts
               pcre_rules: 2
              pcre_native: 2
--------------------------------------------------
ips policies rule stats
              id  loaded  shared enabled    file
               0     186       0     186    /home/cloudstack/raphael/snort3/etc/snort/snort.lua
--------------------------------------------------
rule counts
       total rules loaded: 186
               text rules: 186
            option chains: 186
            chain headers: 72
                 flowbits: 5
     flowbits not checked: 1
         flowbits not set: 2
--------------------------------------------------
port rule counts
             tcp     udp    icmp      ip
     any      19      12      12      12
     src       5       2       0       0
     dst      40      18       0       0
    both       0       3       0       0
   total      64      35      12      12
--------------------------------------------------
service rule counts          to-srv  to-cli
                   dcerpc:       70      12
                     dnp3:        0       6
                      dns:        4       2
                   gopher:        0       1
                     http:        1       0
                    http2:        1       0
                    http3:        1       0
                     imap:        1       0
                   modbus:       21       0
                    mysql:        0       1
              netbios-dgm:        2       2
              netbios-ssn:       40       5
                      sip:        2       0
                     snmp:        8       3
                      ssl:        2       0
                   syslog:        1       0
                     tftp:        1       0
                    total:      155      32
--------------------------------------------------
fast pattern groups
                      dst: 2
                to_server: 3
                to_client: 3
--------------------------------------------------
search engine (ac_bnfa)
                instances: 7
                 patterns: 167
            pattern chars: 1390
               num states: 919
         num match states: 62
             memory scale: KB
             total memory: 38.6475
           pattern memory: 7.87402
        match list memory: 12.3984
        transition memory: 17.5
        fast pattern only: 2
appid: MaxRss diff: 2816
appid: patterns loaded: 300
--------------------------------------------------
afpacket DAQ configured to passive.
Commencing packet processing
Retry queue interval is: 200 ms
++ [0] enp3s0
** caught int signal
== stopping
-- [0] enp3s0
--------------------------------------------------
Packet Statistics
--------------------------------------------------
daq
                 received: 3313287
                 analyzed: 3313281
                  dropped: 11330103
                    allow: 3313281
                     idle: 50
                 rx_bytes: 4442094476
--------------------------------------------------
codec
                    total: 3313281     	(100.000%)
                      arp: 26          	(  0.001%)
                      eth: 3313281     	(100.000%)
                    icmp4: 44          	(  0.001%)
                 icmp4_ip: 34          	(  0.001%)
                     ipv4: 3313255     	( 99.999%)
                      tcp: 3313123     	( 99.995%)
                      udp: 88          	(  0.003%)
--------------------------------------------------
Module Statistics
--------------------------------------------------
ac_bnfa
                 searches: 3313120
                  matches: 4418566
                    bytes: 4263172622
--------------------------------------------------
ac_full
                 searches: 40
                    bytes: 1560
--------------------------------------------------
appid
                  packets: 3313255
        processed_packets: 132
          ignored_packets: 3313123
           total_sessions: 43
       service_cache_adds: 2
             bytes_in_use: 336
             items_in_use: 2
--------------------------------------------------
arp_spoof
                  packets: 26
--------------------------------------------------
back_orifice
                  packets: 88
--------------------------------------------------
binder
              raw_packets: 3313149
                new_flows: 43
                 inspects: 3313192
--------------------------------------------------
detection
                 analyzed: 3313281
               hard_evals: 6626790
             raw_searches: 3313120
             pkt_searches: 3313120
                   alerts: 4408822
             total_alerts: 4408822
                   logged: 4408822
--------------------------------------------------
dns
                  packets: 88
                 requests: 88
             dns_over_udp: 88
--------------------------------------------------
ips_actions
                    alert: 4408822
--------------------------------------------------
port_scan
                  packets: 3313255
                 trackers: 61
--------------------------------------------------
search_engine
               max_queued: 2
            total_flushed: 4418566
            total_inserts: 4418566
             total_unique: 4418566
     non_qualified_events: 6636534
         qualified_events: 4408822
--------------------------------------------------
stream
                    flows: 43
 no_flow_no_proto_handler: 3313123
--------------------------------------------------
stream_icmp
                 sessions: 3
                      max: 3
                  created: 3
                 released: 3
--------------------------------------------------
stream_udp
                 sessions: 40
                      max: 40
                  created: 40
                 released: 40
              total_bytes: 3432
--------------------------------------------------
Appid Statistics
--------------------------------------------------
detected apps and services
              Application: Services   Clients    Users      Payloads   Misc       Referred  
                  unknown: 3          40         0          0          0          0         
--------------------------------------------------
Summary Statistics
--------------------------------------------------
process
                  signals: 1
--------------------------------------------------
timing
                  runtime: 00:01:26
                  seconds: 86.422908
                 pkts/sec: 38338
                Mbits/sec: 411
o")~   Snort exiting
