--------------------------------------------------
o")~   Snort++ 3.10.2.0
--------------------------------------------------
Loading /home/cloudstack/raphael/snort3/etc/snort/snort.lua:
Loading snort_defaults.lua:
Finished snort_defaults.lua:
	active
	alerts
	daq
	decode
	host_cache
	host_tracker
	hosts
	network
	packets
	process
	so_proxy
	telnet
	cip
	dnp3
	iec104
	mms
	modbus
	opcua
	s7commplus
	dce_smb
	dce_tcp
	dce_udp
	dce_http_proxy
	dce_http_server
	gtp_inspect
	port_scan
	ips
	classifications
	binder
	wizard
	http2_inspect
	stream
	ftp_data
	ftp_client
	ftp_server
	smtp
	ssl
	ssh
	sip
	rpc_decode
	pop
	normalizer
	netflow
	imap
	dns
	back_orifice
	arp_spoof
	stream_file
	stream_user
	stream_udp
	stream_icmp
	stream_ip
	http_inspect
	js_norm
	appid
	references
	output
	trace
	search_engine
Finished /home/cloudstack/raphael/snort3/etc/snort/snort.lua:
Loading rule args:
Loading /home/cloudstack/raphael/snort3/rules/oi.rules:
Finished /home/cloudstack/raphael/snort3/rules/oi.rules:
Finished rule args:
--------------------------------------------------
pcre counts
               pcre_rules: 2
              pcre_native: 2
--------------------------------------------------
ips policies rule stats
              id  loaded  shared enabled    file
               0     186       0     186    /home/cloudstack/raphael/snort3/etc/snort/snort.lua
--------------------------------------------------
rule counts
       total rules loaded: 186
               text rules: 186
            option chains: 186
            chain headers: 72
                 flowbits: 5
     flowbits not checked: 1
         flowbits not set: 2
--------------------------------------------------
port rule counts
             tcp     udp    icmp      ip
     any      19      12      12      12
     src       5       2       0       0
     dst      40      18       0       0
    both       0       3       0       0
   total      64      35      12      12
--------------------------------------------------
service rule counts          to-srv  to-cli
                   dcerpc:       70      12
                     dnp3:        0       6
                      dns:        4       2
                   gopher:        0       1
                     http:        1       0
                    http2:        1       0
                    http3:        1       0
                     imap:        1       0
                   modbus:       21       0
                    mysql:        0       1
              netbios-dgm:        2       2
              netbios-ssn:       40       5
                      sip:        2       0
                     snmp:        8       3
                      ssl:        2       0
                   syslog:        1       0
                     tftp:        1       0
                    total:      155      32
--------------------------------------------------
fast pattern groups
                      dst: 2
                to_server: 3
                to_client: 3
--------------------------------------------------
search engine (ac_bnfa)
                instances: 7
                 patterns: 167
            pattern chars: 1390
               num states: 919
         num match states: 62
             memory scale: KB
             total memory: 38.6475
           pattern memory: 7.87402
        match list memory: 12.3984
        transition memory: 17.5
        fast pattern only: 2
appid: MaxRss diff: 3584
appid: patterns loaded: 300
--------------------------------------------------
afpacket DAQ configured to passive.
Commencing packet processing
Retry queue interval is: 200 ms
Retry queue interval is: 200 ms
Retry queue interval is: 200 ms
Retry queue interval is: 200 ms
Retry queue interval is: 200 ms
Retry queue interval is: 200 ms
Retry queue interval is: 200 ms
++ [0] enp3s0
++ [1] enp3s0
++ [2] enp3s0
++ [3] enp3s0
++ [4] enp3s0
++ [5] enp3s0
++ [6] enp3s0
** caught int signal
== stopping
-- [5] enp3s0
-- [3] enp3s0
-- [6] enp3s0
-- [2] enp3s0
-- [1] enp3s0
-- [0] enp3s0
-- [4] enp3s0
--------------------------------------------------
Packet Statistics
--------------------------------------------------
daq
                 received: 14594408
                 analyzed: 14594408
                  dropped: 48984
                    allow: 14594408
                     idle: 458
                 rx_bytes: 19565523743
--------------------------------------------------
codec
                    total: 14594408    	(100.000%)
                      arp: 30          	(  0.000%)
                      eth: 14594408    	(100.000%)
                    icmp4: 46          	(  0.000%)
                 icmp4_ip: 46          	(  0.000%)
                     ipv4: 14594378    	(100.000%)
                      tcp: 14594220    	( 99.999%)
                      udp: 112         	(  0.001%)
--------------------------------------------------
Module Statistics
--------------------------------------------------
ac_bnfa
                 searches: 14594217
                  matches: 19458924
                    bytes: 18777420193
--------------------------------------------------
ac_full
                 searches: 51
                    bytes: 1989
--------------------------------------------------
appid
                  packets: 14594378
        processed_packets: 158
          ignored_packets: 14594220
           total_sessions: 62
       service_cache_adds: 14
             bytes_in_use: 2352
             items_in_use: 14
--------------------------------------------------
arp_spoof
                  packets: 30
--------------------------------------------------
back_orifice
                  packets: 112
--------------------------------------------------
binder
              raw_packets: 14594250
                new_flows: 62
                 inspects: 14594312
--------------------------------------------------
detection
                 analyzed: 14594408
               hard_evals: 29189720
             raw_searches: 14594217
             pkt_searches: 14594217
                   alerts: 19449180
             total_alerts: 19449180
                   logged: 19449180
--------------------------------------------------
dns
                  packets: 112
                 requests: 112
             dns_over_udp: 112
--------------------------------------------------
ips_actions
                    alert: 19449180
--------------------------------------------------
port_scan
                  packets: 14594378
                 trackers: 386
--------------------------------------------------
search_engine
               max_queued: 2
            total_flushed: 19458924
            total_inserts: 19458924
             total_unique: 19458924
     non_qualified_events: 29199464
         qualified_events: 19449180
--------------------------------------------------
stream
                    flows: 62
 no_flow_no_proto_handler: 14594220
--------------------------------------------------
stream_icmp
                 sessions: 11
                      max: 2
                  created: 11
                 released: 11
--------------------------------------------------
stream_udp
                 sessions: 51
                      max: 14
                  created: 51
                 released: 51
              total_bytes: 4368
--------------------------------------------------
Appid Statistics
--------------------------------------------------
detected apps and services
              Application: Services   Clients    Users      Payloads   Misc       Referred  
                  unknown: 11         51         0          0          0          0         
--------------------------------------------------
Summary Statistics
--------------------------------------------------
process
                  signals: 1
--------------------------------------------------
timing
                  runtime: 00:01:26
                  seconds: 86.929083
                 pkts/sec: 167889
                Mbits/sec: 1801
o")~   Snort exiting
