--------------------------------------------------
o")~   Snort++ 3.10.2.0
--------------------------------------------------
Loading /home/cloudstack/raphael/snort3/etc/snort/snort.lua:
Loading snort_defaults.lua:
Finished snort_defaults.lua:
	trace
	references
	netflow
	classifications
	binder
	wizard
	appid
	js_norm
	http2_inspect
	http_inspect
	ftp_data
	ftp_client
	ftp_server
	smtp
	port_scan
	gtp_inspect
	dce_http_server
	dce_http_proxy
	dce_udp
	dce_tcp
	dce_smb
	s7commplus
	opcua
	modbus
	mms
	iec104
	dnp3
	cip
	telnet
	ssl
	ssh
	sip
	rpc_decode
	pop
	normalizer
	ips
	imap
	dns
	back_orifice
	arp_spoof
	stream_file
	stream_user
	stream_udp
	stream_icmp
	active
	alerts
	daq
	decode
	host_cache
	host_tracker
	hosts
	network
	packets
	process
	search_engine
	so_proxy
	output
	stream
	stream_ip
Finished /home/cloudstack/raphael/snort3/etc/snort/snort.lua:
Loading rule args:
Loading /home/cloudstack/raphael/snort3/rules/oi.rules:
Finished /home/cloudstack/raphael/snort3/rules/oi.rules:
Finished rule args:
--------------------------------------------------
pcre counts
               pcre_rules: 2
              pcre_native: 2
--------------------------------------------------
ips policies rule stats
              id  loaded  shared enabled    file
               0     186       0     186    /home/cloudstack/raphael/snort3/etc/snort/snort.lua
--------------------------------------------------
rule counts
       total rules loaded: 186
               text rules: 186
            option chains: 186
            chain headers: 72
                 flowbits: 5
     flowbits not checked: 1
         flowbits not set: 2
--------------------------------------------------
port rule counts
             tcp     udp    icmp      ip
     any      19      12      12      12
     src       5       2       0       0
     dst      40      18       0       0
    both       0       3       0       0
   total      64      35      12      12
--------------------------------------------------
service rule counts          to-srv  to-cli
                   dcerpc:       70      12
                     dnp3:        0       6
                      dns:        4       2
                   gopher:        0       1
                     http:        1       0
                    http2:        1       0
                    http3:        1       0
                     imap:        1       0
                   modbus:       21       0
                    mysql:        0       1
              netbios-dgm:        2       2
              netbios-ssn:       40       5
                      sip:        2       0
                     snmp:        8       3
                      ssl:        2       0
                   syslog:        1       0
                     tftp:        1       0
                    total:      155      32
--------------------------------------------------
fast pattern groups
                      dst: 2
                to_server: 3
                to_client: 3
--------------------------------------------------
search engine (ac_bnfa)
                instances: 7
                 patterns: 167
            pattern chars: 1390
               num states: 919
         num match states: 62
             memory scale: KB
             total memory: 38.6475
           pattern memory: 7.87402
        match list memory: 12.3984
        transition memory: 17.5
        fast pattern only: 2
appid: MaxRss diff: 3200
appid: patterns loaded: 300
--------------------------------------------------
afpacket DAQ configured to passive.
Commencing packet processing
Retry queue interval is: 200 ms
Retry queue interval is: 200 ms
Retry queue interval is: 200 ms
++ [0] enp3s0
++ [1] enp3s0
++ [2] enp3s0
** caught int signal
== stopping
-- [1] enp3s0
-- [0] enp3s0
-- [2] enp3s0
--------------------------------------------------
Packet Statistics
--------------------------------------------------
daq
                 received: 8931024
                 analyzed: 8931018
                  dropped: 5712372
                    allow: 8931018
                     idle: 187
                 rx_bytes: 11973083025
--------------------------------------------------
codec
                    total: 8931018     	(100.000%)
                      arp: 26          	(  0.000%)
                      eth: 8931018     	(100.000%)
                    icmp4: 41          	(  0.000%)
                 icmp4_ip: 41          	(  0.000%)
                     ipv4: 8930992     	(100.000%)
                      tcp: 8930849     	( 99.998%)
                      udp: 102         	(  0.001%)
--------------------------------------------------
Module Statistics
--------------------------------------------------
ac_bnfa
                 searches: 8930846
                  matches: 11908555
                    bytes: 11490803068
--------------------------------------------------
ac_full
                 searches: 47
                    bytes: 1833
--------------------------------------------------
appid
                  packets: 8930992
        processed_packets: 143
          ignored_packets: 8930849
           total_sessions: 53
       service_cache_adds: 6
             bytes_in_use: 1008
             items_in_use: 6
--------------------------------------------------
arp_spoof
                  packets: 26
--------------------------------------------------
back_orifice
                  packets: 102
--------------------------------------------------
binder
              raw_packets: 8930875
                new_flows: 53
                 inspects: 8930928
--------------------------------------------------
detection
                 analyzed: 8931018
               hard_evals: 17862567
             raw_searches: 8930846
             pkt_searches: 8930846
                   alerts: 11898711
             total_alerts: 11898711
                   logged: 11898711
--------------------------------------------------
dns
                  packets: 102
                 requests: 102
             dns_over_udp: 102
--------------------------------------------------
ips_actions
                    alert: 11898711
--------------------------------------------------
port_scan
                  packets: 8930992
                 trackers: 171
--------------------------------------------------
search_engine
               max_queued: 2
            total_flushed: 11908555
            total_inserts: 11908555
             total_unique: 11908555
     non_qualified_events: 17872411
         qualified_events: 11898711
--------------------------------------------------
stream
                    flows: 53
 no_flow_no_proto_handler: 8930849
--------------------------------------------------
stream_icmp
                 sessions: 6
                      max: 2
                  created: 6
                 released: 6
--------------------------------------------------
stream_udp
                 sessions: 47
                      max: 17
                  created: 47
                 released: 47
              total_bytes: 3978
--------------------------------------------------
Appid Statistics
--------------------------------------------------
detected apps and services
              Application: Services   Clients    Users      Payloads   Misc       Referred  
                  unknown: 6          47         0          0          0          0         
--------------------------------------------------
Summary Statistics
--------------------------------------------------
process
                  signals: 1
--------------------------------------------------
timing
                  runtime: 00:01:26
                  seconds: 86.595537
                 pkts/sec: 103135
                Mbits/sec: 1106
o")~   Snort exiting
