--------------------------------------------------
o")~   Snort++ 3.10.2.0
--------------------------------------------------
Loading /home/cloudstack/raphael/snort3/etc/snort/snort.lua:
Loading snort_defaults.lua:
Finished snort_defaults.lua:
	output
	active
	alerts
	daq
	decode
	host_cache
	host_tracker
	hosts
	network
	packets
	process
	search_engine
	so_proxy
	stream
	stream_ip
	stream_icmp
	stream_udp
	stream_user
	stream_file
	arp_spoof
	back_orifice
	dns
	imap
	netflow
	normalizer
	pop
	rpc_decode
	sip
	ssh
	ssl
	telnet
	cip
	dnp3
	iec104
	modbus
	opcua
	s7commplus
	dce_smb
	dce_tcp
	dce_udp
	dce_http_proxy
	dce_http_server
	gtp_inspect
	smtp
	ftp_server
	ftp_client
	ftp_data
	http_inspect
	http2_inspect
	trace
	ips
	classifications
	references
	binder
	wizard
	appid
	js_norm
	port_scan
	mms
Finished /home/cloudstack/raphael/snort3/etc/snort/snort.lua:
Loading rule args:
Loading /home/cloudstack/raphael/snort3/rules/oi.rules:
Finished /home/cloudstack/raphael/snort3/rules/oi.rules:
Finished rule args:
--------------------------------------------------
pcre counts
               pcre_rules: 2
              pcre_native: 2
--------------------------------------------------
ips policies rule stats
              id  loaded  shared enabled    file
               0     186       0     186    /home/cloudstack/raphael/snort3/etc/snort/snort.lua
--------------------------------------------------
rule counts
       total rules loaded: 186
               text rules: 186
            option chains: 186
            chain headers: 72
                 flowbits: 5
     flowbits not checked: 1
         flowbits not set: 2
--------------------------------------------------
port rule counts
             tcp     udp    icmp      ip
     any      19      12      12      12
     src       5       2       0       0
     dst      40      18       0       0
    both       0       3       0       0
   total      64      35      12      12
--------------------------------------------------
service rule counts          to-srv  to-cli
                   dcerpc:       70      12
                     dnp3:        0       6
                      dns:        4       2
                   gopher:        0       1
                     http:        1       0
                    http2:        1       0
                    http3:        1       0
                     imap:        1       0
                   modbus:       21       0
                    mysql:        0       1
              netbios-dgm:        2       2
              netbios-ssn:       40       5
                      sip:        2       0
                     snmp:        8       3
                      ssl:        2       0
                   syslog:        1       0
                     tftp:        1       0
                    total:      155      32
--------------------------------------------------
fast pattern groups
                      dst: 2
                to_server: 3
                to_client: 3
--------------------------------------------------
search engine (ac_bnfa)
                instances: 7
                 patterns: 167
            pattern chars: 1390
               num states: 919
         num match states: 62
             memory scale: KB
             total memory: 38.6475
           pattern memory: 7.87402
        match list memory: 12.3984
        transition memory: 17.5
        fast pattern only: 2
appid: MaxRss diff: 2944
appid: patterns loaded: 300
--------------------------------------------------
afpacket DAQ configured to passive.
Commencing packet processing
Retry queue interval is: 200 ms
Retry queue interval is: 200 ms
++ [0] enp3s0
++ [1] enp3s0
** caught int signal
== stopping
-- [0] enp3s0
-- [1] enp3s0
--------------------------------------------------
Packet Statistics
--------------------------------------------------
daq
                 received: 6011345
                 analyzed: 6011345
                  dropped: 8632029
                    allow: 6011345
                     idle: 120
                 rx_bytes: 8058646518
--------------------------------------------------
codec
                    total: 6011345     	(100.000%)
                      arp: 20          	(  0.000%)
                      eth: 6011345     	(100.000%)
                    icmp4: 36          	(  0.001%)
                 icmp4_ip: 36          	(  0.001%)
                     ipv4: 6011325     	(100.000%)
                      tcp: 6011199     	( 99.998%)
                      udp: 90          	(  0.001%)
--------------------------------------------------
Module Statistics
--------------------------------------------------
ac_bnfa
                 searches: 6011196
                  matches: 8015609
                    bytes: 7734029484
--------------------------------------------------
ac_full
                 searches: 42
                    bytes: 1638
--------------------------------------------------
appid
                  packets: 6011325
        processed_packets: 126
          ignored_packets: 6011199
           total_sessions: 46
       service_cache_adds: 4
             bytes_in_use: 672
             items_in_use: 4
--------------------------------------------------
arp_spoof
                  packets: 20
--------------------------------------------------
back_orifice
                  packets: 90
--------------------------------------------------
binder
              raw_packets: 6011219
                new_flows: 46
                 inspects: 6011265
--------------------------------------------------
detection
                 analyzed: 6011345
               hard_evals: 12023172
             raw_searches: 6011196
             pkt_searches: 6011196
                   alerts: 8005865
             total_alerts: 8005865
                   logged: 8005865
--------------------------------------------------
dns
                  packets: 90
                 requests: 90
             dns_over_udp: 90
--------------------------------------------------
ips_actions
                    alert: 8005865
--------------------------------------------------
port_scan
                  packets: 6011325
                 trackers: 117
--------------------------------------------------
search_engine
               max_queued: 2
            total_flushed: 8015609
            total_inserts: 8015609
             total_unique: 8015609
     non_qualified_events: 12032916
         qualified_events: 8005865
--------------------------------------------------
stream
                    flows: 46
 no_flow_no_proto_handler: 6011199
--------------------------------------------------
stream_icmp
                 sessions: 4
                      max: 2
                  created: 4
                 released: 4
--------------------------------------------------
stream_udp
                 sessions: 42
                      max: 25
                  created: 42
                 released: 42
              total_bytes: 3510
--------------------------------------------------
Appid Statistics
--------------------------------------------------
detected apps and services
              Application: Services   Clients    Users      Payloads   Misc       Referred  
                  unknown: 4          42         0          0          0          0         
--------------------------------------------------
Summary Statistics
--------------------------------------------------
process
                  signals: 1
--------------------------------------------------
timing
                  runtime: 00:01:27
                  seconds: 87.038011
                 pkts/sec: 69066
                Mbits/sec: 741
o")~   Snort exiting
