--------------------------------------------------
o")~   Snort++ 3.10.2.0
--------------------------------------------------
Loading /home/cloudstack/raphael/snort3/etc/snort/snort.lua:
Loading snort_defaults.lua:
Finished snort_defaults.lua:
	active
	alerts
	daq
	decode
	host_tracker
	network
	packets
	process
	search_engine
	so_proxy
	stream
	stream_ip
	output
	ips
	binder
	wizard
	js_norm
	http2_inspect
	http_inspect
	ftp_data
	ftp_client
	ftp_server
	smtp
	port_scan
	dce_http_server
	dce_tcp
	dce_smb
	s7commplus
	opcua
	mms
	stream_icmp
	dnp3
	stream_file
	arp_spoof
	dns
	netflow
	sip
	rpc_decode
	pop
	stream_udp
	stream_user
	back_orifice
	imap
	normalizer
	ssh
	ssl
	telnet
	cip
	iec104
	modbus
	dce_udp
	dce_http_proxy
	gtp_inspect
	appid
	hosts
	host_cache
	trace
	references
	classifications
Finished /home/cloudstack/raphael/snort3/etc/snort/snort.lua:
Loading rule args:
Loading /home/cloudstack/raphael/snort3/rules/oi.rules:
Finished /home/cloudstack/raphael/snort3/rules/oi.rules:
Finished rule args:
--------------------------------------------------
pcre counts
               pcre_rules: 2
              pcre_native: 2
--------------------------------------------------
ips policies rule stats
              id  loaded  shared enabled    file
               0     186       0     186    /home/cloudstack/raphael/snort3/etc/snort/snort.lua
--------------------------------------------------
rule counts
       total rules loaded: 186
               text rules: 186
            option chains: 186
            chain headers: 72
                 flowbits: 5
     flowbits not checked: 1
         flowbits not set: 2
--------------------------------------------------
port rule counts
             tcp     udp    icmp      ip
     any      19      12      12      12
     src       5       2       0       0
     dst      40      18       0       0
    both       0       3       0       0
   total      64      35      12      12
--------------------------------------------------
service rule counts          to-srv  to-cli
                   dcerpc:       70      12
                     dnp3:        0       6
                      dns:        4       2
                   gopher:        0       1
                     http:        1       0
                    http2:        1       0
                    http3:        1       0
                     imap:        1       0
                   modbus:       21       0
                    mysql:        0       1
              netbios-dgm:        2       2
              netbios-ssn:       40       5
                      sip:        2       0
                     snmp:        8       3
                      ssl:        2       0
                   syslog:        1       0
                     tftp:        1       0
                    total:      155      32
--------------------------------------------------
fast pattern groups
                      dst: 2
                to_server: 3
                to_client: 3
--------------------------------------------------
search engine (ac_bnfa)
                instances: 7
                 patterns: 167
            pattern chars: 1390
               num states: 919
         num match states: 62
             memory scale: KB
             total memory: 38.6475
           pattern memory: 7.87402
        match list memory: 12.3984
        transition memory: 17.5
        fast pattern only: 2
appid: MaxRss diff: 2816
appid: patterns loaded: 300
--------------------------------------------------
afpacket DAQ configured to passive.
Commencing packet processing
Retry queue interval is: 200 ms
++ [0] enp3s0
** caught int signal
== stopping
-- [0] enp3s0
--------------------------------------------------
Packet Statistics
--------------------------------------------------
daq
                 received: 3348222
                 analyzed: 3348222
                  dropped: 11295160
                    allow: 3348222
                     idle: 50
                 rx_bytes: 4488718182
--------------------------------------------------
codec
                    total: 3348222     	(100.000%)
                      arp: 24          	(  0.001%)
                      eth: 3348222     	(100.000%)
                    icmp4: 44          	(  0.001%)
                 icmp4_ip: 34          	(  0.001%)
                     ipv4: 3348198     	( 99.999%)
                      tcp: 3348068     	( 99.995%)
                      udp: 86          	(  0.003%)
--------------------------------------------------
Module Statistics
--------------------------------------------------
ac_bnfa
                 searches: 3348065
                  matches: 4463943
                    bytes: 4307909580
--------------------------------------------------
ac_full
                 searches: 39
                    bytes: 1521
--------------------------------------------------
appid
                  packets: 3348198
        processed_packets: 130
          ignored_packets: 3348068
           total_sessions: 42
       service_cache_adds: 2
             bytes_in_use: 336
             items_in_use: 2
--------------------------------------------------
arp_spoof
                  packets: 24
--------------------------------------------------
back_orifice
                  packets: 86
--------------------------------------------------
binder
              raw_packets: 3348092
                new_flows: 42
                 inspects: 3348134
--------------------------------------------------
detection
                 analyzed: 3348222
               hard_evals: 6696636
             raw_searches: 3348065
             pkt_searches: 3348065
                   alerts: 4454199
             total_alerts: 4454199
                   logged: 4454199
--------------------------------------------------
dns
                  packets: 86
                 requests: 86
             dns_over_udp: 86
--------------------------------------------------
ips_actions
                    alert: 4454199
--------------------------------------------------
port_scan
                  packets: 3348198
                 trackers: 61
--------------------------------------------------
search_engine
               max_queued: 2
            total_flushed: 4463943
            total_inserts: 4463943
             total_unique: 4463943
     non_qualified_events: 6706380
         qualified_events: 4454199
--------------------------------------------------
stream
                    flows: 42
 no_flow_no_proto_handler: 3348068
--------------------------------------------------
stream_icmp
                 sessions: 3
                      max: 3
                  created: 3
                 released: 3
--------------------------------------------------
stream_udp
                 sessions: 39
                      max: 39
                  created: 39
                 released: 39
              total_bytes: 3354
--------------------------------------------------
Appid Statistics
--------------------------------------------------
detected apps and services
              Application: Services   Clients    Users      Payloads   Misc       Referred  
                  unknown: 3          39         0          0          0          0         
--------------------------------------------------
Summary Statistics
--------------------------------------------------
process
                  signals: 1
--------------------------------------------------
timing
                  runtime: 00:01:27
                  seconds: 87.284795
                 pkts/sec: 38360
                Mbits/sec: 411
o")~   Snort exiting
