--------------------------------------------------
o")~   Snort++ 3.10.2.0
--------------------------------------------------
Loading /home/cloudstack/raphael/snort3/etc/snort/snort.lua:
Loading snort_defaults.lua:
Finished snort_defaults.lua:
	references
	classifications
	output
	stream_user
	ssl
	network
	js_norm
	host_tracker
	ftp_client
	gtp_inspect
	dce_http_server
	dce_http_proxy
	dce_udp
	dce_tcp
	dce_smb
	s7commplus
	opcua
	modbus
	mms
	iec104
	dnp3
	cip
	telnet
	ips
	ssh
	sip
	rpc_decode
	pop
	normalizer
	netflow
	imap
	dns
	back_orifice
	arp_spoof
	stream_file
	stream_udp
	stream_icmp
	stream_ip
	stream
	trace
	active
	alerts
	daq
	decode
	host_cache
	hosts
	packets
	process
	search_engine
	so_proxy
	port_scan
	smtp
	ftp_server
	ftp_data
	http_inspect
	http2_inspect
	appid
	wizard
	binder
Finished /home/cloudstack/raphael/snort3/etc/snort/snort.lua:
Loading rule args:
Loading /home/cloudstack/raphael/snort3/rules/oi.rules:
Finished /home/cloudstack/raphael/snort3/rules/oi.rules:
Finished rule args:
--------------------------------------------------
pcre counts
               pcre_rules: 2
              pcre_native: 2
--------------------------------------------------
ips policies rule stats
              id  loaded  shared enabled    file
               0     186       0     186    /home/cloudstack/raphael/snort3/etc/snort/snort.lua
--------------------------------------------------
rule counts
       total rules loaded: 186
               text rules: 186
            option chains: 186
            chain headers: 72
                 flowbits: 5
     flowbits not checked: 1
         flowbits not set: 2
--------------------------------------------------
port rule counts
             tcp     udp    icmp      ip
     any      19      12      12      12
     src       5       2       0       0
     dst      40      18       0       0
    both       0       3       0       0
   total      64      35      12      12
--------------------------------------------------
service rule counts          to-srv  to-cli
                   dcerpc:       70      12
                     dnp3:        0       6
                      dns:        4       2
                   gopher:        0       1
                     http:        1       0
                    http2:        1       0
                    http3:        1       0
                     imap:        1       0
                   modbus:       21       0
                    mysql:        0       1
              netbios-dgm:        2       2
              netbios-ssn:       40       5
                      sip:        2       0
                     snmp:        8       3
                      ssl:        2       0
                   syslog:        1       0
                     tftp:        1       0
                    total:      155      32
--------------------------------------------------
fast pattern groups
                      dst: 2
                to_server: 3
                to_client: 3
--------------------------------------------------
search engine (ac_bnfa)
                instances: 7
                 patterns: 167
            pattern chars: 1390
               num states: 919
         num match states: 62
             memory scale: KB
             total memory: 38.6475
           pattern memory: 7.87402
        match list memory: 12.3984
        transition memory: 17.5
        fast pattern only: 2
appid: MaxRss diff: 2816
appid: patterns loaded: 300
--------------------------------------------------
afpacket DAQ configured to passive.
Commencing packet processing
Retry queue interval is: 200 ms
++ [0] enp3s0
** caught int signal
== stopping
-- [0] enp3s0
--------------------------------------------------
Packet Statistics
--------------------------------------------------
daq
                 received: 3283331
                 analyzed: 3283331
                  dropped: 11360065
                    allow: 3283331
                     idle: 53
                 rx_bytes: 4401504241
--------------------------------------------------
codec
                    total: 3283331     	(100.000%)
                      arp: 28          	(  0.001%)
                      eth: 3283331     	(100.000%)
                    icmp4: 46          	(  0.001%)
                 icmp4_ip: 36          	(  0.001%)
                     ipv4: 3283303     	( 99.999%)
                      tcp: 3283175     	( 99.995%)
                      udp: 82          	(  0.002%)
--------------------------------------------------
Module Statistics
--------------------------------------------------
ac_bnfa
                 searches: 3283172
                  matches: 4377893
                    bytes: 4224199763
--------------------------------------------------
ac_full
                 searches: 38
                    bytes: 1482
--------------------------------------------------
appid
                  packets: 3283303
        processed_packets: 128
          ignored_packets: 3283175
           total_sessions: 41
       service_cache_adds: 2
             bytes_in_use: 336
             items_in_use: 2
--------------------------------------------------
arp_spoof
                  packets: 28
--------------------------------------------------
back_orifice
                  packets: 82
--------------------------------------------------
binder
              raw_packets: 3283203
                new_flows: 41
                 inspects: 3283244
--------------------------------------------------
detection
                 analyzed: 3283331
               hard_evals: 6566895
             raw_searches: 3283172
             pkt_searches: 3283172
                   alerts: 4368149
             total_alerts: 4368149
                   logged: 4368149
--------------------------------------------------
dns
                  packets: 82
                 requests: 82
             dns_over_udp: 82
--------------------------------------------------
ips_actions
                    alert: 4368149
--------------------------------------------------
port_scan
                  packets: 3283303
                 trackers: 61
--------------------------------------------------
search_engine
               max_queued: 2
            total_flushed: 4377893
            total_inserts: 4377893
             total_unique: 4377893
     non_qualified_events: 6576639
         qualified_events: 4368149
--------------------------------------------------
stream
                    flows: 41
 no_flow_no_proto_handler: 3283175
--------------------------------------------------
stream_icmp
                 sessions: 3
                      max: 3
                  created: 3
                 released: 3
--------------------------------------------------
stream_udp
                 sessions: 38
                      max: 38
                  created: 38
                 released: 38
              total_bytes: 3198
--------------------------------------------------
Appid Statistics
--------------------------------------------------
detected apps and services
              Application: Services   Clients    Users      Payloads   Misc       Referred  
                  unknown: 3          38         0          0          0          0         
--------------------------------------------------
Summary Statistics
--------------------------------------------------
process
                  signals: 1
--------------------------------------------------
timing
                  runtime: 00:01:26
                  seconds: 86.963652
                 pkts/sec: 37755
                Mbits/sec: 405
o")~   Snort exiting
