--------------------------------------------------
o")~   Snort++ 3.10.2.0
--------------------------------------------------
Loading /home/cloudstack/raphael/snort3/etc/snort/snort.lua:
Loading snort_defaults.lua:
Finished snort_defaults.lua:
	so_proxy
	trace
	stream_icmp
	port_scan
	smtp
	ftp_data
	http2_inspect
	js_norm
	ips
	binder
	wizard
	appid
	http_inspect
	ftp_client
	ftp_server
	gtp_inspect
	dce_http_server
	dce_http_proxy
	dce_udp
	dce_tcp
	dce_smb
	s7commplus
	opcua
	modbus
	mms
	iec104
	dnp3
	cip
	telnet
	ssl
	ssh
	sip
	rpc_decode
	pop
	normalizer
	netflow
	imap
	dns
	back_orifice
	arp_spoof
	stream_file
	stream_user
	stream_udp
	output
	stream_ip
	stream
	decode
	host_cache
	host_tracker
	packets
	daq
	alerts
	active
	network
	search_engine
	references
	classifications
	hosts
	process
Finished /home/cloudstack/raphael/snort3/etc/snort/snort.lua:
Loading rule args:
Loading /home/cloudstack/raphael/snort3/rules/oi.rules:
Finished /home/cloudstack/raphael/snort3/rules/oi.rules:
Finished rule args:
--------------------------------------------------
pcre counts
               pcre_rules: 2
              pcre_native: 2
--------------------------------------------------
ips policies rule stats
              id  loaded  shared enabled    file
               0     186       0     186    /home/cloudstack/raphael/snort3/etc/snort/snort.lua
--------------------------------------------------
rule counts
       total rules loaded: 186
               text rules: 186
            option chains: 186
            chain headers: 72
                 flowbits: 5
     flowbits not checked: 1
         flowbits not set: 2
--------------------------------------------------
port rule counts
             tcp     udp    icmp      ip
     any      19      12      12      12
     src       5       2       0       0
     dst      40      18       0       0
    both       0       3       0       0
   total      64      35      12      12
--------------------------------------------------
service rule counts          to-srv  to-cli
                   dcerpc:       70      12
                     dnp3:        0       6
                      dns:        4       2
                   gopher:        0       1
                     http:        1       0
                    http2:        1       0
                    http3:        1       0
                     imap:        1       0
                   modbus:       21       0
                    mysql:        0       1
              netbios-dgm:        2       2
              netbios-ssn:       40       5
                      sip:        2       0
                     snmp:        8       3
                      ssl:        2       0
                   syslog:        1       0
                     tftp:        1       0
                    total:      155      32
--------------------------------------------------
fast pattern groups
                      dst: 2
                to_server: 3
                to_client: 3
--------------------------------------------------
search engine (ac_bnfa)
                instances: 7
                 patterns: 167
            pattern chars: 1390
               num states: 919
         num match states: 62
             memory scale: KB
             total memory: 38.6475
           pattern memory: 7.87402
        match list memory: 12.3984
        transition memory: 17.5
        fast pattern only: 2
appid: MaxRss diff: 3584
appid: patterns loaded: 300
--------------------------------------------------
afpacket DAQ configured to passive.
Commencing packet processing
Retry queue interval is: 200 ms
Retry queue interval is: 200 ms
Retry queue interval is: 200 ms
Retry queue interval is: 200 ms
Retry queue interval is: 200 ms
++ [0] enp3s0
++ [1] enp3s0
++ [2] enp3s0
++ [3] enp3s0
++ [4] enp3s0
** caught int signal
== stopping
-- [3] enp3s0
-- [2] enp3s0
-- [4] enp3s0
-- [0] enp3s0
-- [1] enp3s0
--------------------------------------------------
Packet Statistics
--------------------------------------------------
daq
                 received: 13762513
                 analyzed: 13762507
                  dropped: 880897
                    allow: 13762507
                     idle: 316
                 rx_bytes: 18450325402
--------------------------------------------------
codec
                    total: 13762507    	(100.000%)
                      arp: 32          	(  0.000%)
                      eth: 13762507    	(100.000%)
                    icmp4: 56          	(  0.000%)
                 icmp4_ip: 46          	(  0.000%)
                     ipv4: 13762475    	(100.000%)
                      tcp: 13762307    	( 99.999%)
                      udp: 112         	(  0.001%)
--------------------------------------------------
Module Statistics
--------------------------------------------------
ac_bnfa
                 searches: 13762304
                  matches: 18349550
                    bytes: 17707144072
--------------------------------------------------
ac_full
                 searches: 51
                    bytes: 1989
--------------------------------------------------
appid
                  packets: 13762475
        processed_packets: 168
          ignored_packets: 13762307
           total_sessions: 62
       service_cache_adds: 10
             bytes_in_use: 1680
             items_in_use: 10
--------------------------------------------------
arp_spoof
                  packets: 32
--------------------------------------------------
back_orifice
                  packets: 112
--------------------------------------------------
binder
              raw_packets: 13762339
                new_flows: 62
                 inspects: 13762401
--------------------------------------------------
detection
                 analyzed: 13762507
               hard_evals: 27525904
             raw_searches: 13762304
             pkt_searches: 13762304
                   alerts: 18339806
             total_alerts: 18339806
                   logged: 18339806
--------------------------------------------------
dns
                  packets: 112
                 requests: 112
             dns_over_udp: 112
--------------------------------------------------
ips_actions
                    alert: 18339806
--------------------------------------------------
port_scan
                  packets: 13762475
                 trackers: 282
--------------------------------------------------
search_engine
               max_queued: 2
            total_flushed: 18349550
            total_inserts: 18349550
             total_unique: 18349550
     non_qualified_events: 27535648
         qualified_events: 18339806
--------------------------------------------------
stream
                    flows: 62
 no_flow_no_proto_handler: 13762307
--------------------------------------------------
stream_icmp
                 sessions: 11
                      max: 3
                  created: 11
                 released: 11
--------------------------------------------------
stream_udp
                 sessions: 51
                      max: 12
                  created: 51
                 released: 51
              total_bytes: 4368
--------------------------------------------------
Appid Statistics
--------------------------------------------------
detected apps and services
              Application: Services   Clients    Users      Payloads   Misc       Referred  
                  unknown: 11         51         0          0          0          0         
--------------------------------------------------
Summary Statistics
--------------------------------------------------
process
                  signals: 1
--------------------------------------------------
timing
                  runtime: 00:01:26
                  seconds: 86.930588
                 pkts/sec: 158316
                Mbits/sec: 1698
o")~   Snort exiting
