--------------------------------------------------
o")~   Snort++ 3.10.2.0
--------------------------------------------------
Loading /home/cloudstack/raphael/snort3/etc/snort/snort.lua:
Loading snort_defaults.lua:
Finished snort_defaults.lua:
	classifications
	references
	binder
	wizard
	modbus
	opcua
	s7commplus
	dce_smb
	dce_tcp
	ftp_client
	dce_udp
	dce_http_proxy
	dce_http_server
	gtp_inspect
	trace
	decode
	host_cache
	host_tracker
	hosts
	network
	packets
	process
	search_engine
	port_scan
	smtp
	ftp_server
	ftp_data
	http_inspect
	http2_inspect
	js_norm
	appid
	mms
	iec104
	dnp3
	cip
	telnet
	ssl
	sip
	rpc_decode
	normalizer
	netflow
	stream
	dns
	back_orifice
	stream_ip
	stream_icmp
	stream_udp
	stream_user
	stream_file
	arp_spoof
	output
	imap
	pop
	ssh
	ips
	daq
	active
	so_proxy
	alerts
Finished /home/cloudstack/raphael/snort3/etc/snort/snort.lua:
Loading rule args:
Loading /home/cloudstack/raphael/snort3/rules/oi.rules:
Finished /home/cloudstack/raphael/snort3/rules/oi.rules:
Finished rule args:
--------------------------------------------------
pcre counts
               pcre_rules: 2
              pcre_native: 2
--------------------------------------------------
ips policies rule stats
              id  loaded  shared enabled    file
               0     186       0     186    /home/cloudstack/raphael/snort3/etc/snort/snort.lua
--------------------------------------------------
rule counts
       total rules loaded: 186
               text rules: 186
            option chains: 186
            chain headers: 72
                 flowbits: 5
     flowbits not checked: 1
         flowbits not set: 2
--------------------------------------------------
port rule counts
             tcp     udp    icmp      ip
     any      19      12      12      12
     src       5       2       0       0
     dst      40      18       0       0
    both       0       3       0       0
   total      64      35      12      12
--------------------------------------------------
service rule counts          to-srv  to-cli
                   dcerpc:       70      12
                     dnp3:        0       6
                      dns:        4       2
                   gopher:        0       1
                     http:        1       0
                    http2:        1       0
                    http3:        1       0
                     imap:        1       0
                   modbus:       21       0
                    mysql:        0       1
              netbios-dgm:        2       2
              netbios-ssn:       40       5
                      sip:        2       0
                     snmp:        8       3
                      ssl:        2       0
                   syslog:        1       0
                     tftp:        1       0
                    total:      155      32
--------------------------------------------------
fast pattern groups
                      dst: 2
                to_server: 3
                to_client: 3
--------------------------------------------------
search engine (ac_bnfa)
                instances: 7
                 patterns: 167
            pattern chars: 1390
               num states: 919
         num match states: 62
             memory scale: KB
             total memory: 38.6475
           pattern memory: 7.87402
        match list memory: 12.3984
        transition memory: 17.5
        fast pattern only: 2
appid: MaxRss diff: 2944
appid: patterns loaded: 300
--------------------------------------------------
afpacket DAQ configured to passive.
Commencing packet processing
Retry queue interval is: 200 ms
++ [0] enp3s0
** caught int signal
== stopping
-- [0] enp3s0
--------------------------------------------------
Packet Statistics
--------------------------------------------------
daq
                 received: 11939618
                 analyzed: 11939618
                  dropped: 2703583
                    allow: 11939618
                     idle: 69
                 rx_bytes: 680558510
--------------------------------------------------
codec
                    total: 11939618    	(100.000%)
                      eth: 11939618    	(100.000%)
                     ipv4: 11939618    	(100.000%)
                      tcp: 11939617    	(100.000%)
                      udp: 1           	(  0.000%)
--------------------------------------------------
Module Statistics
--------------------------------------------------
ac_bnfa
                 searches: 11939617
                  matches: 7959508
                    bytes: 35818851
--------------------------------------------------
ac_full
                 searches: 2
                  matches: 221
                    bytes: 598
--------------------------------------------------
appid
                  packets: 11939618
        processed_packets: 1
          ignored_packets: 11939617
           total_sessions: 1
       service_cache_adds: 1
             bytes_in_use: 168
             items_in_use: 1
--------------------------------------------------
back_orifice
                  packets: 1
--------------------------------------------------
binder
              raw_packets: 11939617
                new_flows: 1
                 inspects: 11939618
--------------------------------------------------
detection
                 analyzed: 11939618
               hard_evals: 23879973
             raw_searches: 11939617
             pkt_searches: 11939617
                   alerts: 7949764
             total_alerts: 7949764
                   logged: 7949764
--------------------------------------------------
ips_actions
                    alert: 7949764
--------------------------------------------------
port_scan
                  packets: 11939618
                 trackers: 51
--------------------------------------------------
search_engine
               max_queued: 1
            total_flushed: 7959508
            total_inserts: 7959508
             total_unique: 7959508
     non_qualified_events: 23889717
         qualified_events: 7949764
--------------------------------------------------
stream
                    flows: 1
 no_flow_no_proto_handler: 11939617
--------------------------------------------------
stream_udp
                 sessions: 1
                      max: 1
                  created: 1
                 released: 1
              total_bytes: 299
--------------------------------------------------
wizard
                udp_scans: 1
               udp_misses: 1
--------------------------------------------------
Summary Statistics
--------------------------------------------------
process
                  signals: 1
--------------------------------------------------
timing
                  runtime: 00:01:26
                  seconds: 86.127969
                 pkts/sec: 138626
                Mbits/sec: 63
o")~   Snort exiting
