--------------------------------------------------
o")~   Snort++ 3.10.2.0
--------------------------------------------------
Loading /home/cloudstack/raphael/snort3/etc/snort/snort.lua:
Loading snort_defaults.lua:
Finished snort_defaults.lua:
	output
	ips
	classifications
	binder
	wizard
	appid
	js_norm
	http2_inspect
	http_inspect
	ftp_data
	ftp_client
	ftp_server
	smtp
	port_scan
	gtp_inspect
	dce_http_server
	dce_http_proxy
	dce_tcp
	s7commplus
	references
	mms
	iec104
	dnp3
	cip
	telnet
	ssl
	ssh
	rpc_decode
	hosts
	network
	packets
	process
	search_engine
	so_proxy
	stream_ip
	stream
	stream_icmp
	stream_udp
	stream_user
	stream_file
	arp_spoof
	back_orifice
	dns
	imap
	netflow
	normalizer
	pop
	sip
	active
	alerts
	daq
	decode
	host_cache
	modbus
	opcua
	trace
	dce_smb
	dce_udp
	host_tracker
Finished /home/cloudstack/raphael/snort3/etc/snort/snort.lua:
Loading rule args:
Loading /home/cloudstack/raphael/snort3/rules/oi.rules:
Finished /home/cloudstack/raphael/snort3/rules/oi.rules:
Finished rule args:
--------------------------------------------------
pcre counts
               pcre_rules: 2
              pcre_native: 2
--------------------------------------------------
ips policies rule stats
              id  loaded  shared enabled    file
               0     186       0     186    /home/cloudstack/raphael/snort3/etc/snort/snort.lua
--------------------------------------------------
rule counts
       total rules loaded: 186
               text rules: 186
            option chains: 186
            chain headers: 72
                 flowbits: 5
     flowbits not checked: 1
         flowbits not set: 2
--------------------------------------------------
port rule counts
             tcp     udp    icmp      ip
     any      19      12      12      12
     src       5       2       0       0
     dst      40      18       0       0
    both       0       3       0       0
   total      64      35      12      12
--------------------------------------------------
service rule counts          to-srv  to-cli
                   dcerpc:       70      12
                     dnp3:        0       6
                      dns:        4       2
                   gopher:        0       1
                     http:        1       0
                    http2:        1       0
                    http3:        1       0
                     imap:        1       0
                   modbus:       21       0
                    mysql:        0       1
              netbios-dgm:        2       2
              netbios-ssn:       40       5
                      sip:        2       0
                     snmp:        8       3
                      ssl:        2       0
                   syslog:        1       0
                     tftp:        1       0
                    total:      155      32
--------------------------------------------------
fast pattern groups
                      dst: 2
                to_server: 3
                to_client: 3
--------------------------------------------------
search engine (ac_bnfa)
                instances: 7
                 patterns: 167
            pattern chars: 1390
               num states: 919
         num match states: 62
             memory scale: KB
             total memory: 38.6475
           pattern memory: 7.87402
        match list memory: 12.3984
        transition memory: 17.5
        fast pattern only: 2
appid: MaxRss diff: 2944
appid: patterns loaded: 300
--------------------------------------------------
afpacket DAQ configured to passive.
Commencing packet processing
Retry queue interval is: 200 ms
++ [0] enp3s0
** caught int signal
== stopping
-- [0] enp3s0
--------------------------------------------------
Packet Statistics
--------------------------------------------------
daq
                 received: 12022429
                 analyzed: 12022429
                  dropped: 2620772
                    allow: 12022429
                     idle: 69
                 rx_bytes: 685278737
--------------------------------------------------
codec
                    total: 12022429    	(100.000%)
                      eth: 12022429    	(100.000%)
                     ipv4: 12022429    	(100.000%)
                      tcp: 12022428    	(100.000%)
                      udp: 1           	(  0.000%)
--------------------------------------------------
Module Statistics
--------------------------------------------------
ac_bnfa
                 searches: 12022428
                  matches: 8015118
                    bytes: 36067284
--------------------------------------------------
ac_full
                 searches: 2
                  matches: 222
                    bytes: 598
--------------------------------------------------
appid
                  packets: 12022429
        processed_packets: 1
          ignored_packets: 12022428
           total_sessions: 1
       service_cache_adds: 1
             bytes_in_use: 168
             items_in_use: 1
--------------------------------------------------
back_orifice
                  packets: 1
--------------------------------------------------
binder
              raw_packets: 12022428
                new_flows: 1
                 inspects: 12022429
--------------------------------------------------
detection
                 analyzed: 12022429
               hard_evals: 24045632
             raw_searches: 12022428
             pkt_searches: 12022428
                   alerts: 8005374
             total_alerts: 8005374
                   logged: 8005374
--------------------------------------------------
ips_actions
                    alert: 8005374
--------------------------------------------------
port_scan
                  packets: 12022429
                 trackers: 51
--------------------------------------------------
search_engine
               max_queued: 1
            total_flushed: 8015118
            total_inserts: 8015118
             total_unique: 8015118
     non_qualified_events: 24055376
         qualified_events: 8005374
--------------------------------------------------
stream
                    flows: 1
 no_flow_no_proto_handler: 12022428
--------------------------------------------------
stream_udp
                 sessions: 1
                      max: 1
                  created: 1
                 released: 1
              total_bytes: 299
--------------------------------------------------
wizard
                udp_scans: 1
               udp_misses: 1
--------------------------------------------------
Summary Statistics
--------------------------------------------------
process
                  signals: 1
--------------------------------------------------
timing
                  runtime: 00:01:26
                  seconds: 86.203169
                 pkts/sec: 139466
                Mbits/sec: 64
o")~   Snort exiting
